{"/home/gnu/brain/components/meta/src/index.ts": {"path":"/home/gnu/brain/components/meta/src/index.ts","all":false,"statementMap":{"0":{"start":{"line":1,"column":0},"end":{"line":1,"column":36}},"1":{"start":{"line":2,"column":0},"end":{"line":2,"column":70}},"2":{"start":{"line":3,"column":0},"end":{"line":3,"column":79}},"3":{"start":{"line":4,"column":0},"end":{"line":4,"column":51}},"4":{"start":{"line":5,"column":0},"end":{"line":5,"column":20}},"5":{"start":{"line":6,"column":0},"end":{"line":6,"column":0}},"6":{"start":{"line":7,"column":0},"end":{"line":7,"column":20}},"7":{"start":{"line":8,"column":0},"end":{"line":8,"column":45}},"8":{"start":{"line":9,"column":0},"end":{"line":9,"column":11}},"9":{"start":{"line":10,"column":0},"end":{"line":10,"column":16}},"10":{"start":{"line":11,"column":0},"end":{"line":11,"column":3}},"11":{"start":{"line":12,"column":0},"end":{"line":12,"column":1}},"12":{"start":{"line":13,"column":0},"end":{"line":13,"column":0}},"13":{"start":{"line":14,"column":0},"end":{"line":14,"column":37}},"14":{"start":{"line":15,"column":0},"end":{"line":15,"column":17}},"15":{"start":{"line":16,"column":0},"end":{"line":16,"column":41}},"16":{"start":{"line":17,"column":0},"end":{"line":17,"column":48}},"17":{"start":{"line":18,"column":0},"end":{"line":18,"column":55}},"18":{"start":{"line":19,"column":0},"end":{"line":19,"column":38}},"19":{"start":{"line":20,"column":0},"end":{"line":20,"column":4}},"20":{"start":{"line":21,"column":0},"end":{"line":21,"column":1}},"21":{"start":{"line":22,"column":0},"end":{"line":22,"column":0}},"22":{"start":{"line":23,"column":0},"end":{"line":23,"column":32}},"23":{"start":{"line":24,"column":0},"end":{"line":24,"column":18}},"24":{"start":{"line":25,"column":0},"end":{"line":25,"column":17}},"25":{"start":{"line":26,"column":0},"end":{"line":26,"column":21}},"26":{"start":{"line":27,"column":0},"end":{"line":27,"column":22}},"27":{"start":{"line":28,"column":0},"end":{"line":28,"column":4}},"28":{"start":{"line":29,"column":0},"end":{"line":29,"column":0}},"29":{"start":{"line":30,"column":0},"end":{"line":30,"column":36}},"30":{"start":{"line":31,"column":0},"end":{"line":31,"column":32}},"31":{"start":{"line":32,"column":0},"end":{"line":32,"column":59}},"32":{"start":{"line":33,"column":0},"end":{"line":33,"column":16}},"33":{"start":{"line":34,"column":0},"end":{"line":34,"column":42}},"34":{"start":{"line":35,"column":0},"end":{"line":35,"column":18}},"35":{"start":{"line":36,"column":0},"end":{"line":36,"column":25}},"36":{"start":{"line":37,"column":0},"end":{"line":37,"column":28}},"37":{"start":{"line":38,"column":0},"end":{"line":38,"column":4}},"38":{"start":{"line":39,"column":0},"end":{"line":39,"column":0}},"39":{"start":{"line":40,"column":0},"end":{"line":40,"column":53}},"40":{"start":{"line":41,"column":0},"end":{"line":41,"column":63}},"41":{"start":{"line":42,"column":0},"end":{"line":42,"column":21}},"42":{"start":{"line":43,"column":0},"end":{"line":43,"column":38}},"43":{"start":{"line":44,"column":0},"end":{"line":44,"column":96}},"44":{"start":{"line":45,"column":0},"end":{"line":45,"column":13}},"45":{"start":{"line":46,"column":0},"end":{"line":46,"column":5}},"46":{"start":{"line":47,"column":0},"end":{"line":47,"column":0}},"47":{"start":{"line":48,"column":0},"end":{"line":48,"column":30}},"48":{"start":{"line":49,"column":0},"end":{"line":49,"column":42}},"49":{"start":{"line":50,"column":0},"end":{"line":50,"column":90}},"50":{"start":{"line":51,"column":0},"end":{"line":51,"column":42}},"51":{"start":{"line":52,"column":0},"end":{"line":52,"column":34}},"52":{"start":{"line":53,"column":0},"end":{"line":53,"column":35}},"53":{"start":{"line":54,"column":0},"end":{"line":54,"column":28}},"54":{"start":{"line":55,"column":0},"end":{"line":55,"column":38}},"55":{"start":{"line":56,"column":0},"end":{"line":56,"column":67}},"56":{"start":{"line":57,"column":0},"end":{"line":57,"column":129}},"57":{"start":{"line":58,"column":0},"end":{"line":58,"column":26}},"58":{"start":{"line":59,"column":0},"end":{"line":59,"column":5}},"59":{"start":{"line":60,"column":0},"end":{"line":60,"column":55}},"60":{"start":{"line":61,"column":0},"end":{"line":61,"column":36}},"61":{"start":{"line":62,"column":0},"end":{"line":62,"column":34}},"62":{"start":{"line":63,"column":0},"end":{"line":63,"column":35}},"63":{"start":{"line":64,"column":0},"end":{"line":64,"column":35}},"64":{"start":{"line":65,"column":0},"end":{"line":65,"column":84}},"65":{"start":{"line":66,"column":0},"end":{"line":66,"column":70}},"66":{"start":{"line":67,"column":0},"end":{"line":67,"column":26}},"67":{"start":{"line":68,"column":0},"end":{"line":68,"column":5}},"68":{"start":{"line":69,"column":0},"end":{"line":69,"column":49}},"69":{"start":{"line":70,"column":0},"end":{"line":70,"column":42}},"70":{"start":{"line":71,"column":0},"end":{"line":71,"column":34}},"71":{"start":{"line":72,"column":0},"end":{"line":72,"column":35}},"72":{"start":{"line":73,"column":0},"end":{"line":73,"column":27}},"73":{"start":{"line":74,"column":0},"end":{"line":74,"column":38}},"74":{"start":{"line":75,"column":0},"end":{"line":75,"column":66}},"75":{"start":{"line":76,"column":0},"end":{"line":76,"column":26}},"76":{"start":{"line":77,"column":0},"end":{"line":77,"column":5}},"77":{"start":{"line":78,"column":0},"end":{"line":78,"column":0}},"78":{"start":{"line":79,"column":0},"end":{"line":79,"column":29}},"79":{"start":{"line":80,"column":0},"end":{"line":80,"column":38}},"80":{"start":{"line":81,"column":0},"end":{"line":81,"column":33}},"81":{"start":{"line":82,"column":0},"end":{"line":82,"column":43}},"82":{"start":{"line":83,"column":0},"end":{"line":83,"column":10}},"83":{"start":{"line":84,"column":0},"end":{"line":84,"column":76}},"84":{"start":{"line":85,"column":0},"end":{"line":85,"column":3}},"85":{"start":{"line":86,"column":0},"end":{"line":86,"column":1}},"86":{"start":{"line":87,"column":0},"end":{"line":87,"column":0}},"87":{"start":{"line":88,"column":0},"end":{"line":88,"column":31}},"88":{"start":{"line":89,"column":0},"end":{"line":89,"column":0}},"89":{"start":{"line":90,"column":0},"end":{"line":90,"column":97}},"90":{"start":{"line":91,"column":0},"end":{"line":91,"column":35}},"91":{"start":{"line":92,"column":0},"end":{"line":92,"column":0}},"92":{"start":{"line":93,"column":0},"end":{"line":93,"column":16}},"93":{"start":{"line":94,"column":0},"end":{"line":94,"column":17}},"94":{"start":{"line":95,"column":0},"end":{"line":95,"column":16}},"95":{"start":{"line":96,"column":0},"end":{"line":96,"column":32}},"96":{"start":{"line":97,"column":0},"end":{"line":97,"column":19}},"97":{"start":{"line":98,"column":0},"end":{"line":98,"column":67}},"98":{"start":{"line":99,"column":0},"end":{"line":99,"column":9}},"99":{"start":{"line":100,"column":0},"end":{"line":100,"column":8}},"100":{"start":{"line":101,"column":0},"end":{"line":101,"column":18}},"101":{"start":{"line":102,"column":0},"end":{"line":102,"column":18}},"102":{"start":{"line":103,"column":0},"end":{"line":103,"column":35}},"103":{"start":{"line":104,"column":0},"end":{"line":104,"column":120}},"104":{"start":{"line":105,"column":0},"end":{"line":105,"column":33}},"105":{"start":{"line":106,"column":0},"end":{"line":106,"column":20}},"106":{"start":{"line":107,"column":0},"end":{"line":107,"column":115}},"107":{"start":{"line":108,"column":0},"end":{"line":108,"column":12}},"108":{"start":{"line":109,"column":0},"end":{"line":109,"column":28}},"109":{"start":{"line":110,"column":0},"end":{"line":110,"column":36}},"110":{"start":{"line":111,"column":0},"end":{"line":111,"column":34}},"111":{"start":{"line":112,"column":0},"end":{"line":112,"column":34}},"112":{"start":{"line":113,"column":0},"end":{"line":113,"column":21}},"113":{"start":{"line":114,"column":0},"end":{"line":114,"column":13}},"114":{"start":{"line":115,"column":0},"end":{"line":115,"column":34}},"115":{"start":{"line":116,"column":0},"end":{"line":116,"column":32}},"116":{"start":{"line":117,"column":0},"end":{"line":117,"column":27}},"117":{"start":{"line":118,"column":0},"end":{"line":118,"column":17}},"118":{"start":{"line":119,"column":0},"end":{"line":119,"column":46}},"119":{"start":{"line":120,"column":0},"end":{"line":120,"column":31}},"120":{"start":{"line":121,"column":0},"end":{"line":121,"column":21}},"121":{"start":{"line":122,"column":0},"end":{"line":122,"column":37}},"122":{"start":{"line":123,"column":0},"end":{"line":123,"column":50}},"123":{"start":{"line":124,"column":0},"end":{"line":124,"column":32}},"124":{"start":{"line":125,"column":0},"end":{"line":125,"column":38}},"125":{"start":{"line":126,"column":0},"end":{"line":126,"column":23}},"126":{"start":{"line":127,"column":0},"end":{"line":127,"column":22}},"127":{"start":{"line":128,"column":0},"end":{"line":128,"column":21}},"128":{"start":{"line":129,"column":0},"end":{"line":129,"column":37}},"129":{"start":{"line":130,"column":0},"end":{"line":130,"column":33}},"130":{"start":{"line":131,"column":0},"end":{"line":131,"column":22}},"131":{"start":{"line":132,"column":0},"end":{"line":132,"column":21}},"132":{"start":{"line":133,"column":0},"end":{"line":133,"column":38}},"133":{"start":{"line":134,"column":0},"end":{"line":134,"column":43}},"134":{"start":{"line":135,"column":0},"end":{"line":135,"column":40}},"135":{"start":{"line":136,"column":0},"end":{"line":136,"column":22}},"136":{"start":{"line":137,"column":0},"end":{"line":137,"column":21}},"137":{"start":{"line":138,"column":0},"end":{"line":138,"column":37}},"138":{"start":{"line":139,"column":0},"end":{"line":139,"column":75}},"139":{"start":{"line":140,"column":0},"end":{"line":140,"column":43}},"140":{"start":{"line":141,"column":0},"end":{"line":141,"column":22}},"141":{"start":{"line":142,"column":0},"end":{"line":142,"column":21}},"142":{"start":{"line":143,"column":0},"end":{"line":143,"column":37}},"143":{"start":{"line":144,"column":0},"end":{"line":144,"column":41}},"144":{"start":{"line":145,"column":0},"end":{"line":145,"column":21}},"145":{"start":{"line":146,"column":0},"end":{"line":146,"column":19}},"146":{"start":{"line":147,"column":0},"end":{"line":147,"column":17}},"147":{"start":{"line":148,"column":0},"end":{"line":148,"column":15}},"148":{"start":{"line":149,"column":0},"end":{"line":149,"column":13}},"149":{"start":{"line":150,"column":0},"end":{"line":150,"column":12}},"150":{"start":{"line":151,"column":0},"end":{"line":151,"column":35}},"151":{"start":{"line":152,"column":0},"end":{"line":152,"column":42}},"152":{"start":{"line":153,"column":0},"end":{"line":153,"column":33}},"153":{"start":{"line":154,"column":0},"end":{"line":154,"column":10}},"154":{"start":{"line":155,"column":0},"end":{"line":155,"column":21}},"155":{"start":{"line":156,"column":0},"end":{"line":156,"column":18}},"156":{"start":{"line":157,"column":0},"end":{"line":157,"column":31}},"157":{"start":{"line":158,"column":0},"end":{"line":158,"column":37}},"158":{"start":{"line":159,"column":0},"end":{"line":159,"column":41}},"159":{"start":{"line":160,"column":0},"end":{"line":160,"column":24}},"160":{"start":{"line":161,"column":0},"end":{"line":161,"column":26}},"161":{"start":{"line":162,"column":0},"end":{"line":162,"column":40}},"162":{"start":{"line":163,"column":0},"end":{"line":163,"column":135}},"163":{"start":{"line":164,"column":0},"end":{"line":164,"column":33}},"164":{"start":{"line":165,"column":0},"end":{"line":165,"column":29}},"165":{"start":{"line":166,"column":0},"end":{"line":166,"column":23}},"166":{"start":{"line":167,"column":0},"end":{"line":167,"column":34}},"167":{"start":{"line":168,"column":0},"end":{"line":168,"column":37}},"168":{"start":{"line":169,"column":0},"end":{"line":169,"column":38}},"169":{"start":{"line":170,"column":0},"end":{"line":170,"column":36}},"170":{"start":{"line":171,"column":0},"end":{"line":171,"column":40}},"171":{"start":{"line":172,"column":0},"end":{"line":172,"column":34}},"172":{"start":{"line":173,"column":0},"end":{"line":173,"column":14}},"173":{"start":{"line":174,"column":0},"end":{"line":174,"column":20}},"174":{"start":{"line":175,"column":0},"end":{"line":175,"column":10485}},"175":{"start":{"line":176,"column":0},"end":{"line":176,"column":14}},"176":{"start":{"line":177,"column":0},"end":{"line":177,"column":21}},"177":{"start":{"line":178,"column":0},"end":{"line":178,"column":25}},"178":{"start":{"line":179,"column":0},"end":{"line":179,"column":42}},"179":{"start":{"line":180,"column":0},"end":{"line":180,"column":23}},"180":{"start":{"line":181,"column":0},"end":{"line":181,"column":17}},"181":{"start":{"line":182,"column":0},"end":{"line":182,"column":27}},"182":{"start":{"line":183,"column":0},"end":{"line":183,"column":33}},"183":{"start":{"line":184,"column":0},"end":{"line":184,"column":20}},"184":{"start":{"line":185,"column":0},"end":{"line":185,"column":29}},"185":{"start":{"line":186,"column":0},"end":{"line":186,"column":39}},"186":{"start":{"line":187,"column":0},"end":{"line":187,"column":20}},"187":{"start":{"line":188,"column":0},"end":{"line":188,"column":31}},"188":{"start":{"line":189,"column":0},"end":{"line":189,"column":30}},"189":{"start":{"line":190,"column":0},"end":{"line":190,"column":20}},"190":{"start":{"line":191,"column":0},"end":{"line":191,"column":30}},"191":{"start":{"line":192,"column":0},"end":{"line":192,"column":71}},"192":{"start":{"line":193,"column":0},"end":{"line":193,"column":20}},"193":{"start":{"line":194,"column":0},"end":{"line":194,"column":25}},"194":{"start":{"line":195,"column":0},"end":{"line":195,"column":601}},"195":{"start":{"line":196,"column":0},"end":{"line":196,"column":19}},"196":{"start":{"line":197,"column":0},"end":{"line":197,"column":18}},"197":{"start":{"line":198,"column":0},"end":{"line":198,"column":17}},"198":{"start":{"line":199,"column":0},"end":{"line":199,"column":31}},"199":{"start":{"line":200,"column":0},"end":{"line":200,"column":27}},"200":{"start":{"line":201,"column":0},"end":{"line":201,"column":20}},"201":{"start":{"line":202,"column":0},"end":{"line":202,"column":30}},"202":{"start":{"line":203,"column":0},"end":{"line":203,"column":71}},"203":{"start":{"line":204,"column":0},"end":{"line":204,"column":20}},"204":{"start":{"line":205,"column":0},"end":{"line":205,"column":25}},"205":{"start":{"line":206,"column":0},"end":{"line":206,"column":499}},"206":{"start":{"line":207,"column":0},"end":{"line":207,"column":19}},"207":{"start":{"line":208,"column":0},"end":{"line":208,"column":18}},"208":{"start":{"line":209,"column":0},"end":{"line":209,"column":17}},"209":{"start":{"line":210,"column":0},"end":{"line":210,"column":31}},"210":{"start":{"line":211,"column":0},"end":{"line":211,"column":30}},"211":{"start":{"line":212,"column":0},"end":{"line":212,"column":20}},"212":{"start":{"line":213,"column":0},"end":{"line":213,"column":30}},"213":{"start":{"line":214,"column":0},"end":{"line":214,"column":71}},"214":{"start":{"line":215,"column":0},"end":{"line":215,"column":20}},"215":{"start":{"line":216,"column":0},"end":{"line":216,"column":25}},"216":{"start":{"line":217,"column":0},"end":{"line":217,"column":139}},"217":{"start":{"line":218,"column":0},"end":{"line":218,"column":19}},"218":{"start":{"line":219,"column":0},"end":{"line":219,"column":18}},"219":{"start":{"line":220,"column":0},"end":{"line":220,"column":17}},"220":{"start":{"line":221,"column":0},"end":{"line":221,"column":31}},"221":{"start":{"line":222,"column":0},"end":{"line":222,"column":30}},"222":{"start":{"line":223,"column":0},"end":{"line":223,"column":20}},"223":{"start":{"line":224,"column":0},"end":{"line":224,"column":30}},"224":{"start":{"line":225,"column":0},"end":{"line":225,"column":64}},"225":{"start":{"line":226,"column":0},"end":{"line":226,"column":20}},"226":{"start":{"line":227,"column":0},"end":{"line":227,"column":25}},"227":{"start":{"line":228,"column":0},"end":{"line":228,"column":331}},"228":{"start":{"line":229,"column":0},"end":{"line":229,"column":19}},"229":{"start":{"line":230,"column":0},"end":{"line":230,"column":18}},"230":{"start":{"line":231,"column":0},"end":{"line":231,"column":17}},"231":{"start":{"line":232,"column":0},"end":{"line":232,"column":31}},"232":{"start":{"line":233,"column":0},"end":{"line":233,"column":29}},"233":{"start":{"line":234,"column":0},"end":{"line":234,"column":20}},"234":{"start":{"line":235,"column":0},"end":{"line":235,"column":30}},"235":{"start":{"line":236,"column":0},"end":{"line":236,"column":74}},"236":{"start":{"line":237,"column":0},"end":{"line":237,"column":50}},"237":{"start":{"line":238,"column":0},"end":{"line":238,"column":42}},"238":{"start":{"line":239,"column":0},"end":{"line":239,"column":20}},"239":{"start":{"line":240,"column":0},"end":{"line":240,"column":25}},"240":{"start":{"line":241,"column":0},"end":{"line":241,"column":380}},"241":{"start":{"line":242,"column":0},"end":{"line":242,"column":19}},"242":{"start":{"line":243,"column":0},"end":{"line":243,"column":18}},"243":{"start":{"line":244,"column":0},"end":{"line":244,"column":17}},"244":{"start":{"line":245,"column":0},"end":{"line":245,"column":31}},"245":{"start":{"line":246,"column":0},"end":{"line":246,"column":33}},"246":{"start":{"line":247,"column":0},"end":{"line":247,"column":20}},"247":{"start":{"line":248,"column":0},"end":{"line":248,"column":30}},"248":{"start":{"line":249,"column":0},"end":{"line":249,"column":81}},"249":{"start":{"line":250,"column":0},"end":{"line":250,"column":50}},"250":{"start":{"line":251,"column":0},"end":{"line":251,"column":45}},"251":{"start":{"line":252,"column":0},"end":{"line":252,"column":20}},"252":{"start":{"line":253,"column":0},"end":{"line":253,"column":25}},"253":{"start":{"line":254,"column":0},"end":{"line":254,"column":248}},"254":{"start":{"line":255,"column":0},"end":{"line":255,"column":19}},"255":{"start":{"line":256,"column":0},"end":{"line":256,"column":18}},"256":{"start":{"line":257,"column":0},"end":{"line":257,"column":17}},"257":{"start":{"line":258,"column":0},"end":{"line":258,"column":31}},"258":{"start":{"line":259,"column":0},"end":{"line":259,"column":31}},"259":{"start":{"line":260,"column":0},"end":{"line":260,"column":20}},"260":{"start":{"line":261,"column":0},"end":{"line":261,"column":30}},"261":{"start":{"line":262,"column":0},"end":{"line":262,"column":81}},"262":{"start":{"line":263,"column":0},"end":{"line":263,"column":43}},"263":{"start":{"line":264,"column":0},"end":{"line":264,"column":48}},"264":{"start":{"line":265,"column":0},"end":{"line":265,"column":52}},"265":{"start":{"line":266,"column":0},"end":{"line":266,"column":20}},"266":{"start":{"line":267,"column":0},"end":{"line":267,"column":25}},"267":{"start":{"line":268,"column":0},"end":{"line":268,"column":290}},"268":{"start":{"line":269,"column":0},"end":{"line":269,"column":19}},"269":{"start":{"line":270,"column":0},"end":{"line":270,"column":18}},"270":{"start":{"line":271,"column":0},"end":{"line":271,"column":17}},"271":{"start":{"line":272,"column":0},"end":{"line":272,"column":31}},"272":{"start":{"line":273,"column":0},"end":{"line":273,"column":28}},"273":{"start":{"line":274,"column":0},"end":{"line":274,"column":20}},"274":{"start":{"line":275,"column":0},"end":{"line":275,"column":30}},"275":{"start":{"line":276,"column":0},"end":{"line":276,"column":66}},"276":{"start":{"line":277,"column":0},"end":{"line":277,"column":43}},"277":{"start":{"line":278,"column":0},"end":{"line":278,"column":53}},"278":{"start":{"line":279,"column":0},"end":{"line":279,"column":47}},"279":{"start":{"line":280,"column":0},"end":{"line":280,"column":20}},"280":{"start":{"line":281,"column":0},"end":{"line":281,"column":25}},"281":{"start":{"line":282,"column":0},"end":{"line":282,"column":250}},"282":{"start":{"line":283,"column":0},"end":{"line":283,"column":19}},"283":{"start":{"line":284,"column":0},"end":{"line":284,"column":18}},"284":{"start":{"line":285,"column":0},"end":{"line":285,"column":21}},"285":{"start":{"line":286,"column":0},"end":{"line":286,"column":17}},"286":{"start":{"line":287,"column":0},"end":{"line":287,"column":28}},"287":{"start":{"line":288,"column":0},"end":{"line":288,"column":31}},"288":{"start":{"line":289,"column":0},"end":{"line":289,"column":31}},"289":{"start":{"line":290,"column":0},"end":{"line":290,"column":20}},"290":{"start":{"line":291,"column":0},"end":{"line":291,"column":30}},"291":{"start":{"line":292,"column":0},"end":{"line":292,"column":81}},"292":{"start":{"line":293,"column":0},"end":{"line":293,"column":43}},"293":{"start":{"line":294,"column":0},"end":{"line":294,"column":48}},"294":{"start":{"line":295,"column":0},"end":{"line":295,"column":52}},"295":{"start":{"line":296,"column":0},"end":{"line":296,"column":20}},"296":{"start":{"line":297,"column":0},"end":{"line":297,"column":25}},"297":{"start":{"line":298,"column":0},"end":{"line":298,"column":216}},"298":{"start":{"line":299,"column":0},"end":{"line":299,"column":19}},"299":{"start":{"line":300,"column":0},"end":{"line":300,"column":18}},"300":{"start":{"line":301,"column":0},"end":{"line":301,"column":21}},"301":{"start":{"line":302,"column":0},"end":{"line":302,"column":17}},"302":{"start":{"line":303,"column":0},"end":{"line":303,"column":28}},"303":{"start":{"line":304,"column":0},"end":{"line":304,"column":31}},"304":{"start":{"line":305,"column":0},"end":{"line":305,"column":35}},"305":{"start":{"line":306,"column":0},"end":{"line":306,"column":20}},"306":{"start":{"line":307,"column":0},"end":{"line":307,"column":30}},"307":{"start":{"line":308,"column":0},"end":{"line":308,"column":74}},"308":{"start":{"line":309,"column":0},"end":{"line":309,"column":50}},"309":{"start":{"line":310,"column":0},"end":{"line":310,"column":42}},"310":{"start":{"line":311,"column":0},"end":{"line":311,"column":20}},"311":{"start":{"line":312,"column":0},"end":{"line":312,"column":25}},"312":{"start":{"line":313,"column":0},"end":{"line":313,"column":256}},"313":{"start":{"line":314,"column":0},"end":{"line":314,"column":19}},"314":{"start":{"line":315,"column":0},"end":{"line":315,"column":18}},"315":{"start":{"line":316,"column":0},"end":{"line":316,"column":21}},"316":{"start":{"line":317,"column":0},"end":{"line":317,"column":17}},"317":{"start":{"line":318,"column":0},"end":{"line":318,"column":28}},"318":{"start":{"line":319,"column":0},"end":{"line":319,"column":31}},"319":{"start":{"line":320,"column":0},"end":{"line":320,"column":29}},"320":{"start":{"line":321,"column":0},"end":{"line":321,"column":20}},"321":{"start":{"line":322,"column":0},"end":{"line":322,"column":30}},"322":{"start":{"line":323,"column":0},"end":{"line":323,"column":54}},"323":{"start":{"line":324,"column":0},"end":{"line":324,"column":51}},"324":{"start":{"line":325,"column":0},"end":{"line":325,"column":59}},"325":{"start":{"line":326,"column":0},"end":{"line":326,"column":20}},"326":{"start":{"line":327,"column":0},"end":{"line":327,"column":25}},"327":{"start":{"line":328,"column":0},"end":{"line":328,"column":195}},"328":{"start":{"line":329,"column":0},"end":{"line":329,"column":19}},"329":{"start":{"line":330,"column":0},"end":{"line":330,"column":18}},"330":{"start":{"line":331,"column":0},"end":{"line":331,"column":21}},"331":{"start":{"line":332,"column":0},"end":{"line":332,"column":17}},"332":{"start":{"line":333,"column":0},"end":{"line":333,"column":28}},"333":{"start":{"line":334,"column":0},"end":{"line":334,"column":31}},"334":{"start":{"line":335,"column":0},"end":{"line":335,"column":26}},"335":{"start":{"line":336,"column":0},"end":{"line":336,"column":20}},"336":{"start":{"line":337,"column":0},"end":{"line":337,"column":30}},"337":{"start":{"line":338,"column":0},"end":{"line":338,"column":49}},"338":{"start":{"line":339,"column":0},"end":{"line":339,"column":78}},"339":{"start":{"line":340,"column":0},"end":{"line":340,"column":56}},"340":{"start":{"line":341,"column":0},"end":{"line":341,"column":20}},"341":{"start":{"line":342,"column":0},"end":{"line":342,"column":25}},"342":{"start":{"line":343,"column":0},"end":{"line":343,"column":296}},"343":{"start":{"line":344,"column":0},"end":{"line":344,"column":19}},"344":{"start":{"line":345,"column":0},"end":{"line":345,"column":18}},"345":{"start":{"line":346,"column":0},"end":{"line":346,"column":21}},"346":{"start":{"line":347,"column":0},"end":{"line":347,"column":17}},"347":{"start":{"line":348,"column":0},"end":{"line":348,"column":28}},"348":{"start":{"line":349,"column":0},"end":{"line":349,"column":31}},"349":{"start":{"line":350,"column":0},"end":{"line":350,"column":27}},"350":{"start":{"line":351,"column":0},"end":{"line":351,"column":20}},"351":{"start":{"line":352,"column":0},"end":{"line":352,"column":30}},"352":{"start":{"line":353,"column":0},"end":{"line":353,"column":52}},"353":{"start":{"line":354,"column":0},"end":{"line":354,"column":53}},"354":{"start":{"line":355,"column":0},"end":{"line":355,"column":41}},"355":{"start":{"line":356,"column":0},"end":{"line":356,"column":20}},"356":{"start":{"line":357,"column":0},"end":{"line":357,"column":25}},"357":{"start":{"line":358,"column":0},"end":{"line":358,"column":221}},"358":{"start":{"line":359,"column":0},"end":{"line":359,"column":19}},"359":{"start":{"line":360,"column":0},"end":{"line":360,"column":18}},"360":{"start":{"line":361,"column":0},"end":{"line":361,"column":21}},"361":{"start":{"line":362,"column":0},"end":{"line":362,"column":17}},"362":{"start":{"line":363,"column":0},"end":{"line":363,"column":28}},"363":{"start":{"line":364,"column":0},"end":{"line":364,"column":31}},"364":{"start":{"line":365,"column":0},"end":{"line":365,"column":30}},"365":{"start":{"line":366,"column":0},"end":{"line":366,"column":20}},"366":{"start":{"line":367,"column":0},"end":{"line":367,"column":30}},"367":{"start":{"line":368,"column":0},"end":{"line":368,"column":52}},"368":{"start":{"line":369,"column":0},"end":{"line":369,"column":53}},"369":{"start":{"line":370,"column":0},"end":{"line":370,"column":42}},"370":{"start":{"line":371,"column":0},"end":{"line":371,"column":20}},"371":{"start":{"line":372,"column":0},"end":{"line":372,"column":25}},"372":{"start":{"line":373,"column":0},"end":{"line":373,"column":307}},"373":{"start":{"line":374,"column":0},"end":{"line":374,"column":19}},"374":{"start":{"line":375,"column":0},"end":{"line":375,"column":18}},"375":{"start":{"line":376,"column":0},"end":{"line":376,"column":21}},"376":{"start":{"line":377,"column":0},"end":{"line":377,"column":17}},"377":{"start":{"line":378,"column":0},"end":{"line":378,"column":28}},"378":{"start":{"line":379,"column":0},"end":{"line":379,"column":31}},"379":{"start":{"line":380,"column":0},"end":{"line":380,"column":27}},"380":{"start":{"line":381,"column":0},"end":{"line":381,"column":20}},"381":{"start":{"line":382,"column":0},"end":{"line":382,"column":30}},"382":{"start":{"line":383,"column":0},"end":{"line":383,"column":54}},"383":{"start":{"line":384,"column":0},"end":{"line":384,"column":44}},"384":{"start":{"line":385,"column":0},"end":{"line":385,"column":59}},"385":{"start":{"line":386,"column":0},"end":{"line":386,"column":20}},"386":{"start":{"line":387,"column":0},"end":{"line":387,"column":25}},"387":{"start":{"line":388,"column":0},"end":{"line":388,"column":307}},"388":{"start":{"line":389,"column":0},"end":{"line":389,"column":19}},"389":{"start":{"line":390,"column":0},"end":{"line":390,"column":18}},"390":{"start":{"line":391,"column":0},"end":{"line":391,"column":21}},"391":{"start":{"line":392,"column":0},"end":{"line":392,"column":17}},"392":{"start":{"line":393,"column":0},"end":{"line":393,"column":28}},"393":{"start":{"line":394,"column":0},"end":{"line":394,"column":31}},"394":{"start":{"line":395,"column":0},"end":{"line":395,"column":29}},"395":{"start":{"line":396,"column":0},"end":{"line":396,"column":20}},"396":{"start":{"line":397,"column":0},"end":{"line":397,"column":30}},"397":{"start":{"line":398,"column":0},"end":{"line":398,"column":54}},"398":{"start":{"line":399,"column":0},"end":{"line":399,"column":51}},"399":{"start":{"line":400,"column":0},"end":{"line":400,"column":59}},"400":{"start":{"line":401,"column":0},"end":{"line":401,"column":20}},"401":{"start":{"line":402,"column":0},"end":{"line":402,"column":25}},"402":{"start":{"line":403,"column":0},"end":{"line":403,"column":282}},"403":{"start":{"line":404,"column":0},"end":{"line":404,"column":19}},"404":{"start":{"line":405,"column":0},"end":{"line":405,"column":18}},"405":{"start":{"line":406,"column":0},"end":{"line":406,"column":21}},"406":{"start":{"line":407,"column":0},"end":{"line":407,"column":17}},"407":{"start":{"line":408,"column":0},"end":{"line":408,"column":28}},"408":{"start":{"line":409,"column":0},"end":{"line":409,"column":31}},"409":{"start":{"line":410,"column":0},"end":{"line":410,"column":31}},"410":{"start":{"line":411,"column":0},"end":{"line":411,"column":20}},"411":{"start":{"line":412,"column":0},"end":{"line":412,"column":30}},"412":{"start":{"line":413,"column":0},"end":{"line":413,"column":47}},"413":{"start":{"line":414,"column":0},"end":{"line":414,"column":40}},"414":{"start":{"line":415,"column":0},"end":{"line":415,"column":49}},"415":{"start":{"line":416,"column":0},"end":{"line":416,"column":20}},"416":{"start":{"line":417,"column":0},"end":{"line":417,"column":25}},"417":{"start":{"line":418,"column":0},"end":{"line":418,"column":232}},"418":{"start":{"line":419,"column":0},"end":{"line":419,"column":19}},"419":{"start":{"line":420,"column":0},"end":{"line":420,"column":18}},"420":{"start":{"line":421,"column":0},"end":{"line":421,"column":21}},"421":{"start":{"line":422,"column":0},"end":{"line":422,"column":17}},"422":{"start":{"line":423,"column":0},"end":{"line":423,"column":28}},"423":{"start":{"line":424,"column":0},"end":{"line":424,"column":31}},"424":{"start":{"line":425,"column":0},"end":{"line":425,"column":30}},"425":{"start":{"line":426,"column":0},"end":{"line":426,"column":20}},"426":{"start":{"line":427,"column":0},"end":{"line":427,"column":30}},"427":{"start":{"line":428,"column":0},"end":{"line":428,"column":54}},"428":{"start":{"line":429,"column":0},"end":{"line":429,"column":51}},"429":{"start":{"line":430,"column":0},"end":{"line":430,"column":59}},"430":{"start":{"line":431,"column":0},"end":{"line":431,"column":20}},"431":{"start":{"line":432,"column":0},"end":{"line":432,"column":25}},"432":{"start":{"line":433,"column":0},"end":{"line":433,"column":781}},"433":{"start":{"line":434,"column":0},"end":{"line":434,"column":19}},"434":{"start":{"line":435,"column":0},"end":{"line":435,"column":18}},"435":{"start":{"line":436,"column":0},"end":{"line":436,"column":21}},"436":{"start":{"line":437,"column":0},"end":{"line":437,"column":17}},"437":{"start":{"line":438,"column":0},"end":{"line":438,"column":28}},"438":{"start":{"line":439,"column":0},"end":{"line":439,"column":31}},"439":{"start":{"line":440,"column":0},"end":{"line":440,"column":29}},"440":{"start":{"line":441,"column":0},"end":{"line":441,"column":20}},"441":{"start":{"line":442,"column":0},"end":{"line":442,"column":30}},"442":{"start":{"line":443,"column":0},"end":{"line":443,"column":64}},"443":{"start":{"line":444,"column":0},"end":{"line":444,"column":20}},"444":{"start":{"line":445,"column":0},"end":{"line":445,"column":25}},"445":{"start":{"line":446,"column":0},"end":{"line":446,"column":333}},"446":{"start":{"line":447,"column":0},"end":{"line":447,"column":19}},"447":{"start":{"line":448,"column":0},"end":{"line":448,"column":18}},"448":{"start":{"line":449,"column":0},"end":{"line":449,"column":21}},"449":{"start":{"line":450,"column":0},"end":{"line":450,"column":17}},"450":{"start":{"line":451,"column":0},"end":{"line":451,"column":28}},"451":{"start":{"line":452,"column":0},"end":{"line":452,"column":31}},"452":{"start":{"line":453,"column":0},"end":{"line":453,"column":31}},"453":{"start":{"line":454,"column":0},"end":{"line":454,"column":20}},"454":{"start":{"line":455,"column":0},"end":{"line":455,"column":30}},"455":{"start":{"line":456,"column":0},"end":{"line":456,"column":47}},"456":{"start":{"line":457,"column":0},"end":{"line":457,"column":51}},"457":{"start":{"line":458,"column":0},"end":{"line":458,"column":59}},"458":{"start":{"line":459,"column":0},"end":{"line":459,"column":20}},"459":{"start":{"line":460,"column":0},"end":{"line":460,"column":25}},"460":{"start":{"line":461,"column":0},"end":{"line":461,"column":478}},"461":{"start":{"line":462,"column":0},"end":{"line":462,"column":19}},"462":{"start":{"line":463,"column":0},"end":{"line":463,"column":18}},"463":{"start":{"line":464,"column":0},"end":{"line":464,"column":21}},"464":{"start":{"line":465,"column":0},"end":{"line":465,"column":17}},"465":{"start":{"line":466,"column":0},"end":{"line":466,"column":28}},"466":{"start":{"line":467,"column":0},"end":{"line":467,"column":31}},"467":{"start":{"line":468,"column":0},"end":{"line":468,"column":28}},"468":{"start":{"line":469,"column":0},"end":{"line":469,"column":20}},"469":{"start":{"line":470,"column":0},"end":{"line":470,"column":30}},"470":{"start":{"line":471,"column":0},"end":{"line":471,"column":74}},"471":{"start":{"line":472,"column":0},"end":{"line":472,"column":50}},"472":{"start":{"line":473,"column":0},"end":{"line":473,"column":42}},"473":{"start":{"line":474,"column":0},"end":{"line":474,"column":20}},"474":{"start":{"line":475,"column":0},"end":{"line":475,"column":25}},"475":{"start":{"line":476,"column":0},"end":{"line":476,"column":277}},"476":{"start":{"line":477,"column":0},"end":{"line":477,"column":19}},"477":{"start":{"line":478,"column":0},"end":{"line":478,"column":18}},"478":{"start":{"line":479,"column":0},"end":{"line":479,"column":21}},"479":{"start":{"line":480,"column":0},"end":{"line":480,"column":17}},"480":{"start":{"line":481,"column":0},"end":{"line":481,"column":28}},"481":{"start":{"line":482,"column":0},"end":{"line":482,"column":31}},"482":{"start":{"line":483,"column":0},"end":{"line":483,"column":29}},"483":{"start":{"line":484,"column":0},"end":{"line":484,"column":20}},"484":{"start":{"line":485,"column":0},"end":{"line":485,"column":30}},"485":{"start":{"line":486,"column":0},"end":{"line":486,"column":47}},"486":{"start":{"line":487,"column":0},"end":{"line":487,"column":51}},"487":{"start":{"line":488,"column":0},"end":{"line":488,"column":59}},"488":{"start":{"line":489,"column":0},"end":{"line":489,"column":20}},"489":{"start":{"line":490,"column":0},"end":{"line":490,"column":25}},"490":{"start":{"line":491,"column":0},"end":{"line":491,"column":475}},"491":{"start":{"line":492,"column":0},"end":{"line":492,"column":19}},"492":{"start":{"line":493,"column":0},"end":{"line":493,"column":18}},"493":{"start":{"line":494,"column":0},"end":{"line":494,"column":21}},"494":{"start":{"line":495,"column":0},"end":{"line":495,"column":17}},"495":{"start":{"line":496,"column":0},"end":{"line":496,"column":28}},"496":{"start":{"line":497,"column":0},"end":{"line":497,"column":31}},"497":{"start":{"line":498,"column":0},"end":{"line":498,"column":32}},"498":{"start":{"line":499,"column":0},"end":{"line":499,"column":20}},"499":{"start":{"line":500,"column":0},"end":{"line":500,"column":30}},"500":{"start":{"line":501,"column":0},"end":{"line":501,"column":47}},"501":{"start":{"line":502,"column":0},"end":{"line":502,"column":51}},"502":{"start":{"line":503,"column":0},"end":{"line":503,"column":59}},"503":{"start":{"line":504,"column":0},"end":{"line":504,"column":20}},"504":{"start":{"line":505,"column":0},"end":{"line":505,"column":25}},"505":{"start":{"line":506,"column":0},"end":{"line":506,"column":100}},"506":{"start":{"line":507,"column":0},"end":{"line":507,"column":19}},"507":{"start":{"line":508,"column":0},"end":{"line":508,"column":18}},"508":{"start":{"line":509,"column":0},"end":{"line":509,"column":17}},"509":{"start":{"line":510,"column":0},"end":{"line":510,"column":31}},"510":{"start":{"line":511,"column":0},"end":{"line":511,"column":26}},"511":{"start":{"line":512,"column":0},"end":{"line":512,"column":20}},"512":{"start":{"line":513,"column":0},"end":{"line":513,"column":30}},"513":{"start":{"line":514,"column":0},"end":{"line":514,"column":47}},"514":{"start":{"line":515,"column":0},"end":{"line":515,"column":51}},"515":{"start":{"line":516,"column":0},"end":{"line":516,"column":59}},"516":{"start":{"line":517,"column":0},"end":{"line":517,"column":20}},"517":{"start":{"line":518,"column":0},"end":{"line":518,"column":25}},"518":{"start":{"line":519,"column":0},"end":{"line":519,"column":303}},"519":{"start":{"line":520,"column":0},"end":{"line":520,"column":19}},"520":{"start":{"line":521,"column":0},"end":{"line":521,"column":18}},"521":{"start":{"line":522,"column":0},"end":{"line":522,"column":21}},"522":{"start":{"line":523,"column":0},"end":{"line":523,"column":17}},"523":{"start":{"line":524,"column":0},"end":{"line":524,"column":28}},"524":{"start":{"line":525,"column":0},"end":{"line":525,"column":31}},"525":{"start":{"line":526,"column":0},"end":{"line":526,"column":30}},"526":{"start":{"line":527,"column":0},"end":{"line":527,"column":20}},"527":{"start":{"line":528,"column":0},"end":{"line":528,"column":30}},"528":{"start":{"line":529,"column":0},"end":{"line":529,"column":47}},"529":{"start":{"line":530,"column":0},"end":{"line":530,"column":51}},"530":{"start":{"line":531,"column":0},"end":{"line":531,"column":59}},"531":{"start":{"line":532,"column":0},"end":{"line":532,"column":20}},"532":{"start":{"line":533,"column":0},"end":{"line":533,"column":25}},"533":{"start":{"line":534,"column":0},"end":{"line":534,"column":1010}},"534":{"start":{"line":535,"column":0},"end":{"line":535,"column":19}},"535":{"start":{"line":536,"column":0},"end":{"line":536,"column":18}},"536":{"start":{"line":537,"column":0},"end":{"line":537,"column":21}},"537":{"start":{"line":538,"column":0},"end":{"line":538,"column":17}},"538":{"start":{"line":539,"column":0},"end":{"line":539,"column":39}},"539":{"start":{"line":540,"column":0},"end":{"line":540,"column":79}},"540":{"start":{"line":541,"column":0},"end":{"line":541,"column":603}},"541":{"start":{"line":542,"column":0},"end":{"line":542,"column":18}},"542":{"start":{"line":543,"column":0},"end":{"line":543,"column":20}},"543":{"start":{"line":544,"column":0},"end":{"line":544,"column":15}},"544":{"start":{"line":545,"column":0},"end":{"line":545,"column":13}},"545":{"start":{"line":546,"column":0},"end":{"line":546,"column":11}},"546":{"start":{"line":547,"column":0},"end":{"line":547,"column":10}},"547":{"start":{"line":548,"column":0},"end":{"line":548,"column":23}},"548":{"start":{"line":549,"column":0},"end":{"line":549,"column":26}},"549":{"start":{"line":550,"column":0},"end":{"line":550,"column":111}},"550":{"start":{"line":551,"column":0},"end":{"line":551,"column":38}},"551":{"start":{"line":552,"column":0},"end":{"line":552,"column":33}},"552":{"start":{"line":553,"column":0},"end":{"line":553,"column":22}},"553":{"start":{"line":554,"column":0},"end":{"line":554,"column":22}},"554":{"start":{"line":555,"column":0},"end":{"line":555,"column":15}},"555":{"start":{"line":556,"column":0},"end":{"line":556,"column":42}},"556":{"start":{"line":557,"column":0},"end":{"line":557,"column":35}},"557":{"start":{"line":558,"column":0},"end":{"line":558,"column":28}},"558":{"start":{"line":559,"column":0},"end":{"line":559,"column":19}},"559":{"start":{"line":560,"column":0},"end":{"line":560,"column":30}},"560":{"start":{"line":561,"column":0},"end":{"line":561,"column":31}},"561":{"start":{"line":562,"column":0},"end":{"line":562,"column":48}},"562":{"start":{"line":563,"column":0},"end":{"line":563,"column":46}},"563":{"start":{"line":564,"column":0},"end":{"line":564,"column":24}},"564":{"start":{"line":565,"column":0},"end":{"line":565,"column":32}},"565":{"start":{"line":566,"column":0},"end":{"line":566,"column":50}},"566":{"start":{"line":567,"column":0},"end":{"line":567,"column":53}},"567":{"start":{"line":568,"column":0},"end":{"line":568,"column":24}},"568":{"start":{"line":569,"column":0},"end":{"line":569,"column":48}},"569":{"start":{"line":570,"column":0},"end":{"line":570,"column":38}},"570":{"start":{"line":571,"column":0},"end":{"line":571,"column":22}},"571":{"start":{"line":572,"column":0},"end":{"line":572,"column":39}},"572":{"start":{"line":573,"column":0},"end":{"line":573,"column":19}},"573":{"start":{"line":574,"column":0},"end":{"line":574,"column":17}},"574":{"start":{"line":575,"column":0},"end":{"line":575,"column":15}},"575":{"start":{"line":576,"column":0},"end":{"line":576,"column":14}},"576":{"start":{"line":577,"column":0},"end":{"line":577,"column":33}},"577":{"start":{"line":578,"column":0},"end":{"line":578,"column":12}},"578":{"start":{"line":579,"column":0},"end":{"line":579,"column":43}},"579":{"start":{"line":580,"column":0},"end":{"line":580,"column":34}},"580":{"start":{"line":581,"column":0},"end":{"line":581,"column":30}},"581":{"start":{"line":582,"column":0},"end":{"line":582,"column":33}},"582":{"start":{"line":583,"column":0},"end":{"line":583,"column":48}},"583":{"start":{"line":584,"column":0},"end":{"line":584,"column":21}},"584":{"start":{"line":585,"column":0},"end":{"line":585,"column":22}},"585":{"start":{"line":586,"column":0},"end":{"line":586,"column":23}},"586":{"start":{"line":587,"column":0},"end":{"line":587,"column":40}},"587":{"start":{"line":588,"column":0},"end":{"line":588,"column":38}},"588":{"start":{"line":589,"column":0},"end":{"line":589,"column":16}},"589":{"start":{"line":590,"column":0},"end":{"line":590,"column":24}},"590":{"start":{"line":591,"column":0},"end":{"line":591,"column":42}},"591":{"start":{"line":592,"column":0},"end":{"line":592,"column":45}},"592":{"start":{"line":593,"column":0},"end":{"line":593,"column":16}},"593":{"start":{"line":594,"column":0},"end":{"line":594,"column":40}},"594":{"start":{"line":595,"column":0},"end":{"line":595,"column":30}},"595":{"start":{"line":596,"column":0},"end":{"line":596,"column":14}},"596":{"start":{"line":597,"column":0},"end":{"line":597,"column":31}},"597":{"start":{"line":598,"column":0},"end":{"line":598,"column":12}},"598":{"start":{"line":599,"column":0},"end":{"line":599,"column":25}},"599":{"start":{"line":600,"column":0},"end":{"line":600,"column":49}},"600":{"start":{"line":601,"column":0},"end":{"line":601,"column":387}},"601":{"start":{"line":602,"column":0},"end":{"line":602,"column":9}},"602":{"start":{"line":603,"column":0},"end":{"line":603,"column":7}},"603":{"start":{"line":604,"column":0},"end":{"line":604,"column":5}},"604":{"start":{"line":605,"column":0},"end":{"line":605,"column":0}},"605":{"start":{"line":606,"column":0},"end":{"line":606,"column":41}},"606":{"start":{"line":607,"column":0},"end":{"line":607,"column":0}},"607":{"start":{"line":608,"column":0},"end":{"line":608,"column":0}},"608":{"start":{"line":609,"column":0},"end":{"line":609,"column":6}},"609":{"start":{"line":610,"column":0},"end":{"line":610,"column":1}}},"s":{"0":1,"1":1,"2":1,"3":1,"4":1,"5":1,"6":1,"7":1,"8":1,"9":1,"10":1,"11":1,"12":1,"13":1,"14":1,"15":1,"16":0,"17":0,"18":0,"19":1,"20":1,"21":1,"22":1,"23":1,"24":1,"25":1,"26":1,"27":1,"28":1,"29":1,"30":1,"31":1,"32":1,"33":1,"34":1,"35":1,"36":1,"37":1,"38":1,"39":4,"40":4,"41":4,"42":1,"43":0,"44":0,"45":0,"46":1,"47":1,"48":1,"49":1,"50":1,"51":1,"52":1,"53":1,"54":1,"55":1,"56":1,"57":1,"58":1,"59":1,"60":0,"61":0,"62":0,"63":0,"64":0,"65":0,"66":0,"67":0,"68":1,"69":0,"70":0,"71":0,"72":0,"73":0,"74":0,"75":0,"76":0,"77":1,"78":4,"79":2,"80":2,"81":1,"82":1,"83":0,"84":0,"85":4,"86":1,"87":1,"88":1,"89":1,"90":0,"91":0,"92":0,"93":0,"94":0,"95":0,"96":0,"97":0,"98":0,"99":0,"100":0,"101":0,"102":0,"103":0,"104":0,"105":0,"106":0,"107":0,"108":0,"109":0,"110":0,"111":0,"112":0,"113":0,"114":0,"115":0,"116":0,"117":0,"118":0,"119":0,"120":0,"121":0,"122":0,"123":0,"124":0,"125":0,"126":0,"127":0,"128":0,"129":0,"130":0,"131":0,"132":0,"133":0,"134":0,"135":0,"136":0,"137":0,"138":0,"139":0,"140":0,"141":0,"142":0,"143":0,"144":0,"145":0,"146":0,"147":0,"148":0,"149":0,"150":0,"151":0,"152":0,"153":0,"154":0,"155":0,"156":0,"157":0,"158":0,"159":0,"160":0,"161":0,"162":0,"163":0,"164":0,"165":0,"166":0,"167":0,"168":0,"169":0,"170":0,"171":0,"172":0,"173":0,"174":0,"175":0,"176":0,"177":0,"178":0,"179":0,"180":0,"181":0,"182":0,"183":0,"184":0,"185":0,"186":0,"187":0,"188":0,"189":0,"190":0,"191":0,"192":0,"193":0,"194":0,"195":0,"196":0,"197":0,"198":0,"199":0,"200":0,"201":0,"202":0,"203":0,"204":0,"205":0,"206":0,"207":0,"208":0,"209":0,"210":0,"211":0,"212":0,"213":0,"214":0,"215":0,"216":0,"217":0,"218":0,"219":0,"220":0,"221":0,"222":0,"223":0,"224":0,"225":0,"226":0,"227":0,"228":0,"229":0,"230":0,"231":0,"232":0,"233":0,"234":0,"235":0,"236":0,"237":0,"238":0,"239":0,"240":0,"241":0,"242":0,"243":0,"244":0,"245":0,"246":0,"247":0,"248":0,"249":0,"250":0,"251":0,"252":0,"253":0,"254":0,"255":0,"256":0,"257":0,"258":0,"259":0,"260":0,"261":0,"262":0,"263":0,"264":0,"265":0,"266":0,"267":0,"268":0,"269":0,"270":0,"271":0,"272":0,"273":0,"274":0,"275":0,"276":0,"277":0,"278":0,"279":0,"280":0,"281":0,"282":0,"283":0,"284":0,"285":0,"286":0,"287":0,"288":0,"289":0,"290":0,"291":0,"292":0,"293":0,"294":0,"295":0,"296":0,"297":0,"298":0,"299":0,"300":0,"301":0,"302":0,"303":0,"304":0,"305":0,"306":0,"307":0,"308":0,"309":0,"310":0,"311":0,"312":0,"313":0,"314":0,"315":0,"316":0,"317":0,"318":0,"319":0,"320":0,"321":0,"322":0,"323":0,"324":0,"325":0,"326":0,"327":0,"328":0,"329":0,"330":0,"331":0,"332":0,"333":0,"334":0,"335":0,"336":0,"337":0,"338":0,"339":0,"340":0,"341":0,"342":0,"343":0,"344":0,"345":0,"346":0,"347":0,"348":0,"349":0,"350":0,"351":0,"352":0,"353":0,"354":0,"355":0,"356":0,"357":0,"358":0,"359":0,"360":0,"361":0,"362":0,"363":0,"364":0,"365":0,"366":0,"367":0,"368":0,"369":0,"370":0,"371":0,"372":0,"373":0,"374":0,"375":0,"376":0,"377":0,"378":0,"379":0,"380":0,"381":0,"382":0,"383":0,"384":0,"385":0,"386":0,"387":0,"388":0,"389":0,"390":0,"391":0,"392":0,"393":0,"394":0,"395":0,"396":0,"397":0,"398":0,"399":0,"400":0,"401":0,"402":0,"403":0,"404":0,"405":0,"406":0,"407":0,"408":0,"409":0,"410":0,"411":0,"412":0,"413":0,"414":0,"415":0,"416":0,"417":0,"418":0,"419":0,"420":0,"421":0,"422":0,"423":0,"424":0,"425":0,"426":0,"427":0,"428":0,"429":0,"430":0,"431":0,"432":0,"433":0,"434":0,"435":0,"436":0,"437":0,"438":0,"439":0,"440":0,"441":0,"442":0,"443":0,"444":0,"445":0,"446":0,"447":0,"448":0,"449":0,"450":0,"451":0,"452":0,"453":0,"454":0,"455":0,"456":0,"457":0,"458":0,"459":0,"460":0,"461":0,"462":0,"463":0,"464":0,"465":0,"466":0,"467":0,"468":0,"469":0,"470":0,"471":0,"472":0,"473":0,"474":0,"475":0,"476":0,"477":0,"478":0,"479":0,"480":0,"481":0,"482":0,"483":0,"484":0,"485":0,"486":0,"487":0,"488":0,"489":0,"490":0,"491":0,"492":0,"493":0,"494":0,"495":0,"496":0,"497":0,"498":0,"499":0,"500":0,"501":0,"502":0,"503":0,"504":0,"505":0,"506":0,"507":0,"508":0,"509":0,"510":0,"511":0,"512":0,"513":0,"514":0,"515":0,"516":0,"517":0,"518":0,"519":0,"520":0,"521":0,"522":0,"523":0,"524":0,"525":0,"526":0,"527":0,"528":0,"529":0,"530":0,"531":0,"532":0,"533":0,"534":0,"535":0,"536":0,"537":0,"538":0,"539":0,"540":0,"541":0,"542":0,"543":0,"544":0,"545":0,"546":0,"547":0,"548":0,"549":0,"550":0,"551":0,"552":0,"553":0,"554":0,"555":0,"556":0,"557":0,"558":0,"559":0,"560":0,"561":0,"562":0,"563":0,"564":0,"565":0,"566":0,"567":0,"568":0,"569":0,"570":0,"571":0,"572":0,"573":0,"574":0,"575":0,"576":0,"577":0,"578":0,"579":0,"580":0,"581":0,"582":0,"583":0,"584":0,"585":0,"586":0,"587":0,"588":0,"589":0,"590":0,"591":0,"592":0,"593":0,"594":0,"595":0,"596":0,"597":0,"598":0,"599":0,"600":0,"601":0,"602":0,"603":0,"604":0,"605":0,"606":0,"607":0,"608":0,"609":0},"branchMap":{"0":{"type":"branch","line":90,"loc":{"start":{"line":90,"column":96},"end":{"line":610,"column":1}},"locations":[{"start":{"line":90,"column":96},"end":{"line":610,"column":1}}]},"1":{"type":"branch","line":14,"loc":{"start":{"line":14,"column":0},"end":{"line":21,"column":1}},"locations":[{"start":{"line":14,"column":0},"end":{"line":21,"column":1}}]},"2":{"type":"branch","line":16,"loc":{"start":{"line":16,"column":16},"end":{"line":17,"column":48}},"locations":[{"start":{"line":16,"column":16},"end":{"line":17,"column":48}}]},"3":{"type":"branch","line":17,"loc":{"start":{"line":17,"column":16},"end":{"line":18,"column":55}},"locations":[{"start":{"line":17,"column":16},"end":{"line":18,"column":55}}]},"4":{"type":"branch","line":18,"loc":{"start":{"line":18,"column":16},"end":{"line":19,"column":38}},"locations":[{"start":{"line":18,"column":16},"end":{"line":19,"column":38}}]},"5":{"type":"branch","line":40,"loc":{"start":{"line":40,"column":0},"end":{"line":86,"column":1}},"locations":[{"start":{"line":40,"column":0},"end":{"line":86,"column":1}}]},"6":{"type":"branch","line":42,"loc":{"start":{"line":42,"column":20},"end":{"line":79,"column":13}},"locations":[{"start":{"line":42,"column":20},"end":{"line":79,"column":13}}]},"7":{"type":"branch","line":43,"loc":{"start":{"line":43,"column":37},"end":{"line":46,"column":5}},"locations":[{"start":{"line":43,"column":37},"end":{"line":46,"column":5}}]},"8":{"type":"branch","line":50,"loc":{"start":{"line":50,"column":25},"end":{"line":50,"column":89}},"locations":[{"start":{"line":50,"column":25},"end":{"line":50,"column":89}}]},"9":{"type":"branch","line":60,"loc":{"start":{"line":60,"column":54},"end":{"line":68,"column":5}},"locations":[{"start":{"line":60,"column":54},"end":{"line":68,"column":5}}]},"10":{"type":"branch","line":69,"loc":{"start":{"line":69,"column":48},"end":{"line":77,"column":5}},"locations":[{"start":{"line":69,"column":48},"end":{"line":77,"column":5}}]},"11":{"type":"branch","line":79,"loc":{"start":{"line":79,"column":2},"end":{"line":85,"column":3}},"locations":[{"start":{"line":79,"column":2},"end":{"line":85,"column":3}}]},"12":{"type":"branch","line":79,"loc":{"start":{"line":79,"column":28},"end":{"line":85,"column":3}},"locations":[{"start":{"line":79,"column":28},"end":{"line":85,"column":3}}]},"13":{"type":"branch","line":81,"loc":{"start":{"line":81,"column":2},"end":{"line":85,"column":3}},"locations":[{"start":{"line":81,"column":2},"end":{"line":85,"column":3}}]},"14":{"type":"branch","line":83,"loc":{"start":{"line":83,"column":2},"end":{"line":85,"column":3}},"locations":[{"start":{"line":83,"column":2},"end":{"line":85,"column":3}}]},"15":{"type":"branch","line":93,"loc":{"start":{"line":93,"column":3},"end":{"line":609,"column":5}},"locations":[{"start":{"line":93,"column":3},"end":{"line":609,"column":5}}]}},"b":{"0":[0],"1":[1],"2":[0],"3":[0],"4":[0],"5":[4],"6":[1],"7":[0],"8":[0],"9":[0],"10":[0],"11":[3],"12":[2],"13":[1],"14":[0],"15":[0]},"fnMap":{"0":{"name":"isMetaOutboundConfigured","decl":{"start":{"line":14,"column":0},"end":{"line":21,"column":1}},"loc":{"start":{"line":14,"column":0},"end":{"line":21,"column":1}},"line":14},"1":{"name":"run","decl":{"start":{"line":40,"column":0},"end":{"line":86,"column":1}},"loc":{"start":{"line":40,"column":0},"end":{"line":86,"column":1}},"line":40}},"f":{"0":1,"1":4}}
,"/home/gnu/brain/components/meta/src/lambda.ts": {"path":"/home/gnu/brain/components/meta/src/lambda.ts","all":true,"statementMap":{"0":{"start":{"line":1,"column":0},"end":{"line":1,"column":65}},"1":{"start":{"line":2,"column":0},"end":{"line":2,"column":38}},"2":{"start":{"line":3,"column":0},"end":{"line":3,"column":0}},"3":{"start":{"line":4,"column":0},"end":{"line":4,"column":57}},"4":{"start":{"line":5,"column":0},"end":{"line":5,"column":57}},"5":{"start":{"line":6,"column":0},"end":{"line":6,"column":0}},"6":{"start":{"line":7,"column":0},"end":{"line":7,"column":19}},"7":{"start":{"line":8,"column":0},"end":{"line":8,"column":44}},"8":{"start":{"line":9,"column":0},"end":{"line":9,"column":64}},"9":{"start":{"line":10,"column":0},"end":{"line":10,"column":3}},"10":{"start":{"line":11,"column":0},"end":{"line":11,"column":0}},"11":{"start":{"line":12,"column":0},"end":{"line":12,"column":10}},"12":{"start":{"line":13,"column":0},"end":{"line":13,"column":20}},"13":{"start":{"line":14,"column":0},"end":{"line":14,"column":15}},"14":{"start":{"line":15,"column":0},"end":{"line":15,"column":3}},"15":{"start":{"line":16,"column":0},"end":{"line":16,"column":1}}},"s":{"0":0,"1":0,"2":0,"3":0,"4":0,"5":0,"6":0,"7":0,"8":0,"9":0,"10":0,"11":0,"12":0,"13":0,"14":0,"15":0},"branchMap":{"0":{"type":"branch","line":1,"loc":{"start":{"line":1,"column":0},"end":{"line":16,"column":-42}},"locations":[{"start":{"line":1,"column":0},"end":{"line":16,"column":-42}}]}},"b":{"0":[0]},"fnMap":{"0":{"name":"(empty-report)","decl":{"start":{"line":1,"column":0},"end":{"line":16,"column":-42}},"loc":{"start":{"line":1,"column":0},"end":{"line":16,"column":-42}},"line":1}},"f":{"0":0}}
,"/home/gnu/brain/components/meta/src/redirectMessageToSlack.ts": {"path":"/home/gnu/brain/components/meta/src/redirectMessageToSlack.ts","all":false,"statementMap":{"0":{"start":{"line":1,"column":0},"end":{"line":1,"column":42}},"1":{"start":{"line":2,"column":0},"end":{"line":2,"column":0}},"2":{"start":{"line":3,"column":0},"end":{"line":3,"column":47}},"3":{"start":{"line":4,"column":0},"end":{"line":4,"column":20}},"4":{"start":{"line":5,"column":0},"end":{"line":5,"column":18}},"5":{"start":{"line":6,"column":0},"end":{"line":6,"column":20}},"6":{"start":{"line":7,"column":0},"end":{"line":7,"column":15}},"7":{"start":{"line":8,"column":0},"end":{"line":8,"column":17}},"8":{"start":{"line":9,"column":0},"end":{"line":9,"column":20}},"9":{"start":{"line":10,"column":0},"end":{"line":10,"column":18}},"10":{"start":{"line":11,"column":0},"end":{"line":11,"column":19}},"11":{"start":{"line":12,"column":0},"end":{"line":12,"column":19}},"12":{"start":{"line":13,"column":0},"end":{"line":13,"column":17}},"13":{"start":{"line":14,"column":0},"end":{"line":14,"column":25}},"14":{"start":{"line":15,"column":0},"end":{"line":15,"column":14}},"15":{"start":{"line":16,"column":0},"end":{"line":16,"column":14}},"16":{"start":{"line":17,"column":0},"end":{"line":17,"column":15}},"17":{"start":{"line":18,"column":0},"end":{"line":18,"column":14}},"18":{"start":{"line":19,"column":0},"end":{"line":19,"column":22}},"19":{"start":{"line":20,"column":0},"end":{"line":20,"column":25}},"20":{"start":{"line":21,"column":0},"end":{"line":21,"column":36}},"21":{"start":{"line":22,"column":0},"end":{"line":22,"column":1}},"22":{"start":{"line":23,"column":0},"end":{"line":23,"column":0}},"23":{"start":{"line":24,"column":0},"end":{"line":24,"column":34}},"24":{"start":{"line":25,"column":0},"end":{"line":25,"column":49}},"25":{"start":{"line":26,"column":0},"end":{"line":26,"column":14}},"26":{"start":{"line":27,"column":0},"end":{"line":27,"column":19}},"27":{"start":{"line":28,"column":0},"end":{"line":28,"column":19}},"28":{"start":{"line":29,"column":0},"end":{"line":29,"column":19}},"29":{"start":{"line":30,"column":0},"end":{"line":30,"column":1}},"30":{"start":{"line":31,"column":0},"end":{"line":31,"column":0}},"31":{"start":{"line":32,"column":0},"end":{"line":32,"column":135}},"32":{"start":{"line":33,"column":0},"end":{"line":33,"column":49}},"33":{"start":{"line":34,"column":0},"end":{"line":34,"column":0}},"34":{"start":{"line":35,"column":0},"end":{"line":35,"column":71}},"35":{"start":{"line":36,"column":0},"end":{"line":36,"column":31}},"36":{"start":{"line":37,"column":0},"end":{"line":37,"column":143}},"37":{"start":{"line":38,"column":0},"end":{"line":38,"column":99}},"38":{"start":{"line":39,"column":0},"end":{"line":39,"column":3}},"39":{"start":{"line":40,"column":0},"end":{"line":40,"column":0}},"40":{"start":{"line":41,"column":0},"end":{"line":41,"column":45}},"41":{"start":{"line":42,"column":0},"end":{"line":42,"column":0}},"42":{"start":{"line":43,"column":0},"end":{"line":43,"column":67}},"43":{"start":{"line":44,"column":0},"end":{"line":44,"column":0}},"44":{"start":{"line":45,"column":0},"end":{"line":45,"column":28}},"45":{"start":{"line":46,"column":0},"end":{"line":46,"column":12}},"46":{"start":{"line":47,"column":0},"end":{"line":47,"column":28}},"47":{"start":{"line":48,"column":0},"end":{"line":48,"column":15}},"48":{"start":{"line":49,"column":0},"end":{"line":49,"column":58}},"49":{"start":{"line":50,"column":0},"end":{"line":50,"column":67}},"50":{"start":{"line":51,"column":0},"end":{"line":51,"column":61}},"51":{"start":{"line":52,"column":0},"end":{"line":52,"column":22}},"52":{"start":{"line":53,"column":0},"end":{"line":53,"column":50}},"53":{"start":{"line":54,"column":0},"end":{"line":54,"column":8}},"54":{"start":{"line":55,"column":0},"end":{"line":55,"column":6}},"55":{"start":{"line":56,"column":0},"end":{"line":56,"column":14}},"56":{"start":{"line":57,"column":0},"end":{"line":57,"column":24}},"57":{"start":{"line":58,"column":0},"end":{"line":58,"column":14}},"58":{"start":{"line":59,"column":0},"end":{"line":59,"column":44}},"59":{"start":{"line":60,"column":0},"end":{"line":60,"column":77}},"60":{"start":{"line":61,"column":0},"end":{"line":61,"column":7}},"61":{"start":{"line":62,"column":0},"end":{"line":62,"column":5}},"62":{"start":{"line":63,"column":0},"end":{"line":63,"column":4}},"63":{"start":{"line":64,"column":0},"end":{"line":64,"column":1}}},"s":{"0":1,"1":1,"2":1,"3":1,"4":1,"5":1,"6":1,"7":1,"8":1,"9":1,"10":1,"11":1,"12":1,"13":1,"14":1,"15":1,"16":1,"17":1,"18":1,"19":1,"20":1,"21":1,"22":1,"23":1,"24":1,"25":1,"26":1,"27":1,"28":1,"29":1,"30":1,"31":1,"32":1,"33":1,"34":1,"35":1,"36":1,"37":1,"38":1,"39":1,"40":1,"41":1,"42":1,"43":1,"44":1,"45":1,"46":1,"47":1,"48":1,"49":1,"50":1,"51":1,"52":1,"53":1,"54":1,"55":1,"56":1,"57":1,"58":1,"59":1,"60":1,"61":1,"62":1,"63":1},"branchMap":{"0":{"type":"branch","line":32,"loc":{"start":{"line":32,"column":0},"end":{"line":64,"column":1}},"locations":[{"start":{"line":32,"column":0},"end":{"line":64,"column":1}}]},"1":{"type":"branch","line":49,"loc":{"start":{"line":49,"column":28},"end":{"line":49,"column":58}},"locations":[{"start":{"line":49,"column":28},"end":{"line":49,"column":58}}]},"2":{"type":"branch","line":50,"loc":{"start":{"line":50,"column":32},"end":{"line":50,"column":67}},"locations":[{"start":{"line":50,"column":32},"end":{"line":50,"column":67}}]}},"b":{"0":[1],"1":[0],"2":[0]},"fnMap":{"0":{"name":"redirectMessageToSlackChat","decl":{"start":{"line":32,"column":0},"end":{"line":64,"column":1}},"loc":{"start":{"line":32,"column":0},"end":{"line":64,"column":1}},"line":32}},"f":{"0":1}}
,"/home/gnu/brain/components/meta/src/worker.ts": {"path":"/home/gnu/brain/components/meta/src/worker.ts","all":false,"statementMap":{"0":{"start":{"line":1,"column":0},"end":{"line":1,"column":8}},"1":{"start":{"line":2,"column":0},"end":{"line":2,"column":19}},"2":{"start":{"line":3,"column":0},"end":{"line":3,"column":23}},"3":{"start":{"line":4,"column":0},"end":{"line":4,"column":22}},"4":{"start":{"line":5,"column":0},"end":{"line":5,"column":10}},"5":{"start":{"line":6,"column":0},"end":{"line":6,"column":12}},"6":{"start":{"line":7,"column":0},"end":{"line":7,"column":19}},"7":{"start":{"line":8,"column":0},"end":{"line":8,"column":30}},"8":{"start":{"line":9,"column":0},"end":{"line":9,"column":0}},"9":{"start":{"line":10,"column":0},"end":{"line":10,"column":28}},"10":{"start":{"line":11,"column":0},"end":{"line":11,"column":23}},"11":{"start":{"line":12,"column":0},"end":{"line":12,"column":0}},"12":{"start":{"line":13,"column":0},"end":{"line":13,"column":47}},"13":{"start":{"line":14,"column":0},"end":{"line":14,"column":37}},"14":{"start":{"line":15,"column":0},"end":{"line":15,"column":35}},"15":{"start":{"line":16,"column":0},"end":{"line":16,"column":38}},"16":{"start":{"line":17,"column":0},"end":{"line":17,"column":34}},"17":{"start":{"line":18,"column":0},"end":{"line":18,"column":35}},"18":{"start":{"line":19,"column":0},"end":{"line":19,"column":37}},"19":{"start":{"line":20,"column":0},"end":{"line":20,"column":36}},"20":{"start":{"line":21,"column":0},"end":{"line":21,"column":1}},"21":{"start":{"line":22,"column":0},"end":{"line":22,"column":0}},"22":{"start":{"line":23,"column":0},"end":{"line":23,"column":47}},"23":{"start":{"line":24,"column":0},"end":{"line":24,"column":39}},"24":{"start":{"line":25,"column":0},"end":{"line":25,"column":47}},"25":{"start":{"line":26,"column":0},"end":{"line":26,"column":0}},"26":{"start":{"line":27,"column":0},"end":{"line":27,"column":53}},"27":{"start":{"line":28,"column":0},"end":{"line":28,"column":38}},"28":{"start":{"line":29,"column":0},"end":{"line":29,"column":33}},"29":{"start":{"line":30,"column":0},"end":{"line":30,"column":7}},"30":{"start":{"line":31,"column":0},"end":{"line":31,"column":5}},"31":{"start":{"line":32,"column":0},"end":{"line":32,"column":0}},"32":{"start":{"line":33,"column":0},"end":{"line":33,"column":54}},"33":{"start":{"line":34,"column":0},"end":{"line":34,"column":3}},"34":{"start":{"line":35,"column":0},"end":{"line":35,"column":0}},"35":{"start":{"line":36,"column":0},"end":{"line":36,"column":20}},"36":{"start":{"line":37,"column":0},"end":{"line":37,"column":26}},"37":{"start":{"line":38,"column":0},"end":{"line":38,"column":17}},"38":{"start":{"line":39,"column":0},"end":{"line":39,"column":31}},"39":{"start":{"line":40,"column":0},"end":{"line":40,"column":15}},"40":{"start":{"line":41,"column":0},"end":{"line":41,"column":31}},"41":{"start":{"line":42,"column":0},"end":{"line":42,"column":37}},"42":{"start":{"line":43,"column":0},"end":{"line":43,"column":29}},"43":{"start":{"line":44,"column":0},"end":{"line":44,"column":31}},"44":{"start":{"line":45,"column":0},"end":{"line":45,"column":35}},"45":{"start":{"line":46,"column":0},"end":{"line":46,"column":33}},"46":{"start":{"line":47,"column":0},"end":{"line":47,"column":8}},"47":{"start":{"line":48,"column":0},"end":{"line":48,"column":6}},"48":{"start":{"line":49,"column":0},"end":{"line":49,"column":5}},"49":{"start":{"line":50,"column":0},"end":{"line":50,"column":1}},"50":{"start":{"line":51,"column":0},"end":{"line":51,"column":0}},"51":{"start":{"line":52,"column":0},"end":{"line":52,"column":48}},"52":{"start":{"line":53,"column":0},"end":{"line":53,"column":42}},"53":{"start":{"line":54,"column":0},"end":{"line":54,"column":19}},"54":{"start":{"line":55,"column":0},"end":{"line":55,"column":38}},"55":{"start":{"line":56,"column":0},"end":{"line":56,"column":50}},"56":{"start":{"line":57,"column":0},"end":{"line":57,"column":3}},"57":{"start":{"line":58,"column":0},"end":{"line":58,"column":24}},"58":{"start":{"line":59,"column":0},"end":{"line":59,"column":1}},"59":{"start":{"line":60,"column":0},"end":{"line":60,"column":0}},"60":{"start":{"line":61,"column":0},"end":{"line":61,"column":69}},"61":{"start":{"line":62,"column":0},"end":{"line":62,"column":36}},"62":{"start":{"line":63,"column":0},"end":{"line":63,"column":44}},"63":{"start":{"line":64,"column":0},"end":{"line":64,"column":10}},"64":{"start":{"line":65,"column":0},"end":{"line":65,"column":30}},"65":{"start":{"line":66,"column":0},"end":{"line":66,"column":38}},"66":{"start":{"line":67,"column":0},"end":{"line":67,"column":10}},"67":{"start":{"line":68,"column":0},"end":{"line":68,"column":12}},"68":{"start":{"line":69,"column":0},"end":{"line":69,"column":4}},"69":{"start":{"line":70,"column":0},"end":{"line":70,"column":77}},"70":{"start":{"line":71,"column":0},"end":{"line":71,"column":54}},"71":{"start":{"line":72,"column":0},"end":{"line":72,"column":54}},"72":{"start":{"line":73,"column":0},"end":{"line":73,"column":14}},"73":{"start":{"line":74,"column":0},"end":{"line":74,"column":0}},"74":{"start":{"line":75,"column":0},"end":{"line":75,"column":31}},"75":{"start":{"line":76,"column":0},"end":{"line":76,"column":1}},"76":{"start":{"line":77,"column":0},"end":{"line":77,"column":0}},"77":{"start":{"line":78,"column":0},"end":{"line":78,"column":72}},"78":{"start":{"line":79,"column":0},"end":{"line":79,"column":48}},"79":{"start":{"line":80,"column":0},"end":{"line":80,"column":19}},"80":{"start":{"line":81,"column":0},"end":{"line":81,"column":16}},"81":{"start":{"line":82,"column":0},"end":{"line":82,"column":3}},"82":{"start":{"line":83,"column":0},"end":{"line":83,"column":0}},"83":{"start":{"line":84,"column":0},"end":{"line":84,"column":70}},"84":{"start":{"line":85,"column":0},"end":{"line":85,"column":26}},"85":{"start":{"line":86,"column":0},"end":{"line":86,"column":17}},"86":{"start":{"line":87,"column":0},"end":{"line":87,"column":3}},"87":{"start":{"line":88,"column":0},"end":{"line":88,"column":0}},"88":{"start":{"line":89,"column":0},"end":{"line":89,"column":74}},"89":{"start":{"line":90,"column":0},"end":{"line":90,"column":62}},"90":{"start":{"line":91,"column":0},"end":{"line":91,"column":1}},"91":{"start":{"line":92,"column":0},"end":{"line":92,"column":0}},"92":{"start":{"line":93,"column":0},"end":{"line":93,"column":48}},"93":{"start":{"line":94,"column":0},"end":{"line":94,"column":35}},"94":{"start":{"line":95,"column":0},"end":{"line":95,"column":0}},"95":{"start":{"line":96,"column":0},"end":{"line":96,"column":33}},"96":{"start":{"line":97,"column":0},"end":{"line":97,"column":66}},"97":{"start":{"line":98,"column":0},"end":{"line":98,"column":50}},"98":{"start":{"line":99,"column":0},"end":{"line":99,"column":65}},"99":{"start":{"line":100,"column":0},"end":{"line":100,"column":62}},"100":{"start":{"line":101,"column":0},"end":{"line":101,"column":0}},"101":{"start":{"line":102,"column":0},"end":{"line":102,"column":31}},"102":{"start":{"line":103,"column":0},"end":{"line":103,"column":71}},"103":{"start":{"line":104,"column":0},"end":{"line":104,"column":5}},"104":{"start":{"line":105,"column":0},"end":{"line":105,"column":0}},"105":{"start":{"line":106,"column":0},"end":{"line":106,"column":69}},"106":{"start":{"line":107,"column":0},"end":{"line":107,"column":67}},"107":{"start":{"line":108,"column":0},"end":{"line":108,"column":5}},"108":{"start":{"line":109,"column":0},"end":{"line":109,"column":0}},"109":{"start":{"line":110,"column":0},"end":{"line":110,"column":52}},"110":{"start":{"line":111,"column":0},"end":{"line":111,"column":3}},"111":{"start":{"line":112,"column":0},"end":{"line":112,"column":0}},"112":{"start":{"line":113,"column":0},"end":{"line":113,"column":39}},"113":{"start":{"line":114,"column":0},"end":{"line":114,"column":70}},"114":{"start":{"line":115,"column":0},"end":{"line":115,"column":24}},"115":{"start":{"line":116,"column":0},"end":{"line":116,"column":62}},"116":{"start":{"line":117,"column":0},"end":{"line":117,"column":3}},"117":{"start":{"line":118,"column":0},"end":{"line":118,"column":0}},"118":{"start":{"line":119,"column":0},"end":{"line":119,"column":41}},"119":{"start":{"line":120,"column":0},"end":{"line":120,"column":62}},"120":{"start":{"line":121,"column":0},"end":{"line":121,"column":28}},"121":{"start":{"line":122,"column":0},"end":{"line":122,"column":1}},"122":{"start":{"line":123,"column":0},"end":{"line":123,"column":0}},"123":{"start":{"line":124,"column":0},"end":{"line":124,"column":16}},"124":{"start":{"line":125,"column":0},"end":{"line":125,"column":39}},"125":{"start":{"line":126,"column":0},"end":{"line":126,"column":36}},"126":{"start":{"line":127,"column":0},"end":{"line":127,"column":37}},"127":{"start":{"line":128,"column":0},"end":{"line":128,"column":0}},"128":{"start":{"line":129,"column":0},"end":{"line":129,"column":38}},"129":{"start":{"line":130,"column":0},"end":{"line":130,"column":36}},"130":{"start":{"line":131,"column":0},"end":{"line":131,"column":5}},"131":{"start":{"line":132,"column":0},"end":{"line":132,"column":0}},"132":{"start":{"line":133,"column":0},"end":{"line":133,"column":37}},"133":{"start":{"line":134,"column":0},"end":{"line":134,"column":32}},"134":{"start":{"line":135,"column":0},"end":{"line":135,"column":5}},"135":{"start":{"line":136,"column":0},"end":{"line":136,"column":0}},"136":{"start":{"line":137,"column":0},"end":{"line":137,"column":45}},"137":{"start":{"line":138,"column":0},"end":{"line":138,"column":4}},"138":{"start":{"line":139,"column":0},"end":{"line":139,"column":0}},"139":{"start":{"line":140,"column":0},"end":{"line":140,"column":41}},"140":{"start":{"line":141,"column":0},"end":{"line":141,"column":36}},"141":{"start":{"line":142,"column":0},"end":{"line":142,"column":33}},"142":{"start":{"line":143,"column":0},"end":{"line":143,"column":25}},"143":{"start":{"line":144,"column":0},"end":{"line":144,"column":4}},"144":{"start":{"line":145,"column":0},"end":{"line":145,"column":2}}},"s":{"0":1,"1":1,"2":1,"3":1,"4":1,"5":1,"6":1,"7":1,"8":1,"9":1,"10":1,"11":1,"12":1,"13":1,"14":1,"15":1,"16":1,"17":1,"18":1,"19":1,"20":1,"21":1,"22":4,"23":4,"24":4,"25":4,"26":4,"27":0,"28":0,"29":0,"30":0,"31":4,"32":4,"33":4,"34":4,"35":4,"36":4,"37":4,"38":4,"39":4,"40":4,"41":4,"42":4,"43":4,"44":4,"45":4,"46":4,"47":4,"48":4,"49":4,"50":1,"51":2,"52":2,"53":1,"54":2,"55":71,"56":71,"57":1,"58":1,"59":1,"60":2,"61":2,"62":2,"63":2,"64":2,"65":2,"66":2,"67":2,"68":2,"69":2,"70":2,"71":2,"72":2,"73":2,"74":2,"75":2,"76":1,"77":2,"78":2,"79":2,"80":0,"81":0,"82":2,"83":2,"84":2,"85":0,"86":0,"87":2,"88":2,"89":2,"90":2,"91":1,"92":4,"93":4,"94":4,"95":4,"96":2,"97":2,"98":2,"99":2,"100":2,"101":2,"102":0,"103":0,"104":2,"105":2,"106":1,"107":1,"108":1,"109":1,"110":1,"111":2,"112":2,"113":2,"114":4,"115":1,"116":1,"117":1,"118":1,"119":1,"120":1,"121":1,"122":1,"123":1,"124":1,"125":4,"126":4,"127":4,"128":4,"129":4,"130":4,"131":0,"132":0,"133":0,"134":0,"135":0,"136":0,"137":4,"138":1,"139":1,"140":0,"141":0,"142":0,"143":0,"144":1},"branchMap":{"0":{"type":"branch","line":23,"loc":{"start":{"line":23,"column":0},"end":{"line":50,"column":1}},"locations":[{"start":{"line":23,"column":0},"end":{"line":50,"column":1}}]},"1":{"type":"branch","line":27,"loc":{"start":{"line":27,"column":52},"end":{"line":31,"column":5}},"locations":[{"start":{"line":27,"column":52},"end":{"line":31,"column":5}}]},"2":{"type":"branch","line":33,"loc":{"start":{"line":33,"column":37},"end":{"line":33,"column":54}},"locations":[{"start":{"line":33,"column":37},"end":{"line":33,"column":54}}]},"3":{"type":"branch","line":52,"loc":{"start":{"line":52,"column":0},"end":{"line":59,"column":1}},"locations":[{"start":{"line":52,"column":0},"end":{"line":59,"column":1}}]},"4":{"type":"branch","line":53,"loc":{"start":{"line":53,"column":29},"end":{"line":55,"column":37}},"locations":[{"start":{"line":53,"column":29},"end":{"line":55,"column":37}}]},"5":{"type":"branch","line":55,"loc":{"start":{"line":55,"column":37},"end":{"line":57,"column":3}},"locations":[{"start":{"line":55,"column":37},"end":{"line":57,"column":3}}]},"6":{"type":"branch","line":57,"loc":{"start":{"line":57,"column":2},"end":{"line":59,"column":1}},"locations":[{"start":{"line":57,"column":2},"end":{"line":59,"column":1}}]},"7":{"type":"branch","line":61,"loc":{"start":{"line":61,"column":0},"end":{"line":76,"column":1}},"locations":[{"start":{"line":61,"column":0},"end":{"line":76,"column":1}}]},"8":{"type":"branch","line":72,"loc":{"start":{"line":72,"column":9},"end":{"line":72,"column":53}},"locations":[{"start":{"line":72,"column":9},"end":{"line":72,"column":53}}]},"9":{"type":"branch","line":78,"loc":{"start":{"line":78,"column":0},"end":{"line":91,"column":1}},"locations":[{"start":{"line":78,"column":0},"end":{"line":91,"column":1}}]},"10":{"type":"branch","line":80,"loc":{"start":{"line":80,"column":18},"end":{"line":82,"column":3}},"locations":[{"start":{"line":80,"column":18},"end":{"line":82,"column":3}}]},"11":{"type":"branch","line":85,"loc":{"start":{"line":85,"column":25},"end":{"line":87,"column":3}},"locations":[{"start":{"line":85,"column":25},"end":{"line":87,"column":3}}]},"12":{"type":"branch","line":93,"loc":{"start":{"line":93,"column":0},"end":{"line":122,"column":1}},"locations":[{"start":{"line":93,"column":0},"end":{"line":122,"column":1}}]},"13":{"type":"branch","line":96,"loc":{"start":{"line":96,"column":32},"end":{"line":115,"column":23}},"locations":[{"start":{"line":96,"column":32},"end":{"line":115,"column":23}}]},"14":{"type":"branch","line":97,"loc":{"start":{"line":97,"column":58},"end":{"line":97,"column":66}},"locations":[{"start":{"line":97,"column":58},"end":{"line":97,"column":66}}]},"15":{"type":"branch","line":102,"loc":{"start":{"line":102,"column":30},"end":{"line":104,"column":5}},"locations":[{"start":{"line":102,"column":30},"end":{"line":104,"column":5}}]},"16":{"type":"branch","line":106,"loc":{"start":{"line":106,"column":68},"end":{"line":111,"column":3}},"locations":[{"start":{"line":106,"column":68},"end":{"line":111,"column":3}}]},"17":{"type":"branch","line":115,"loc":{"start":{"line":115,"column":23},"end":{"line":122,"column":1}},"locations":[{"start":{"line":115,"column":23},"end":{"line":122,"column":1}}]},"18":{"type":"branch","line":125,"loc":{"start":{"line":125,"column":2},"end":{"line":138,"column":4}},"locations":[{"start":{"line":125,"column":2},"end":{"line":138,"column":4}}]},"19":{"type":"branch","line":131,"loc":{"start":{"line":131,"column":4},"end":{"line":137,"column":45}},"locations":[{"start":{"line":131,"column":4},"end":{"line":137,"column":45}}]}},"b":{"0":[4],"1":[0],"2":[0],"3":[2],"4":[1],"5":[71],"6":[1],"7":[2],"8":[64],"9":[2],"10":[0],"11":[0],"12":[4],"13":[2],"14":[0],"15":[0],"16":[1],"17":[1],"18":[4],"19":[0]},"fnMap":{"0":{"name":"configureCloudflareRuntime","decl":{"start":{"line":23,"column":0},"end":{"line":50,"column":1}},"loc":{"start":{"line":23,"column":0},"end":{"line":50,"column":1}},"line":23},"1":{"name":"timingSafeEqual","decl":{"start":{"line":52,"column":0},"end":{"line":59,"column":1}},"loc":{"start":{"line":52,"column":0},"end":{"line":59,"column":1}},"line":52},"2":{"name":"createMetaSignature","decl":{"start":{"line":61,"column":0},"end":{"line":76,"column":1}},"loc":{"start":{"line":61,"column":0},"end":{"line":76,"column":1}},"line":61},"3":{"name":"isValidMetaSignature","decl":{"start":{"line":78,"column":0},"end":{"line":91,"column":1}},"loc":{"start":{"line":78,"column":0},"end":{"line":91,"column":1}},"line":78},"4":{"name":"handleWebhook","decl":{"start":{"line":93,"column":0},"end":{"line":122,"column":1}},"loc":{"start":{"line":93,"column":0},"end":{"line":122,"column":1}},"line":93},"5":{"name":"fetch","decl":{"start":{"line":125,"column":2},"end":{"line":138,"column":4}},"loc":{"start":{"line":125,"column":2},"end":{"line":138,"column":4}},"line":125},"6":{"name":"queue","decl":{"start":{"line":140,"column":2},"end":{"line":144,"column":4}},"loc":{"start":{"line":140,"column":2},"end":{"line":144,"column":4}},"line":140}},"f":{"0":4,"1":2,"2":2,"3":2,"4":4,"5":4,"6":0}}
,"/home/gnu/brain/components/meta/src/test/events/sendDirectMessageIG.event.ts": {"path":"/home/gnu/brain/components/meta/src/test/events/sendDirectMessageIG.event.ts","all":false,"statementMap":{"0":{"start":{"line":1,"column":0},"end":{"line":1,"column":22}},"1":{"start":{"line":2,"column":0},"end":{"line":2,"column":12}},"2":{"start":{"line":3,"column":0},"end":{"line":3,"column":34}},"3":{"start":{"line":4,"column":0},"end":{"line":4,"column":15}},"4":{"start":{"line":5,"column":0},"end":{"line":5,"column":292}},"5":{"start":{"line":6,"column":0},"end":{"line":6,"column":5}},"6":{"start":{"line":7,"column":0},"end":{"line":7,"column":4}},"7":{"start":{"line":8,"column":0},"end":{"line":8,"column":14}},"8":{"start":{"line":9,"column":0},"end":{"line":9,"column":14}},"9":{"start":{"line":10,"column":0},"end":{"line":10,"column":36}},"10":{"start":{"line":11,"column":0},"end":{"line":11,"column":30}},"11":{"start":{"line":12,"column":0},"end":{"line":12,"column":39}},"12":{"start":{"line":13,"column":0},"end":{"line":13,"column":16}},"13":{"start":{"line":14,"column":0},"end":{"line":14,"column":111}},"14":{"start":{"line":15,"column":0},"end":{"line":15,"column":8}},"15":{"start":{"line":16,"column":0},"end":{"line":16,"column":15}},"16":{"start":{"line":17,"column":0},"end":{"line":17,"column":33}},"17":{"start":{"line":18,"column":0},"end":{"line":18,"column":147}},"18":{"start":{"line":19,"column":0},"end":{"line":19,"column":38}},"19":{"start":{"line":20,"column":0},"end":{"line":20,"column":18}},"20":{"start":{"line":21,"column":0},"end":{"line":21,"column":113}},"21":{"start":{"line":22,"column":0},"end":{"line":22,"column":10}},"22":{"start":{"line":23,"column":0},"end":{"line":23,"column":26}},"23":{"start":{"line":24,"column":0},"end":{"line":24,"column":34}},"24":{"start":{"line":25,"column":0},"end":{"line":25,"column":32}},"25":{"start":{"line":26,"column":0},"end":{"line":26,"column":32}},"26":{"start":{"line":27,"column":0},"end":{"line":27,"column":41}},"27":{"start":{"line":28,"column":0},"end":{"line":28,"column":25}},"28":{"start":{"line":29,"column":0},"end":{"line":29,"column":31}},"29":{"start":{"line":30,"column":0},"end":{"line":30,"column":44}},"30":{"start":{"line":31,"column":0},"end":{"line":31,"column":24}},"31":{"start":{"line":32,"column":0},"end":{"line":32,"column":24}},"32":{"start":{"line":33,"column":0},"end":{"line":33,"column":23}},"33":{"start":{"line":34,"column":0},"end":{"line":34,"column":10}},"34":{"start":{"line":35,"column":0},"end":{"line":35,"column":27}},"35":{"start":{"line":36,"column":0},"end":{"line":36,"column":19}},"36":{"start":{"line":37,"column":0},"end":{"line":37,"column":11}},"37":{"start":{"line":38,"column":0},"end":{"line":38,"column":32}},"38":{"start":{"line":39,"column":0},"end":{"line":39,"column":31}},"39":{"start":{"line":40,"column":0},"end":{"line":40,"column":25}},"40":{"start":{"line":41,"column":0},"end":{"line":41,"column":15}},"41":{"start":{"line":42,"column":0},"end":{"line":42,"column":44}},"42":{"start":{"line":43,"column":0},"end":{"line":43,"column":29}},"43":{"start":{"line":44,"column":0},"end":{"line":44,"column":19}},"44":{"start":{"line":45,"column":0},"end":{"line":45,"column":35}},"45":{"start":{"line":46,"column":0},"end":{"line":46,"column":48}},"46":{"start":{"line":47,"column":0},"end":{"line":47,"column":30}},"47":{"start":{"line":48,"column":0},"end":{"line":48,"column":36}},"48":{"start":{"line":49,"column":0},"end":{"line":49,"column":21}},"49":{"start":{"line":50,"column":0},"end":{"line":50,"column":20}},"50":{"start":{"line":51,"column":0},"end":{"line":51,"column":19}},"51":{"start":{"line":52,"column":0},"end":{"line":52,"column":35}},"52":{"start":{"line":53,"column":0},"end":{"line":53,"column":31}},"53":{"start":{"line":54,"column":0},"end":{"line":54,"column":20}},"54":{"start":{"line":55,"column":0},"end":{"line":55,"column":19}},"55":{"start":{"line":56,"column":0},"end":{"line":56,"column":35}},"56":{"start":{"line":57,"column":0},"end":{"line":57,"column":73}},"57":{"start":{"line":58,"column":0},"end":{"line":58,"column":85}},"58":{"start":{"line":59,"column":0},"end":{"line":59,"column":20}},"59":{"start":{"line":60,"column":0},"end":{"line":60,"column":19}},"60":{"start":{"line":61,"column":0},"end":{"line":61,"column":35}},"61":{"start":{"line":62,"column":0},"end":{"line":62,"column":37}},"62":{"start":{"line":63,"column":0},"end":{"line":63,"column":19}},"63":{"start":{"line":64,"column":0},"end":{"line":64,"column":17}},"64":{"start":{"line":65,"column":0},"end":{"line":65,"column":15}},"65":{"start":{"line":66,"column":0},"end":{"line":66,"column":13}},"66":{"start":{"line":67,"column":0},"end":{"line":67,"column":11}},"67":{"start":{"line":68,"column":0},"end":{"line":68,"column":9}},"68":{"start":{"line":69,"column":0},"end":{"line":69,"column":8}},"69":{"start":{"line":70,"column":0},"end":{"line":70,"column":36}},"70":{"start":{"line":71,"column":0},"end":{"line":71,"column":24}},"71":{"start":{"line":72,"column":0},"end":{"line":72,"column":32}},"72":{"start":{"line"
[...]
":49}},"583":{"start":{"line":584,"column":0},"end":{"line":584,"column":20}},"584":{"start":{"line":585,"column":0},"end":{"line":585,"column":284}},"585":{"start":{"line":586,"column":0},"end":{"line":586,"column":18}},"586":{"start":{"line":587,"column":0},"end":{"line":587,"column":16}},"587":{"start":{"line":588,"column":0},"end":{"line":588,"column":15}},"588":{"start":{"line":589,"column":0},"end":{"line":589,"column":11}},"589":{"start":{"line":590,"column":0},"end":{"line":590,"column":27}},"590":{"start":{"line":591,"column":0},"end":{"line":591,"column":27}},"591":{"start":{"line":592,"column":0},"end":{"line":592,"column":15}},"592":{"start":{"line":593,"column":0},"end":{"line":593,"column":31}},"593":{"start":{"line":594,"column":0},"end":{"line":594,"column":63}},"594":{"start":{"line":595,"column":0},"end":{"line":595,"column":15}},"595":{"start":{"line":596,"column":0},"end":{"line":596,"column":13}},"596":{"start":{"line":597,"column":0},"end":{"line":597,"column":12}},"597":{"start":{"line":598,"column":0},"end":{"line":598,"column":14}},"598":{"start":{"line":599,"column":0},"end":{"line":599,"column":32}},"599":{"start":{"line":600,"column":0},"end":{"line":600,"column":26}},"600":{"start":{"line":601,"column":0},"end":{"line":601,"column":34}},"601":{"start":{"line":602,"column":0},"end":{"line":602,"column":30}},"602":{"start":{"line":603,"column":0},"end":{"line":603,"column":18}},"603":{"start":{"line":604,"column":0},"end":{"line":604,"column":63}},"604":{"start":{"line":605,"column":0},"end":{"line":605,"column":18}},"605":{"start":{"line":606,"column":0},"end":{"line":606,"column":16}},"606":{"start":{"line":607,"column":0},"end":{"line":607,"column":15}},"607":{"start":{"line":608,"column":0},"end":{"line":608,"column":14}},"608":{"start":{"line":609,"column":0},"end":{"line":609,"column":32}},"609":{"start":{"line":610,"column":0},"end":{"line":610,"column":26}},"610":{"start":{"line":611,"column":0},"end":{"line":611,"column":33}},"611":{"start":{"line":612,"column":0},"end":{"line":612,"column":33}},"612":{"start":{"line":613,"column":0},"end":{"line":613,"column":21}},"613":{"start":{"line":614,"column":0},"end":{"line":614,"column":37}},"614":{"start":{"line":615,"column":0},"end":{"line":615,"column":40}},"615":{"start":{"line":616,"column":0},"end":{"line":616,"column":47}},"616":{"start":{"line":617,"column":0},"end":{"line":617,"column":21}},"617":{"start":{"line":618,"column":0},"end":{"line":618,"column":19}},"618":{"start":{"line":619,"column":0},"end":{"line":619,"column":14}},"619":{"start":{"line":620,"column":0},"end":{"line":620,"column":9}},"620":{"start":{"line":621,"column":0},"end":{"line":621,"column":6}},"621":{"start":{"line":622,"column":0},"end":{"line":622,"column":0}},"622":{"start":{"line":623,"column":0},"end":{"line":623,"column":32}},"623":{"start":{"line":624,"column":0},"end":{"line":624,"column":34}},"624":{"start":{"line":625,"column":0},"end":{"line":625,"column":17}},"625":{"start":{"line":626,"column":0},"end":{"line":626,"column":7}},"626":{"start":{"line":627,"column":0},"end":{"line":627,"column":43}},"627":{"start":{"line":628,"column":0},"end":{"line":628,"column":20}},"628":{"start":{"line":629,"column":0},"end":{"line":629,"column":8}},"629":{"start":{"line":630,"column":0},"end":{"line":630,"column":19}},"630":{"start":{"line":631,"column":0},"end":{"line":631,"column":9}},"631":{"start":{"line":632,"column":0},"end":{"line":632,"column":14}},"632":{"start":{"line":633,"column":0},"end":{"line":633,"column":32}},"633":{"start":{"line":634,"column":0},"end":{"line":634,"column":30}},"634":{"start":{"line":635,"column":0},"end":{"line":635,"column":18}},"635":{"start":{"line":636,"column":0},"end":{"line":636,"column":35}},"636":{"start":{"line":637,"column":0},"end":{"line":637,"column":29}},"637":{"start":{"line":638,"column":0},"end":{"line":638,"column":117}},"638":{"start":{"line":639,"column":0},"end":{"line":639,"column":49}},"639":{"start":{"line":640,"column":0},"end":{"line":640,"column":20}},"640":{"start":{"line":641,"column":0},"end":{"line":641,"column":284}},"641":{"start":{"line":642,"column":0},"end":{"line":642,"column":18}},"642":{"start":{"line":643,"column":0},"end":{"line":643,"column":16}},"643":{"start":{"line":644,"column":0},"end":{"line":644,"column":15}},"644":{"start":{"line":645,"column":0},"end":{"line":645,"column":11}},"645":{"start":{"line":646,"column":0},"end":{"line":646,"column":27}},"646":{"start":{"line":647,"column":0},"end":{"line":647,"column":27}},"647":{"start":{"line":648,"column":0},"end":{"line":648,"column":15}},"648":{"start":{"line":649,"column":0},"end":{"line":649,"column":31}},"649":{"start":{"line":650,"column":0},"end":{"line":650,"column":63}},"650":{"start":{"line":651,"column":0},"end":{"line":651,"column":15}},"651":{"start":{"line":652,"column":0},"end":{"line":652,"column":13}},"652":{"start":{"line":653,"column":0},"end":{"line":653,"column":12}},"653":{"start":{"line":654,"column":0},"end":{"line":654,"column":14}},"654":{"start":{"line":655,"column":0},"end":{"line":655,"column":32}},"655":{"start":{"line":656,"column":0},"end":{"line":656,"column":26}},"656":{"start":{"line":657,"column":0},"end":{"line":657,"column":34}},"657":{"start":{"line":658,"column":0},"end":{"line":658,"column":30}},"658":{"start":{"line":659,"column":0},"end":{"line":659,"column":18}},"659":{"start":{"line":660,"column":0},"end":{"line":660,"column":63}},"660":{"start":{"line":661,"column":0},"end":{"line":661,"column":18}},"661":{"start":{"line":662,"column":0},"end":{"line":662,"column":16}},"662":{"start":{"line":663,"column":0},"end":{"line":663,"column":15}},"663":{"start":{"line":664,"column":0},"end":{"line":664,"column":11}},"664":{"start":{"line":665,"column":0},"end":{"line":665,"column":29}},"665":{"start":{"line":666,"column":0},"end":{"line":666,"column":23}},"666":{"start":{"line":667,"column":0},"end":{"line":667,"column":30}},"667":{"start":{"line":668,"column":0},"end":{"line":668,"column":27}},"668":{"start":{"line":669,"column":0},"end":{"line":669,"column":15}},"669":{"start":{"line":670,"column":0},"end":{"line":670,"column":31}},"670":{"start":{"line":671,"column":0},"end":{"line":671,"column":34}},"671":{"start":{"line":672,"column":0},"end":{"line":672,"column":41}},"672":{"start":{"line":673,"column":0},"end":{"line":673,"column":15}},"673":{"start":{"line":674,"column":0},"end":{"line":674,"column":13}},"674":{"start":{"line":675,"column":0},"end":{"line":675,"column":11}},"675":{"start":{"line":676,"column":0},"end":{"line":676,"column":9}},"676":{"start":{"line":677,"column":0},"end":{"line":677,"column":6}},"677":{"start":{"line":678,"column":0},"end":{"line":678,"column":0}},"678":{"start":{"line":679,"column":0},"end":{"line":679,"column":18}},"679":{"start":{"line":680,"column":0},"end":{"line":680,"column":28}},"680":{"start":{"line":681,"column":0},"end":{"line":681,"column":17}},"681":{"start":{"line":682,"column":0},"end":{"line":682,"column":7}},"682":{"start":{"line":683,"column":0},"end":{"line":683,"column":43}},"683":{"start":{"line":684,"column":0},"end":{"line":684,"column":20}},"684":{"start":{"line":685,"column":0},"end":{"line":685,"column":8}},"685":{"start":{"line":686,"column":0},"end":{"line":686,"column":19}},"686":{"start":{"line":687,"column":0},"end":{"line":687,"column":9}},"687":{"start":{"line":688,"column":0},"end":{"line":688,"column":11}},"688":{"start":{"line":689,"column":0},"end":{"line":689,"column":29}},"689":{"start":{"line":690,"column":0},"end":{"line":690,"column":27}},"690":{"start":{"line":691,"column":0},"end":{"line":691,"column":15}},"691":{"start":{"line":692,"column":0},"end":{"line":692,"column":32}},"692":{"start":{"line":693,"column":0},"end":{"line":693,"column":26}},"693":{"start":{"line":694,"column":0},"end":{"line":694,"column":107}},"694":{"start":{"line":695,"column":0},"end":{"line":695,"column":46}},"695":{"start":{"line":696,"column":0},"end":{"line":696,"column":17}},"696":{"start":{"line":697,"column":0},"end":{"line":697,"column":281}},"697":{"start":{"line":698,"column":0},"end":{"line":698,"column":15}},"698":{"start":{"line":699,"column":0},"end":{"line":699,"column":13}},"699":{"start":{"line":700,"column":0},"end":{"line":700,"column":12}},"700":{"start":{"line":701,"column":0},"end":{"line":701,"column":11}},"701":{"start":{"line":702,"column":0},"end":{"line":702,"column":27}},"702":{"start":{"line":703,"column":0},"end":{"line":703,"column":27}},"703":{"start":{"line":704,"column":0},"end":{"line":704,"column":15}},"704":{"start":{"line":705,"column":0},"end":{"line":705,"column":31}},"705":{"start":{"line":706,"column":0},"end":{"line":706,"column":46}},"706":{"start":{"line":707,"column":0},"end":{"line":707,"column":16}},"707":{"start":{"line":708,"column":0},"end":{"line":708,"column":15}},"708":{"start":{"line":709,"column":0},"end":{"line":709,"column":31}},"709":{"start":{"line":710,"column":0},"end":{"line":710,"column":44}},"710":{"start":{"line":711,"column":0},"end":{"line":711,"column":15}},"711":{"start":{"line":712,"column":0},"end":{"line":712,"column":13}},"712":{"start":{"line":713,"column":0},"end":{"line":713,"column":12}},"713":{"start":{"line":714,"column":0},"end":{"line":714,"column":14}},"714":{"start":{"line":715,"column":0},"end":{"line":715,"column":32}},"715":{"start":{"line":716,"column":0},"end":{"line":716,"column":26}},"716":{"start":{"line":717,"column":0},"end":{"line":717,"column":34}},"717":{"start":{"line":718,"column":0},"end":{"line":718,"column":30}},"718":{"start":{"line":719,"column":0},"end":{"line":719,"column":18}},"719":{"start":{"line":720,"column":0},"end":{"line":720,"column":63}},"720":{"start":{"line":721,"column":0},"end":{"line":721,"column":18}},"721":{"start":{"line":722,"column":0},"end":{"line":722,"column":16}},"722":{"start":{"line":723,"column":0},"end":{"line":723,"column":15}},"723":{"start":{"line":724,"column":0},"end":{"line":724,"column":14}},"724":{"start":{"line":725,"column":0},"end":{"line":725,"column":32}},"725":{"start":{"line":726,"column":0},"end":{"line":726,"column":26}},"726":{"start":{"line":727,"column":0},"end":{"line":727,"column":33}},"727":{"start":{"line":728,"column":0},"end":{"line":728,"column":30}},"728":{"start":{"line":729,"column":0},"end":{"line":729,"column":18}},"729":{"start":{"line":730,"column":0},"end":{"line":730,"column":34}},"730":{"start":{"line":731,"column":0},"end":{"line":731,"column":37}},"731":{"start":{"line":732,"column":0},"end":{"line":732,"column":44}},"732":{"start":{"line":733,"column":0},"end":{"line":733,"column":18}},"733":{"start":{"line":734,"column":0},"end":{"line":734,"column":16}},"734":{"start":{"line":735,"column":0},"end":{"line":735,"column":14}},"735":{"start":{"line":736,"column":0},"end":{"line":736,"column":9}},"736":{"start":{"line":737,"column":0},"end":{"line":737,"column":6}},"737":{"start":{"line":738,"column":0},"end":{"line":738,"column":0}},"738":{"start":{"line":739,"column":0},"end":{"line":739,"column":0}},"739":{"start":{"line":740,"column":0},"end":{"line":740,"column":73}},"740":{"start":{"line":741,"column":0},"end":{"line":741,"column":0}},"741":{"start":{"line":742,"column":0},"end":{"line":742,"column":62}},"742":{"start":{"line":743,"column":0},"end":{"line":743,"column":23}},"743":{"start":{"line":744,"column":0},"end":{"line":744,"column":103}},"744":{"start":{"line":745,"column":0},"end":{"line":745,"column":42}},"745":{"start":{"line":746,"column":0},"end":{"line":746,"column":9}},"746":{"start":{"line":747,"column":0},"end":{"line":747,"column":0}},"747":{"start":{"line":748,"column":0},"end":{"line":748,"column":72}},"748":{"start":{"line":749,"column":0},"end":{"line":749,"column":34}},"749":{"start":{"line":750,"column":0},"end":{"line":750,"column":0}},"750":{"start":{"line":751,"column":0},"end":{"line":751,"column":6}},"751":{"start":{"line":752,"column":0},"end":{"line":752,"column":1}}},"s":{"0":1,"1":1,"2":1,"3":1,"4":1,"5":1,"6":1,"7":1,"8":1,"9":1,"10":1,"11":1,"12":1,"13":1,"14":1,"15":1,"16":1,"17":1,"18":1,"19":1,"20":1,"21":1,"22":1,"23":1,"24":1,"25":1,"26":1,"27":1,"28":1,"29":1,"30":1,"31":1,"32":1,"33":1,"34":1,"35":1,"36":1,"37":1,"38":1,"39":1,"40":1,"41":1,"42":1,"43":1,"44":1,"45":1,"46":1,"47":1,"48":1,"49":1,"50":1,"51":1,"52":1,"53":1,"54":1,"55":1,"56":1,"57":1,"58":1,"59":1,"60":1,"61":1,"62":1,"63":1,"64":1,"65":1,"66":1,"67":1,"68":1,"69":1,"70":1,"71":1,"72":0,"73":0,"74":0,"75":0,"76":0,"77":0,"78":0,"79":0,"80":1,"81":0,"82":0,"83":0,"84":0,"85":0,"86":0,"87":0,"88":0,"89":0,"90":1,"91":0,"92":0,"93":0,"94":0,"95":0,"96":0,"97":0,"98":0,"99":0,"100":0,"101":0,"102":0,"103":0,"104":0,"105":0,"106":0,"107":0,"108":0,"109":0,"110":0,"111":0,"112":0,"113":1,"114":1,"115":1,"116":1,"117":1,"118":1,"119":1,"120":1,"121":1,"122":1,"123":1,"124":1,"125":1,"126":1,"127":1,"128":1,"129":1,"130":1,"131":1,"132":1,"133":1,"134":1,"135":1,"136":1,"137":1,"138":1,"139":1,"140":1,"141":1,"142":1,"143":1,"144":0,"145":0,"146":0,"147":0,"148":0,"149":0,"150":0,"151":0,"152":0,"153":0,"154":0,"155":0,"156":1,"157":1,"158":1,"159":1,"160":1,"161":1,"162":1,"163":1,"164":1,"165":1,"166":1,"167":1,"168":1,"169":1,"170":1,"171":1,"172":1,"173":1,"174":1,"175":1,"176":1,"177":1,"178":1,"179":1,"180":1,"181":1,"182":1,"183":1,"184":1,"185":1,"186":1,"187":1,"188":1,"189":1,"190":1,"191":1,"192":1,"193":1,"194":1,"195":1,"196":1,"197":1,"198":1,"199":1,"200":1,"201":1,"202":1,"203":1,"204":1,"205":1,"206":0,"207":0,"208":0,"209":0,"210":0,"211":0,"212":0,"213":0,"214":0,"215":0,"216":0,"217":0,"218":0,"219":0,"220":0,"221":0,"222":0,"223":0,"224":0,"225":1,"226":0,"227":0,"228":0,"229":0,"230":0,"231":0,"232":0,"233":0,"234":0,"235":0,"236":0,"237":0,"238":0,"239":0,"240":0,"241":0,"242":0,"243":0,"244":0,"245":0,"246":0,"247":0,"248":0,"249":1,"250":0,"251":0,"252":0,"253":0,"254":0,"255":0,"256":0,"257":0,"258":0,"259":0,"260":0,"261":0,"262":0,"263":0,"264":0,"265":0,"266":0,"267":0,"268":0,"269":1,"270":0,"271":0,"272":0,"273":0,"274":0,"275":0,"276":0,"277":0,"278":0,"279":0,"280":0,"281":0,"282":0,"283":0,"284":0,"285":0,"286":0,"287":0,"288":0,"289":0,"290":0,"291":0,"292":0,"293":0,"294":0,"295":1,"296":1,"297":1,"298":1,"299":1,"300":1,"301":1,"302":1,"303":1,"304":1,"305":1,"306":1,"307":1,"308":1,"309":1,"310":1,"311":1,"312":0,"313":0,"314":0,"315":0,"316":0,"317":0,"318":0,"319":0,"320":0,"321":0,"322":0,"323":0,"324":0,"325":0,"326":0,"327":0,"328":0,"329":0,"330":0,"331":0,"332":0,"333":0,"334":0,"335":0,"336":0,"337":0,"338":0,"339":0,"340":0,"341":0,"342":0,"343":0,"344":0,"345":0,"346":0,"347":0,"348":0,"349":0,"350":0,"351":0,"352":0,"353":0,"354":0,"355":0,"356":0,"357":0,"358":0,"359":0,"360":0,"361":0,"362":0,"363":0,"364":0,"365":0,"366":0,"367":0,"368":0,"369":0,"370":0,"371":0,"372":0,"373":0,"374":0,"375":0,"376":0,"377":0,"378":0,"379":0,"380":0,"381":0,"382":0,"383":0,"384":0,"385":0,"386":0,"387":0,"388":0,"389":0,"390":0,"391":0,"392":0,"393":1,"394":1,"395":1,"396":1,"397":1,"398":1,"399":1,"400":1,"401":1,"402":1,"403":1,"404":1,"405":1,"406":1,"407":1,"408":1,"409":1,"410":1,"411":1,"412":1,"413":1,"414":1,"415":1,"416":1,"417":1,"418":1,"419":1,"420":1,"421":1,"422":1,"423":1,"424":1,"425":1,"426":1,"427":1,"428":1,"429":1,"430":1,"431":1,"432":1,"433":1,"434":1,"435":1,"436":1,"437":1,"438":1,"439":1,"440":1,"441":1,"442":1,"443":1,"444":1,"445":1,"446":1,"447":1,"448":1,"449":1,"450":1,"451":1,"452":1,"453":1,"454":1,"455":1,"456":1,"457":1,"458":1,"459":1,"460":1,"461":1,"462":1,"463":1,"464":1,"465":1,"466":1,"467":1,"468":1,"469":1,"470":1,"471":1,"472":1,"473":1,"474":1,"475":0,"476":0,"477":0,"478":0,"479":0,"480":0,"481":0,"482":0,"483":0,"484":0,"485":1,"486":1,"487":0,"488":0,"489":0,"490":0,"491":0,"492":0,"493":0,"494":0,"495":0,"496":0,"497":0,"498":0,"499":0,"500":0,"501":0,"502":0,"503":0,"504":0,"505":0,"506":0,"507":0,"508":0,"509":0,"510":0,"511":0,"512":0,"513":0,"514":0,"515":0,"516":0,"517":0,"518":0,"519":0,"520":0,"521":0,"522":0,"523":0,"524":0,"525":0,"526":0,"527":0,"528":0,"529":0,"530":0,"531":0,"532":0,"533":0,"534":0,"535":0,"536":0,"537":0,"538":0,"539":0,"540":0,"541":0,"542":0,"543":0,"544":0,"545":0,"546":0,"547":0,"548":0,"549":0,"550":0,"551":0,"552":0,"553":0,"554":0,"555":0,"556":0,"557":0,"558":0,"559":0,"560":0,"561":0,"562":0,"563":0,"564":0,"565":0,"566":0,"567":0,"568":0,"569":0,"570":0,"571":0,"572":0,"573":0,"574":0,"575":0,"576":0,"577":0,"578":0,"579":0,"580":0,"581":0,"582":0,"583":0,"584":0,"585":0,"586":0,"587":0,"588":0,"589":0,"590":0,"591":0,"592":0,"593":0,"594":0,"595":0,"596":0,"597":0,"598":0,"599":0,"600":0,"601":0,"602":0,"603":0,"604":0,"605":0,"606":0,"607":0,"608":0,"609":0,"610":0,"611":0,"612":0,"613":0,"614":0,"615":0,"616":0,"617":0,"618":0,"619":0,"620":0,"621":0,"622":0,"623":0,"624":0,"625":0,"626":0,"627":0,"628":0,"629":0,"630":0,"631":0,"632":0,"633":0,"634":0,"635":0,"636":0,"637":0,"638":0,"639":0,"640":0,"641":0,"642":0,"643":0,"644":0,"645":0,"646":0,"647":0,"648":0,"649":0,"650":0,"651":0,"652":0,"653":0,"654":0,"655":0,"656":0,"657":0,"658":0,"659":0,"660":0,"661":0,"662":0,"663":0,"664":0,"665":0,"666":0,"667":0,"668":0,"669":0,"670":0,"671":0,"672":0,"673":0,"674":0,"675":0,"676":0,"677":0,"678":0,"679":0,"680":0,"681":0,"682":0,"683":0,"684":0,"685":0,"686":0,"687":0,"688":0,"689":0,"690":0,"691":0,"692":0,"693":0,"694":0,"695":0,"696":0,"697":0,"698":0,"699":0,"700":0,"701":0,"702":0,"703":0,"704":0,"705":0,"706":0,"707":0,"708":0,"709":0,"710":0,"711":0,"712":0,"713":0,"714":0,"715":0,"716":0,"717":0,"718":0,"719":0,"720":0,"721":0,"722":0,"723":0,"724":0,"725":0,"726":0,"727":0,"728":0,"729":0,"730":0,"731":0,"732":0,"733":0,"734":0,"735":0,"736":0,"737":0,"738":0,"739":0,"740":0,"741":0,"742":0,"743":0,"744":0,"745":0,"746":0,"747":0,"748":0,"749":0,"750":0,"751":0},"branchMap":{"0":{"type":"branch","line":487,"loc":{"start":{"line":487,"column":96},"end":{"line":752,"column":1}},"locations":[{"start":{"line":487,"column":96},"end":{"line":752,"column":1}}]}},"b":{"0":[0]},"fnMap":{"0":{"name":"putEvent","decl":{"start":{"line":72,"column":7},"end":{"line":80,"column":1}},"loc":{"start":{"line":72,"column":7},"end":{"line":80,"column":1}},"line":72},"1":{"name":"putMessage","decl":{"start":{"line":82,"column":0},"end":{"line":90,"column":1}},"loc":{"start":{"line":82,"column":0},"end":{"line":90,"column":1}},"line":82},"2":{"name":"putStatus","decl":{"start":{"line":92,"column":0},"end":{"line":113,"column":1}},"loc":{"start":{"line":92,"column":0},"end":{"line":113,"column":1}},"line":92},"3":{"name":"getWhatsAppClient","decl":{"start":{"line":145,"column":0},"end":{"line":156,"column":1}},"loc":{"start":{"line":145,"column":0},"end":{"line":156,"column":1}},"line":145},"4":{"name":"sendWhatsappTemplate","decl":{"start":{"line":207,"column":0},"end":{"line":225,"column":1}},"loc":{"start":{"line":207,"column":0},"end":{"line":225,"column":1}},"line":207},"5":{"name":"downloadMediaToStream","decl":{"start":{"line":227,"column":0},"end":{"line":249,"column":1}},"loc":{"start":{"line":227,"column":0},"end":{"line":249,"column":1}},"line":227},"6":{"name":"getMediaMetadata","decl":{"start":{"line":251,"column":0},"end":{"line":269,"column":1}},"loc":{"start":{"line":251,"column":0},"end":{"line":269,"column":1}},"line":251},"7":{"name":"setTyping","decl":{"start":{"line":271,"column":0},"end":{"line":295,"column":1}},"loc":{"start":{"line":271,"column":0},"end":{"line":295,"column":1}},"line":271},"8":{"name":"sendWhatsappMessage","decl":{"start":{"line":313,"column":0},"end":{"line":393,"column":1}},"loc":{"start":{"line":313,"column":0},"end":{"line":393,"column":1}},"line":313},"9":{"name":"getMediaUrl","decl":{"start":{"line":476,"column":0},"end":{"line":485,"column":1}},"loc":{"start":{"line":476,"column":0},"end":{"line":485,"column":1}},"line":476}},"f":{"0":0,"1":0,"2":0,"3":0,"4":0,"5":0,"6":0,"7":0,"8":0,"9":0}}
}
