{"/home/gnu/brain/components/database/src/index.ts": {"path":"/home/gnu/brain/components/database/src/index.ts","all":false,"statementMap":{"0":{"start":{"line":1,"column":0},"end":{"line":1,"column":43}},"1":{"start":{"line":2,"column":0},"end":{"line":2,"column":41}},"2":{"start":{"line":3,"column":0},"end":{"line":3,"column":55}},"3":{"start":{"line":4,"column":0},"end":{"line":4,"column":8}},"4":{"start":{"line":5,"column":0},"end":{"line":5,"column":24}},"5":{"start":{"line":6,"column":0},"end":{"line":6,"column":35}},"6":{"start":{"line":7,"column":0},"end":{"line":7,"column":30}},"7":{"start":{"line":8,"column":0},"end":{"line":8,"column":28}},"8":{"start":{"line":9,"column":0},"end":{"line":9,"column":18}},"9":{"start":{"line":10,"column":0},"end":{"line":10,"column":0}},"10":{"start":{"line":11,"column":0},"end":{"line":11,"column":33}},"11":{"start":{"line":12,"column":0},"end":{"line":12,"column":0}},"12":{"start":{"line":13,"column":0},"end":{"line":13,"column":31}},"13":{"start":{"line":14,"column":0},"end":{"line":14,"column":14}},"14":{"start":{"line":15,"column":0},"end":{"line":15,"column":31}},"15":{"start":{"line":16,"column":0},"end":{"line":16,"column":30}},"16":{"start":{"line":17,"column":0},"end":{"line":17,"column":25}},"17":{"start":{"line":18,"column":0},"end":{"line":18,"column":19}},"18":{"start":{"line":19,"column":0},"end":{"line":19,"column":20}},"19":{"start":{"line":20,"column":0},"end":{"line":20,"column":25}},"20":{"start":{"line":21,"column":0},"end":{"line":21,"column":2}},"21":{"start":{"line":22,"column":0},"end":{"line":22,"column":0}},"22":{"start":{"line":23,"column":0},"end":{"line":23,"column":34}},"23":{"start":{"line":24,"column":0},"end":{"line":24,"column":13}},"24":{"start":{"line":25,"column":0},"end":{"line":25,"column":21}},"25":{"start":{"line":26,"column":0},"end":{"line":26,"column":20}},"26":{"start":{"line":27,"column":0},"end":{"line":27,"column":15}},"27":{"start":{"line":28,"column":0},"end":{"line":28,"column":18}},"28":{"start":{"line":29,"column":0},"end":{"line":29,"column":19}},"29":{"start":{"line":30,"column":0},"end":{"line":30,"column":2}},"30":{"start":{"line":31,"column":0},"end":{"line":31,"column":0}},"31":{"start":{"line":32,"column":0},"end":{"line":32,"column":40}},"32":{"start":{"line":33,"column":0},"end":{"line":33,"column":18}},"33":{"start":{"line":34,"column":0},"end":{"line":34,"column":30}},"34":{"start":{"line":35,"column":0},"end":{"line":35,"column":20}},"35":{"start":{"line":36,"column":0},"end":{"line":36,"column":18}},"36":{"start":{"line":37,"column":0},"end":{"line":37,"column":2}},"37":{"start":{"line":38,"column":0},"end":{"line":38,"column":0}},"38":{"start":{"line":39,"column":0},"end":{"line":39,"column":38}},"39":{"start":{"line":40,"column":0},"end":{"line":40,"column":18}},"40":{"start":{"line":41,"column":0},"end":{"line":41,"column":17}},"41":{"start":{"line":42,"column":0},"end":{"line":42,"column":25}},"42":{"start":{"line":43,"column":0},"end":{"line":43,"column":21}},"43":{"start":{"line":44,"column":0},"end":{"line":44,"column":18}},"44":{"start":{"line":45,"column":0},"end":{"line":45,"column":13}},"45":{"start":{"line":46,"column":0},"end":{"line":46,"column":2}},"46":{"start":{"line":47,"column":0},"end":{"line":47,"column":0}},"47":{"start":{"line":48,"column":0},"end":{"line":48,"column":41}},"48":{"start":{"line":49,"column":0},"end":{"line":49,"column":18}},"49":{"start":{"line":50,"column":0},"end":{"line":50,"column":26}},"50":{"start":{"line":51,"column":0},"end":{"line":51,"column":18}},"51":{"start":{"line":52,"column":0},"end":{"line":52,"column":20}},"52":{"start":{"line":53,"column":0},"end":{"line":53,"column":22}},"53":{"start":{"line":54,"column":0},"end":{"line":54,"column":14}},"54":{"start":{"line":55,"column":0},"end":{"line":55,"column":20}},"55":{"start":{"line":56,"column":0},"end":{"line":56,"column":15}},"56":{"start":{"line":57,"column":0},"end":{"line":57,"column":4}},"57":{"start":{"line":58,"column":0},"end":{"line":58,"column":33}},"58":{"start":{"line":59,"column":0},"end":{"line":59,"column":2}},"59":{"start":{"line":60,"column":0},"end":{"line":60,"column":0}},"60":{"start":{"line":61,"column":0},"end":{"line":61,"column":33}},"61":{"start":{"line":62,"column":0},"end":{"line":62,"column":18}},"62":{"start":{"line":63,"column":0},"end":{"line":63,"column":38}},"63":{"start":{"line":64,"column":0},"end":{"line":64,"column":2}},"64":{"start":{"line":65,"column":0},"end":{"line":65,"column":0}},"65":{"start":{"line":66,"column":0},"end":{"line":66,"column":18}},"66":{"start":{"line":67,"column":0},"end":{"line":67,"column":13}},"67":{"start":{"line":68,"column":0},"end":{"line":68,"column":18}},"68":{"start":{"line":69,"column":0},"end":{"line":69,"column":18}},"69":{"start":{"line":70,"column":0},"end":{"line":70,"column":16}},"70":{"start":{"line":71,"column":0},"end":{"line":71,"column":17}},"71":{"start":{"line":72,"column":0},"end":{"line":72,"column":19}},"72":{"start":{"line":73,"column":0},"end":{"line":73,"column":20}},"73":{"start":{"line":74,"column":0},"end":{"line":74,"column":25}},"74":{"start":{"line":75,"column":0},"end":{"line":75,"column":2}},"75":{"start":{"line":76,"column":0},"end":{"line":76,"column":0}},"76":{"start":{"line":77,"column":0},"end":{"line":77,"column":43}},"77":{"start":{"line":78,"column":0},"end":{"line":78,"column":31}},"78":{"start":{"line":79,"column":0},"end":{"line":79,"column":11}},"79":{"start":{"line":80,"column":0},"end":{"line":80,"column":18}},"80":{"start":{"line":81,"column":0},"end":{"line":81,"column":34}},"81":{"start":{"line":82,"column":0},"end":{"line":82,"column":42}},"82":{"start":{"line":83,"column":0},"end":{"line":83,"column":1}},"83":{"start":{"line":84,"column":0},"end":{"line":84,"column":0}},"84":{"start":{"line":85,"column":0},"end":{"line":85,"column":67}},"85":{"start":{"line":86,"column":0},"end":{"line":86,"column":29}},"86":{"start":{"line":87,"column":0},"end":{"line":87,"column":16}},"87":{"start":{"line":88,"column":0},"end":{"line":88,"column":78}},"88":{"start":{"line":89,"column":0},"end":{"line":89,"column":23}},"89":{"start":{"line":90,"column":0},"end":{"line":90,"column":3}},"90":{"start":{"line":91,"column":0},"end":{"line":91,"column":0}},"91":{"start":{"line":92,"column":0},"end":{"line":92,"column":34}},"92":{"start":{"line":93,"column":0},"end":{"line":93,"column":74}},"93":{"start":{"line":94,"column":0},"end":{"line":94,"column":42}},"94":{"start":{"line":95,"column":0},"end":{"line":95,"column":3}},"95":{"start":{"line":96,"column":0},"end":{"line":96,"column":0}},"96":{"start":{"line":97,"column":0},"end":{"line":97,"column":12}},"97":{"start":{"line":98,"column":0},"end":{"line":98,"column":1}},"98":{"start":{"line":99,"column":0},"end":{"line":99,"column":0}},"99":{"start":{"line":100,"column":0},"end":{"line":100,"column":45}},"100":{"start":{"line":101,"column":0},"end":{"line":101,"column":52}},"101":{"start":{"line":102,"column":0},"end":{"line":102,"column":1}},"102":{"start":{"line":103,"column":0},"end":{"line":103,"column":0}},"103":{"start":{"line":104,"column":0},"end":{"line":104,"column":66}},"104":{"start":{"line":105,"column":0},"end":{"line":105,"column":40}},"105":{"start":{"line":106,"column":0},"end":{"line":106,"column":44}},"106":{"start":{"line":107,"column":0},"end":{"line":107,"column":31}},"107":{"start":{"line":108,"column":0},"end":{"line":108,"column":21}},"108":{"start":{"line":109,"column":0},"end":{"line":109,"column":0}},"109":{"start":{"line":110,"column":0},"end":{"line":110,"column":35}},"110":{"start":{"line":111,"column":0},"end":{"line":111,"column":1}},"111":{"start":{"line":112,"column":0},"end":{"line":112,"column":0}},"112":{"start":{"line":113,"column":0},"end":{"line":113,"column":26}},"113":{"start":{"line":114,"column":0},"end":{"line":114,"column":51}},"114":{"start":{"line":115,"column":0},"end":{"line":115,"column":89}},"115":{"start":{"line":116,"column":0},"end":{"line":116,"column":1}},"116":{"start":{"line":117,"column":0},"end":{"line":117,"column":0}},"117":{"start":{"line":118,"column":0},"end":{"line":118,"column":25}},"118":{"start":{"line":119,"column":0},"end":{"line":119,"column":29}},"119":{"start":{"line":120,"column":0},"end":{"line":120,"column":23}},"120":{"start":{"line":121,"column":0},"end":{"line":121,"column":0}},"121":{"start":{"line":122,"column":0},"end":{"line":122,"column":22}},"122":{"start":{"line":123,"column":0},"end":{"line":123,"column":13}},"123":{"start":{"line":124,"column":0},"end":{"line":124,"column":32}},"124":{"start":{"line":125,"column":0},"end":{"line":125,"column":39}},"125":{"start":{"line":126,"column":0},"end":{"line":126,"column":34}},"126":{"start":{"line":127,"column":0},"end":{"line":127,"column":28}},"127":{"start":{"line":128,"column":0},"end":{"line":128,"column":6}},"128":{"start":{"line":129,"column":0},"end":{"line":129,"column":5}},"129":{"start":{"line":130,"column":0},"end":{"line":130,"column":1}},"130":{"start":{"line":131,"column":0},"end":{"line":131,"column":0}},"131":{"start":{"line":132,"column":0},"end":{"line":132,"column":45}},"132":{"start":{"line":133,"column":0},"end":{"line":133,"column":63}},"133":{"start":{"line":134,"column":0},"end":{"line":134,"column":1}},"134":{"start":{"line":135,"column":0},"end":{"line":135,"column":0}},"135":{"start":{"line":136,"column":0},"end":{"line":136,"column":112}},"136":{"start":{"line":137,"column":0},"end":{"line":137,"column":25}},"137":{"start":{"line":138,"column":0},"end":{"line":138,"column":38}},"138":{"start":{"line":139,"column":0},"end":{"line":139,"column":10}},"139":{"start":{"line":140,"column":0},"end":{"line":140,"column":14}},"140":{"start":{"line":141,"column":0},"end":{"line":141,"column":11}},"141":{"start":{"line":142,"column":0},"end":{"line":142,"column":40}},"142":{"start":{"line":143,"column":0},"end":{"line":143,"column":1}},"143":{"start":{"line":144,"column":0},"end":{"line":144,"column":0}},"144":{"start":{"line":145,"column":0},"end":{"line":145,"column":24}},"145":{"start":{"line":146,"column":0},"end":{"line":146,"column":18}},"146":{"start":{"line":147,"column":0},"end":{"line":147,"column":18}},"147":{"start":{"line":148,"column":0},"end":{"line":148,"column":25}},"148":{"start":{"line":149,"column":0},"end":{"line":149,"column":19}},"149":{"start":{"line":150,"column":0},"end":{"line":150,"column":15}},"150":{"start":{"line":151,"column":0},"end":{"line":151,"column":3}},"151":{"start":{"line":152,"column":0},"end":{"line":152,"column":102}},"152":{"start":{"line":153,"column":0},"end":{"line":153,"column":1}},"153":{"start":{"line":154,"column":0},"end":{"line":154,"column":0}},"154":{"start":{"line":155,"column":0},"end":{"line":155,"column":32}},"155":{"start":{"line":156,"column":0},"end":{"line":156,"column":18}},"156":{"start":{"line":157,"column":0},"end":{"line":157,"column":27}},"157":{"start":{"line":158,"column":0},"end":{"line":158,"column":20}},"158":{"start":{"line":159,"column":0},"end":{"line":159,"column":17}},"159":{"start":{"line":160,"column":0},"end":{"line":160,"column":3}},"160":{"start":{"line":161,"column":0},"end":{"line":161,"column":53}},"161":{"start":{"line":162,"column":0},"end":{"line":162,"column":83}},"162":{"start":{"line":163,"column":0},"end":{"line":163,"column":73}},"163":{"start":{"line":164,"column":0},"end":{"line":164,"column":0}},"164":{"start":{"line":165,"column":0},"end":{"line":165,"column":51}},"165":{"start":{"line":166,"column":0},"end":{"line":166,"column":40}},"166":{"start":{"line":167,"column":0},"end":{"line":167,"column":46}},"167":{"start":{"line":168,"column":0},"end":{"line":168,"column":23}},"168":{"start":{"line":169,"column":0},"end":{"line":169,"column":90}},"169":{"start":{"line":170,"column":0},"end":{"line":170,"column":37}},"170":{"start":{"line":171,"column":0},"end":{"line":171,"column":18}},"171":{"start":{"line":172,"column":0},"end":{"line":172,"column":16}},"172":{"start":{"line":173,"column":0},"end":{"line":173,"column":38}},"173":{"start":{"line":174,"column":0},"end":{"line":174,"column":34}},"174":{"start":{"line":175,"column":0},"end":{"line":175,"column":20}},"175":{"start":{"line":176,"column":0},"end":{"line":176,"column":33}},"176":{"start":{"line":177,"column":0},"end":{"line":177,"column":11}},"177":{"start":{"line":178,"column":0},"end":{"line":178,"column":9}},"178":{"start":{"line":179,"column":0},"end":{"line":179,"column":0}},"179":{"start":{"line":180,"column":0},"end":{"line":180,"column":41}},"180":{"start":{"line":181,"column":0},"end":{"line":181,"column":18}},"181":{"start":{"line":182,"column":0},"end":{"line":182,"column":85}},"182":{"start":{"line":183,"column":0},"end":{"line":183,"column":37}},"183":{"start":{"line":184,"column":0},"end":{"line":184,"column":18}},"184":{"start":{"line":185,"column":0},"end":{"line":185,"column":16}},"185":{"start":{"line":186,"column":0},"end":{"line":186,"column":38}},"186":{"start":{"line":187,"column":0},"end":{"line":187,"column":34}},"187":{"start":{"line":188,"column":0},"end":{"line":188,"column":20}},"188":{"start":{"line":189,"column":0},"end":{"line":189,"column":33}},"189":{"start":{"line":190,"column":0},"end":{"line":190,"column":11}},"190":{"start":{"line":191,"column":0},"end":{"line":191,"column":9}},"191":{"start":{"line":192,"column":0},"end":{"line":192,"column":7}},"192":{"start":{"line":193,"column":0},"end":{"line":193,"column":5}},"193":{"start":{"line":194,"column":0},"end":{"line":194,"column":0}},"194":{"start":{"line":195,"column":0},"end":{"line":195,"column":27}},"195":{"start":{"line":196,"column":0},"end":{"line":196,"column":1}},"196":{"start":{"line":197,"column":0},"end":{"line":197,"column":0}},"197":{"start":{"line":198,"column":0},"end":{"line":198,"column":34}},"198":{"start":{"line":199,"column":0},"end":{"line":199,"column":18}},"199":{"start":{"line":200,"column":0},"end":{"line":200,"column":24}},"200":{"start":{"line":201,"column":0},"end":{"line":201,"column":19}},"201":{"start":{"line":202,"column":0},"end":{"line":202,"column":58}},"202":{"start":{"line":203,"column":0},"end":{"line":203,"column":3}},"203":{"start":{"line":204,"column":0},"end":{"line":204,"column":26}},"204":{"start":{"line":205,"column":0},"end":{"line":205,"column":86}},"205":{"start":{"line":206,"column":0},"end":{"line":206,"column":4}},"206":{"start":{"line":207,"column":0},"end":{"line":207,"column":0}},"207":{"start":{"line":208,"column":0},"end":{"line":208,"column":20}},"208":{"start":{"line":209,"column":0},"end":{"line":209,"column":31}},"209":{"start":{"line":210,"column":0},"end":{"line":210,"column":30}},"210":{"start":{"line":211,"column":0},"end":{"line":211,"column":26}},"211":{"start":{"line":212,"column":0},"end":{"line":212,"column":23}},"212":{"start":{"line":213,"column":0},"end":{"line":213,"column":69}},"213":{"start":{"line":214,"column":0},"end":{"line":214,"column":76}},"214":{"start":{"line":215,"column":0},"end":{"line":215,"column":33}},"215":{"start":{"line":216,"column":0},"end":{"line":216,"column":13}},"216":{"start":{"line":217,"column":0},"end":{"line":217,"column":69}},"217":{"start":{"line":218,"column":0},"end":{"line":218,"column":76}},"218":{"start":{"line":219,"column":0},"end":{"line":219,"column":33}},"219":{"start":{"line":220,"column":0},"end":{"line":220,"column":19}},"220":{"start":{"line":221,"column":0},"end":{"line":221,"column":25}},"221":{"start":{"line":222,"column":0},"end":{"line":222,"column":12}},"222":{"start":{"line":223,"column":0},"end":{"line":223,"column":90}},"223":{"start":{"line":224,"column":0},"end":{"line":224,"column":85}},"224":{"start":{"line":225,"column":0},"end":{"line":225,"column":16}},"225":{"start":{"line":226,"column":0},"end":{"line":226,"column":9}},"226":{"start":{"line":227,"column":0},"end":{"line":227,"column":8}},"227":{"start":{"line":228,"column":0},"end":{"line":228,"column":7}},"228":{"start":{"line":229,"column":0},"end":{"line":229,"column":45}},"229":{"start":{"line":230,"column":0},"end":{"line":230,"column":0}},"230":{"start":{"line":231,"column":0},"end":{"line":231,"column":10}},"231":{"start":{"line":232,"column":0},"end":{"line":232,"column":38}},"232":{"start":{"line":233,"column":0},"end":{"line":233,"column":10}},"233":{"start":{"line":234,"column":0},"end":{"line":234,"column":64}},"234":{"start":{"line":235,"column":0},"end":{"line":235,"column":42}},"235":{"start":{"line":236,"column":0},"end":{"line":236,"column":39}},"236":{"start":{"line":237,"column":0},"end":{"line":237,"column":1}},"237":{"start":{"line":238,"column":0},"end":{"line":238,"column":0}},"238":{"start":{"line":239,"column":0},"end":{"line":239,"column":47}},"239":{"start":{"line":240,"column":0},"end":{"line":240,"column":50}},"240":{"start":{"line":241,"column":0},"end":{"line":241,"column":52}},"241":{"start":{"line":242,"column":0},"end":{"line":242,"column":1}},"242":{"start":{"line":243,"column":0},"end":{"line":243,"column":0}},"243":{"start":{"line":244,"column":0},"end":{"line":244,"column":84}},"244":{"start":{"line":245,"column":0},"end":{"line":245,"column":38}},"245":{"start":{"line":246,"column":0},"end":{"line":246,"column":80}},"246":{"start":{"line":247,"column":0},"end":{"line":247,"column":22}},"247":{"start":{"line":248,"column":0},"end":{"line":248,"column":1}},"248":{"start":{"line":249,"column":0},"end":{"line":249,"column":0}},"249":{"start":{"line":250,"column":0},"end":{"line":250,"column":71}},"250":{"start":{"line":251,"column":0},"end":{"line":251,"column":14}},"251":{"start":{"line":252,"column":0},"end":{"line":252,"column":20}},"252":{"start":{"line":253,"column":0},"end":{"line":253,"column":27}},"253":{"start":{"line":254,"column":0},"end":{"line":254,"column":56}},"254":{"start":{"line":255,"column":0},"end":{"line":255,"column":40}},"255":{"start":{"line":256,"column":0},"end":{"line":256,"column":0}},"256":{"start":{"line":257,"column":0},"end":{"line":257,"column":14}},"257":{"start":{"line":258,"column":0},"end":{"line":258,"column":55}},"258":{"start":{"line":259,"column":0},"end":{"line":259,"column":17}},"259":{"start":{"line":260,"column":0},"end":{"line":260,"column":50}},"260":{"start":{"line":261,"column":0},"end":{"line":261,"column":40}},"261":{"start":{"line":262,"column":0},"end":{"line":262,"column":38}},"262":{"start":{"line":263,"column":0},"end":{"line":263,"column":76}},"263":{"start":{"line":264,"column":0},"end":{"line":264,"column":30}},"264":{"start":{"line":265,"column":0},"end":{"line":265,"column":6}},"265":{"start":{"line":266,"column":0},"end":{"line":266,"column":65}},"266":{"start":{"line":267,"column":0},"end":{"line":267,"column":1}},"267":{"start":{"line":268,"column":0},"end":{"line":268,"column":0}},"268":{"start":{"line":269,"column":0},"end":{"line":269,"column":85}},"269":{"start":{"line":270,"column":0},"end":{"line":270,"column":62}},"270":{"start":{"line":271,"column":0},"end":{"line":271,"column":55}},"271":{"start":{"line":272,"column":0},"end":{"line":272,"column":44}},"272":{"start":{"line":273,"column":0},"end":{"line":273,"column":0}},"273":{"start":{"line":274,"column":0},"end":{"line":274,"column":45}},"274":{"start":{"line":275,"column":0},"end":{"line":275,"column":66}},"275":{"start":{"line":276,"column":0},"end":{"line":276,"column":0}},"276":{"start":{"line":277,"column":0},"end":{"line":277,"column":31}},"277":{"start":{"line":278,"column":0},"end":{"line":278,"column":19}},"278":{"start":{"line":279,"column":0},"end":{"line":279,"column":17}},"279":{"start":{"line":280,"column":0},"end":{"line":280,"column":20}},"280":{"start":{"line":281,"column":0},"end":{"line":281,"column":15}},"281":{"start":{"line":282,"column":0},"end":{"line":282,"column":8}},"282":{"start":{"line":283,"column":0},"end":{"line":283,"column":5}},"283":{"start":{"line":284,"column":0},"end":{"line":284,"column":0}},"284":{"start":{"line":285,"column":0},"end":{"line":285,"column":19}},"285":{"start":{"line":286,"column":0},"end":{"line":286,"column":4}},"286":{"start":{"line":287,"column":0},"end":{"line":287,"column":0}},"287":{"start":{"line":288,"column":0},"end":{"line":288,"column":68}},"288":{"start":{"line":289,"column":0},"end":{"line":289,"column":35}},"289":{"start":{"line":290,"column":0},"end":{"line":290,"column":93}},"290":{"start":{"line":291,"column":0},"end":{"line":291,"column":55}},"291":{"start":{"line":292,"column":0},"end":{"line":292,"column":0}},"292":{"start":{"line":293,"column":0},"end":{"line":293,"column":26}},"293":{"start":{"line":294,"column":0},"end":{"line":294,"column":36}},"294":{"start":{"line":295,"column":0},"end":{"line":295,"column":12}},"295":{"start":{"line":296,"column":0},"end":{"line":296,"column":99}},"296":{"start":{"line":297,"column":0},"end":{"line":297,"column":5}},"297":{"start":{"line":298,"column":0},"end":{"line":298,"column":0}},"298":{"start":{"line":299,"column":0},"end":{"line":299,"column":30}},"299":{"start":{"line":300,"column":0},"end":{"line":300,"column":4}},"300":{"start":{"line":301,"column":0},"end":{"line":301,"column":0}},"301":{"start":{"line":302,"column":0},"end":{"line":302,"column":33}},"302":{"start":{"line":303,"column":0},"end":{"line":303,"column":25}},"303":{"start":{"line":304,"column":0},"end":{"line":304,"column":0}},"304":{"start":{"line":305,"column":0},"end":{"line":305,"column":67}},"305":{"start":{"line":306,"column":0},"end":{"line":306,"column":22}},"306":{"start":{"line":307,"column":0},"end":{"line":307,"column":48}},"307":{"start":{"line":308,"column":0},"end":{"line":308,"column":15}},"308":{"start":{"line":309,"column":0},"end":{"line":309,"column":37}},"309":{"start":{"line":310,"column":0},"end":{"line":310,"column":30}},"310":{"start":{"line":311,"column":0},"end":{"line":311,"column":45}},"311":{"start":{"line":312,"column":0},"end":{"line":312,"column":25}},"312":{"start":{"line":313,"column":0},"end":{"line":313,"column":17}},"313":{"start":{"line":314,"column":0},"end":{"line":314,"column":51}},"314":{"start":{"line":315,"column":0},"end":{"line":315,"column":41}},"315":{"start":{"line":316,"column":0},"end":{"line":316,"column":35}},"316":{"start":{"line":317,"column":0},"end":{"line":317,"column":19}},"317":{"start":{"line":318,"column":0},"end":{"line":318,"column":7}},"318":{"start":{"line":319,"column":0},"end":{"line":319,"column":0}},"319":{"start":{"line":320,"column":0},"end":{"line":320,"column":19}},"320":{"start":{"line":321,"column":0},"end":{"line":321,"column":26}},"321":{"start":{"line":322,"column":0},"end":{"line":322,"column":4}},"322":{"start":{"line":323,"column":0},"end":{"line":323,"column":0}},"323":{"start":{"line":324,"column":0},"end":{"line":324,"column":32}},"324":{"start":{"line":325,"column":0},"end":{"line":325,"column":46}},"325":{"start":{"line":326,"column":0},"end":{"line":326,"column":78}},"326":{"start":{"line":327,"column":0},"end":{"line":327,"column":0}},"327":{"start":{"line":328,"column":0},"end":{"line":328,"column":22}},"328":{"start":{"line":329,"column":0},"end":{"line":329,"column":91}},"329":{"start":{"line":330,"column":0},"end":{"line":330,"column":47}},"330":{"start":{"line":331,"column":0},"end":{"line":331,"column":0}},"331":{"start":{"line":332,"column":0},"end":{"line":332,"column":29}},"332":{"start":{"line":333,"column":0},"end":{"line":333,"column":26}},"333":{"start":{"line":334,"column":0},"end":{"line":334,"column":17}},"334":{"start":{"line":335,"column":0},"end":{"line":335,"column":7}},"335":{"start":{"line":336,"column":0},"end":{"line":336,"column":0}},"336":{"start":{"line":337,"column":0},"end":{"line":337,"column":30}},"337":{"start":{"line":338,"column":0},"end":{"line":338,"column":37}},"338":{"start":{"line":339,"column":0},"end":{"line":339,"column":0}},"339":{"start":{"line":340,"column":0},"end":{"line":340,"column":34}},"340":{"start":{"line":341,"column":0},"end":{"line":341,"column":57}},"341":{"start":{"line":342,"column":0},"end":{"line":342,"column":17}},"342":{"start":{"line":343,"column":0},"end":{"line":343,"column":7}},"343":{"start":{"line":344,"column":0},"end":{"line":344,"column":0}},"344":{"start":{"line":345,"column":0},"end":{"line":345,"column":43}},"345":{"start":{"line":346,"column":0},"end":{"line":346,"column":28}},"346":{"start":{"line":347,"column":0},"end":{"line":347,"column":7}},"347":{"start":{"line":348,"column":0},"end":{"line":348,"column":0}},"348":{"start":{"line":349,"column":0},"end":{"line":349,"column":24}},"349":{"start":{"line":350,"column":0},"end":{"line":350,"column":55}},"350":{"start":{"line":351,"column":0},"end":{"line":351,"column":7}},"351":{"start":{"line":352,"column":0},"end":{"line":352,"column":0}},"352":{"start":{"line":353,"column":0},"end":{"line":353,"column":15}},"353":{"start":{"line":354,"column":0},"end":{"line":354,"column":5}},"354":{"start":{"line":355,"column":0},"end":{"line":355,"column":0}},"355":{"start":{"line":356,"column":0},"end":{"line":356,"column":38}},"356":{"start":{"line":357,"column":0},"end":{"line":357,"column":15}},"357":{"start":{"line":358,"column":0},"end":{"line":358,"column":5}},"358":{"start":{"line":359,"column":0},"end":{"line":359,"column":0}},"359":{"start":{"line":360,"column":0},"end":{"line":360,"column":40}},"360":{"start":{"line":361,"column":0},"end":{"line":361,"column":54}},"361":{"start":{"line":362,"column":0},"end":{"line":362,"column":36}},"362":{"start":{"line":363,"column":0},"end":{"line":363,"column":45}},"363":{"start":{"line":364,"column":0},"end":{"line":364,"column":54}},"364":{"start":{"line":365,"column":0},"end":{"line":365,"column":15}},"365":{"start":{"line":366,"column":0},"end":{"line":366,"column":5}},"366":{"start":{"line":367,"column":0},"end":{"line":367,"column":0}},"367":{"start":{"line":368,"column":0},"end":{"line":368,"column":37}},"368":{"start":{"line":369,"column":0},"end":{"line":369,"column":3}},"369":{"start":{"line":370,"column":0},"end":{"line":370,"column":0}},"370":{"start":{"line":371,"column":0},"end":{"line":371,"column":20}},"371":{"start":{"line":372,"column":0},"end":{"line":372,"column":39}},"372":{"start":{"line":373,"column":0},"end":{"line":373,"column":105}},"373":{"start":{"line":374,"column":0},"end":{"line":374,"column":109}},"374":{"start":{"line":375,"column":0},"end":{"line":375,"column":37}},"375":{"start":{"line":376,"column":0},"end":{"line":376,"column":5}},"376":{"start":{"line":377,"column":0},"end":{"line":377,"column":1}},"377":{"start":{"line":378,"column":0},"end":{"line":378,"column":0}},"378":{"start":{"line":379,"column":0},"end":{"line":379,"column":40}},"379":{"start":{"line":380,"column":0},"end":{"line":380,"column":32}},"380":{"start":{"line":381,"column":0},"end":{"line":381,"column":30}},"381":{"start":{"line":382,"column":0},"end":{"line":382,"column":37}},"382":{"start":{"line":383,"column":0},"end":{"line":383,"column":21}},"383":{"start":{"line":384,"column":0},"end":{"line":384,"column":3}},"384":{"start":{"line":385,"column":0},"end":{"line":385,"column":55}},"385":{"start":{"line":386,"column":0},"end":{"line":386,"column":34}},"386":{"start":{"line":387,"column":0},"end":{"line":387,"column":45}},"387":{"start":{"line":388,"column":0},"end":{"line":388,"column":0}},"388":{"start":{"line":389,"column":0},"end":{"line":389,"column":70}},"389":{"start":{"line":390,"column":0},"end":{"line":390,"column":31}},"390":{"start":{"line":391,"column":0},"end":{"line":391,"column":21}},"391":{"start":{"line":392,"column":0},"end":{"line":392,"column":0}},"392":{"start":{"line":393,"column":0},"end":{"line":393,"column":37}},"393":{"start":{"line":394,"column":0},"end":{"line":394,"column":91}},"394":{"start":{"line":395,"column":0},"end":{"line":395,"column":39}},"395":{"start":{"line":396,"column":0},"end":{"line":396,"column":0}},"396":{"start":{"line":397,"column":0},"end":{"line":397,"column":62}},"397":{"start":{"line":398,"column":0},"end":{"line":398,"column":31}},"398":{"start":{"line":399,"column":0},"end":{"line":399,"column":0}},"399":{"start":{"line":400,"column":0},"end":{"line":400,"column":12}},"400":{"start":{"line":401,"column":0},"end":{"line":401,"column":40}},"401":{"start":{"line":402,"column":0},"end":{"line":402,"column":29}},"402":{"start":{"line":403,"column":0},"end":{"line":403,"column":30}},"403":{"start":{"line":404,"column":0},"end":{"line":404,"column":37}},"404":{"start":{"line":405,"column":0},"end":{"line":405,"column":66}},"405":{"start":{"line":406,"column":0},"end":{"line":406,"column":56}},"406":{"start":{"line":407,"column":0},"end":{"line":407,"column":39}},"407":{"start":{"line":408,"column":0},"end":{"line":408,"column":3}},"408":{"start":{"line":409,"column":0},"end":{"line":409,"column":0}},"409":{"start":{"line":410,"column":0},"end":{"line":410,"column":19}},"410":{"start":{"line":411,"column":0},"end":{"line":411,"column":1}},"411":{"start":{"line":412,"column":0},"end":{"line":412,"column":0}},"412":{"start":{"line":413,"column":0},"end":{"line":413,"column":41}},"413":{"start":{"line":414,"column":0},"end":{"line":414,"column":32}},"414":{"start":{"line":415,"column":0},"end":{"line":415,"column":19}},"415":{"start":{"line":416,"column":0},"end":{"line":416,"column":37}},"416":{"start":{"line":417,"column":0},"end":{"line":417,"column":21}},"417":{"start":{"line":418,"column":0},"end":{"line":418,"column":3}},"418":{"start":{"line":419,"column":0},"end":{"line":419,"column":45}},"419":{"start":{"line":420,"column":0},"end":{"line":420,"column":27}},"420":{"start":{"line":421,"column":0},"end":{"line":421,"column":67}},"421":{"start":{"line":422,"column":0},"end":{"line":422,"column":1}},"422":{"start":{"line":423,"column":0},"end":{"line":423,"column":0}},"423":{"start":{"line":424,"column":0},"end":{"line":424,"column":52}},"424":{"start":{"line":425,"column":0},"end":{"line":425,"column":81}},"425":{"start":{"line":426,"column":0},"end":{"line":426,"column":1}},"426":{"start":{"line":427,"column":0},"end":{"line":427,"column":0}},"427":{"start":{"line":428,"column":0},"end":{"line":428,"column":72}},"428":{"start":{"line":429,"column":0},"end":{"line":429,"column":87}},"429":{"start":{"line":430,"column":0},"end":{"line":430,"column":1}},"430":{"start":{"line":431,"column":0},"end":{"line":431,"column":0}},"431":{"start":{"line":432,"column":0},"end":{"line":432,"column":68}},"432":{"start":{"line":433,"column":0},"end":{"line":433,"column":53}},"433":{"start":{"line":434,"column":0},"end":{"line":434,"column":28}},"434":{"start":{"line":435,"column":0},"end":{"line":435,"column":0}},"435":{"start":{"line":436,"column":0},"end":{"line":436,"column":11}},"436":{"start":{"line":437,"column":0},"end":{"line":437,"column":57}},"437":{"start":{"line":438,"column":0},"end":{"line":438,"column":8}},"438":{"start":{"line":439,"column":0},"end":{"line":439,"column":17}},"439":{"start":{"line":440,"column":0},"end":{"line":440,"column":40}},"440":{"start":{"line":441,"column":0},"end":{"line":441,"column":72}},"441":{"start":{"line":442,"column":0},"end":{"line":442,"column":17}},"442":{"start":{"line":443,"column":0},"end":{"line":443,"column":33}},"443":{"start":{"line":444,"column":0},"end":{"line":444,"column":8}},"444":{"start":{"line":445,"column":0},"end":{"line":445,"column":17}},"445":{"start":{"line":446,"column":0},"end":{"line":446,"column":47}},"446":{"start":{"line":447,"column":0},"end":{"line":447,"column":79}},"447":{"start":{"line":448,"column":0},"end":{"line":448,"column":107}},"448":{"start":{"line":449,"column":0},"end":{"line":449,"column":8}},"449":{"start":{"line":450,"column":0},"end":{"line":450,"column":17}},"450":{"start":{"line":451,"column":0},"end":{"line":451,"column":42}},"451":{"start":{"line":452,"column":0},"end":{"line":452,"column":74}},"452":{"start":{"line":453,"column":0},"end":{"line":453,"column":97}},"453":{"start":{"line":454,"column":0},"end":{"line":454,"column":7}},"454":{"start":{"line":455,"column":0},"end":{"line":455,"column":0}},"455":{"start":{"line":456,"column":0},"end":{"line":456,"column":65}},"456":{"start":{"line":457,"column":0},"end":{"line":457,"column":18}},"457":{"start":{"line":458,"column":0},"end":{"line":458,"column":5}},"458":{"start":{"line":459,"column":0},"end":{"line":459,"column":0}},"459":{"start":{"line":460,"column":0},"end":{"line":460,"column":110}},"460":{"start":{"line":461,"column":0},"end":{"line":461,"column":3}},"461":{"start":{"line":462,"column":0},"end":{"line":462,"column":0}},"462":{"start":{"line":463,"column":0},"end":{"line":463,"column":55}},"463":{"start":{"line":464,"column":0},"end":{"line":464,"column":27}},"464":{"start":{"line":465,"column":0},"end":{"line":465,"column":0}},"465":{"start":{"line":466,"column":0},"end":{"line":466,"column":10}},"466":{"start":{"line":467,"column":0},"end":{"line":467,"column":56}},"467":{"start":{"line":468,"column":0},"end":{"line":468,"column":54}},"468":{"start":{"line":469,"column":0},"end":{"line":469,"column":61}},"469":{"start":{"line":470,"column":0},"end":{"line":470,"column":26}},"470":{"start":{"line":471,"column":0},"end":{"line":471,"column":39}},"471":{"start":{"line":472,"column":0},"end":{"line":472,"column":1}},"472":{"start":{"line":473,"column":0},"end":{"line":473,"column":0}},"473":{"start":{"line":474,"column":0},"end":{"line":474,"column":50}},"474":{"start":{"line":475,"column":0},"end":{"line":475,"column":18}},"475":{"start":{"line":476,"column":0},"end":{"line":476,"column":27}},"476":{"start":{"line":477,"column":0},"end":{"line":477,"column":19}},"477":{"start":{"line":478,"column":0},"end":{"line":478,"column":3}},"478":{"start":{"line":479,"column":0},"end":{"line":479,"column":53}},"479":{"start":{"line":480,"column":0},"end":{"line":480,"column":45}},"480":{"start":{"line":481,"column":0},"end":{"line":481,"column":56}},"481":{"start":{"line":482,"column":0},"end":{"line":482,"column":100}},"482":{"start":{"line":483,"column":0},"end":{"line":483,"column":19}},"483":{"start":{"line":484,"column":0},"end":{"line":484,"column":31}},"484":{"start":{"line":485,"column":0},"end":{"line":485,"column":27}},"485":{"start":{"line":486,"column":0},"end":{"line":486,"column":14}},"486":{"start":{"line":487,"column":0},"end":{"line":487,"column":11}},"487":{"start":{"line":488,"column":0},"end":{"line":488,"column":39}},"488":{"start":{"line":489,"column":0},"end":{"line":489,"column":0}},"489":{"start":{"line":490,"column":0},"end":{"line":490,"column":28}},"490":{"start":{"line":491,"column":0},"end":{"line":491,"column":11}},"491":{"start":{"line":492,"column":0},"end":{"line":492,"column":108}},"492":{"start":{"line":493,"column":0},"end":{"line":493,"column":0}},"493":{"start":{"line":494,"column":0},"end":{"line":494,"column":12}},"494":{"start":{"line":495,"column":0},"end":{"line":495,"column":40}},"495":{"start":{"line":496,"column":0},"end":{"line":496,"column":15}},"496":{"start":{"line":497,"column":0},"end":{"line":497,"column":35}},"497":{"start":{"line":498,"column":0},"end":{"line":498,"column":32}},"498":{"start":{"line":499,"column":0},"end":{"line":499,"column":15}},"499":{"start":{"line":500,"column":0},"end":{"line":500,"column":18}},"500":{"start":{"line":501,"column":0},"end":{"line":501,"column":8}},"501":{"start":{"line":502,"column":0},"end":{"line":502,"column":27}},"502":{"start":{"line":503,"column":0},"end":{"line":503,"column":50}},"503":{"start":{"line":504,"column":0},"end":{"line":504,"column":14}},"504":{"start":{"line":505,"column":0},"end":{"line":505,"column":34}},"505":{"start":{"line":506,"column":0},"end":{"line":506,"column":17}},"506":{"start":{"line":507,"column":0},"end":{"line":507,"column":20}},"507":{"start":{"line":508,"column":0},"end":{"line":508,"column":10}},"508":{"start":{"line":509,"column":0},"end":{"line":509,"column":9}},"509":{"start":{"line":510,"column":0},"end":{"line":510,"column":0}},"510":{"start":{"line":511,"column":0},"end":{"line":511,"column":125}},"511":{"start":{"line":512,"column":0},"end":{"line":512,"column":115}},"512":{"start":{"line":513,"column":0},"end":{"line":513,"column":0}},"513":{"start":{"line":514,"column":0},"end":{"line":514,"column":26}},"514":{"start":{"line":515,"column":0},"end":{"line":515,"column":73}},"515":{"start":{"line":516,"column":0},"end":{"line":516,"column":5}},"516":{"start":{"line":517,"column":0},"end":{"line":517,"column":0}},"517":{"start":{"line":518,"column":0},"end":{"line":518,"column":21}},"518":{"start":{"line":519,"column":0},"end":{"line":519,"column":63}},"519":{"start":{"line":520,"column":0},"end":{"line":520,"column":5}},"520":{"start":{"line":521,"column":0},"end":{"line":521,"column":0}},"521":{"start":{"line":522,"column":0},"end":{"line":522,"column":19}},"522":{"start":{"line":523,"column":0},"end":{"line":523,"column":3}},"523":{"start":{"line":524,"column":0},"end":{"line":524,"column":0}},"524":{"start":{"line":525,"column":0},"end":{"line":525,"column":59}},"525":{"start":{"line":526,"column":0},"end":{"line":526,"column":17}},"526":{"start":{"line":527,"column":0},"end":{"line":527,"column":1}},"527":{"start":{"line":528,"column":0},"end":{"line":528,"column":0}},"528":{"start":{"line":529,"column":0},"end":{"line":529,"column":59}},"529":{"start":{"line":530,"column":0},"end":{"line":530,"column":18}},"530":{"start":{"line":531,"column":0},"end":{"line":531,"column":18}},"531":{"start":{"line":532,"column":0},"end":{"line":532,"column":33}},"532":{"start":{"line":533,"column":0},"end":{"line":533,"column":3}},"533":{"start":{"line":534,"column":0},"end":{"line":534,"column":37}},"534":{"start":{"line":535,"column":0},"end":{"line":535,"column":12}},"535":{"start":{"line":536,"column":0},"end":{"line":536,"column":40}},"536":{"start":{"line":537,"column":0},"end":{"line":537,"column":48}},"537":{"start":{"line":538,"column":0},"end":{"line":538,"column":4}},"538":{"start":{"line":539,"column":0},"end":{"line":539,"column":1}},"539":{"start":{"line":540,"column":0},"end":{"line":540,"column":0}},"540":{"start":{"line":541,"column":0},"end":{"line":541,"column":53}},"541":{"start":{"line":542,"column":0},"end":{"line":542,"column":18}},"542":{"start":{"line":543,"column":0},"end":{"line":543,"column":40}},"543":{"start":{"line":544,"column":0},"end":{"line":544,"column":17}},"544":{"start":{"line":545,"column":0},"end":{"line":545,"column":3}},"545":{"start":{"line":546,"column":0},"end":{"line":546,"column":62}},"546":{"start":{"line":547,"column":0},"end":{"line":547,"column":32}},"547":{"start":{"line":548,"column":0},"end":{"line":548,"column":20}},"548":{"start":{"line":549,"column":0},"end":{"line":549,"column":3}},"549":{"start":{"line":550,"column":0},"end":{"line":550,"column":0}},"550":{"start":{"line":551,"column":0},"end":{"line":551,"column":69}},"551":{"start":{"line":552,"column":0},"end":{"line":552,"column":1}},"552":{"start":{"line":553,"column":0},"end":{"line":553,"column":0}},"553":{"start":{"line":554,"column":0},"end":{"line":554,"column":46}},"554":{"start":{"line":555,"column":0},"end":{"line":555,"column":18}},"555":{"start":{"line":556,"column":0},"end":{"line":556,"column":19}},"556":{"start":{"line":557,"column":0},"end":{"line":557,"column":36}},"557":{"start":{"line":558,"column":0},"end":{"line":558,"column":3}},"558":{"start":{"line":559,"column":0},"end":{"line":559,"column":53}},"559":{"start":{"line":560,"column":0},"end":{"line":560,"column":28}},"560":{"start":{"line":561,"column":0},"end":{"line":561,"column":28}},"561":{"start":{"line":562,"column":0},"end":{"line":562,"column":0}},"562":{"start":{"line":563,"column":0},"end":{"line":563,"column":45}},"563":{"start":{"line":564,"column":0},"end":{"line":564,"column":27}},"564":{"start":{"line":565,"column":0},"end":{"line":565,"column":0}},"565":{"start":{"line":566,"column":0},"end":{"line":566,"column":78}},"566":{"start":{"line":567,"column":0},"end":{"line":567,"column":47}},"567":{"start":{"line":568,"column":0},"end":{"line":568,"column":8}},"568":{"start":{"line":569,"column":0},"end":{"line":569,"column":17}},"569":{"start":{"line":570,"column":0},"end":{"line":570,"column":47}},"570":{"start":{"line":571,"column":0},"end":{"line":571,"column":15}},"571":{"start":{"line":572,"column":0},"end":{"line":572,"column":14}},"572":{"start":{"line":573,"column":0},"end":{"line":573,"column":76}},"573":{"start":{"line":574,"column":0},"end":{"line":574,"column":66}},"574":{"start":{"line":575,"column":0},"end":{"line":575,"column":58}},"575":{"start":{"line":576,"column":0},"end":{"line":576,"column":11}},"576":{"start":{"line":577,"column":0},"end":{"line":577,"column":9}},"577":{"start":{"line":578,"column":0},"end":{"line":578,"column":107}},"578":{"start":{"line":579,"column":0},"end":{"line":579,"column":8}},"579":{"start":{"line":580,"column":0},"end":{"line":580,"column":17}},"580":{"start":{"line":581,"column":0},"end":{"line":581,"column":42}},"581":{"start":{"line":582,"column":0},"end":{"line":582,"column":15}},"582":{"start":{"line":583,"column":0},"end":{"line":583,"column":14}},"583":{"start":{"line":584,"column":0},"end":{"line":584,"column":71}},"584":{"start":{"line":585,"column":0},"end":{"line":585,"column":61}},"585":{"start":{"line":586,"column":0},"end":{"line":586,"column":53}},"586":{"start":{"line":587,"column":0},"end":{"line":587,"column":11}},"587":{"start":{"line":588,"column":0},"end":{"line":588,"column":9}},"588":{"start":{"line":589,"column":0},"end":{"line":589,"column":97}},"589":{"start":{"line":590,"column":0},"end":{"line":590,"column":7}},"590":{"start":{"line":591,"column":0},"end":{"line":591,"column":0}},"591":{"start":{"line":592,"column":0},"end":{"line":592,"column":50}},"592":{"start":{"line":593,"column":0},"end":{"line":593,"column":0}},"593":{"start":{"line":594,"column":0},"end":{"line":594,"column":12}},"594":{"start":{"line":595,"column":0},"end":{"line":595,"column":33}},"595":{"start":{"line":596,"column":0},"end":{"line":596,"column":35}},"596":{"start":{"line":597,"column":0},"end":{"line":597,"column":30}},"597":{"start":{"line":598,"column":0},"end":{"line":598,"column":26}},"598":{"start":{"line":599,"column":0},"end":{"line":599,"column":79}},"599":{"start":{"line":600,"column":0},"end":{"line":600,"column":69}},"600":{"start":{"line":601,"column":0},"end":{"line":601,"column":39}},"601":{"start":{"line":602,"column":0},"end":{"line":602,"column":3}},"602":{"start":{"line":603,"column":0},"end":{"line":603,"column":0}},"603":{"start":{"line":604,"column":0},"end":{"line":604,"column":19}},"604":{"start":{"line":605,"column":0},"end":{"line":605,"column":1}},"605":{"start":{"line":606,"column":0},"end":{"line":606,"column":0}},"606":{"start":{"line":607,"column":0},"end":{"line":607,"column":47}},"607":{"start":{"line":608,"column":0},"end":{"line":608,"column":18}},"608":{"start":{"line":609,"column":0},"end":{"line":609,"column":19}},"609":{"start":{"line":610,"column":0},"end":{"line":610,"column":40}},"610":{"start":{"line":611,"column":0},"end":{"line":611,"column":36}},"611":{"start":{"line":612,"column":0},"end":{"line":612,"column":3}},"612":{"start":{"line":613,"column":0},"end":{"line":613,"column":63}},"613":{"start":{"line":614,"column":0},"end":{"line":614,"column":0}},"614":{"start":{"line":615,"column":0},"end":{"line":615,"column":23}},"615":{"start":{"line":616,"column":0},"end":{"line":616,"column":69}},"616":{"start":{"line":617,"column":0},"end":{"line":617,"column":3}},"617":{"start":{"line":618,"column":0},"end":{"line":618,"column":0}},"618":{"start":{"line":619,"column":0},"end":{"line":619,"column":69}},"619":{"start":{"line":620,"column":0},"end":{"line":620,"column":119}},"620":{"start":{"line":621,"column":0},"end":{"line":621,"column":1}},"621":{"start":{"line":622,"column":0},"end":{"line":622,"column":0}},"622":{"start":{"line":623,"column":0},"end":{"line":623,"column":98}},"623":{"start":{"line":624,"column":0},"end":{"line":624,"column":45}},"624":{"start":{"line":625,"column":0},"end":{"line":625,"column":122}},"625":{"start":{"line":626,"column":0},"end":{"line":626,"column":73}},"626":{"start":{"line":627,"column":0},"end":{"line":627,"column":19}},"627":{"start":{"line":628,"column":0},"end":{"line":628,"column":13}},"628":{"start":{"line":629,"column":0},"end":{"line":629,"column":38}},"629":{"start":{"line":630,"column":0},"end":{"line":630,"column":26}},"630":{"start":{"line":631,"column":0},"end":{"line":631,"column":4}},"631":{"start":{"line":632,"column":0},"end":{"line":632,"column":0}},"632":{"start":{"line":633,"column":0},"end":{"line":633,"column":28}},"633":{"start":{"line":634,"column":0},"end":{"line":634,"column":11}},"634":{"start":{"line":635,"column":0},"end":{"line":635,"column":51}},"635":{"start":{"line":636,"column":0},"end":{"line":636,"column":14}},"636":{"start":{"line":637,"column":0},"end":{"line":637,"column":31}},"637":{"start":{"line":638,"column":0},"end":{"line":638,"column":53}},"638":{"start":{"line":639,"column":0},"end":{"line":639,"column":37}},"639":{"start":{"line":640,"column":0},"end":{"line":640,"column":41}},"640":{"start":{"line":641,"column":0},"end":{"line":641,"column":39}},"641":{"start":{"line":642,"column":0},"end":{"line":642,"column":28}},"642":{"start":{"line":643,"column":0},"end":{"line":643,"column":7}},"643":{"start":{"line":644,"column":0},"end":{"line":644,"column":0}},"644":{"start":{"line":645,"column":0},"end":{"line":645,"column":28}},"645":{"start":{"line":646,"column":0},"end":{"line":646,"column":3}},"646":{"start":{"line":647,"column":0},"end":{"line":647,"column":0}},"647":{"start":{"line":648,"column":0},"end":{"line":648,"column":26}},"648":{"start":{"line":649,"column":0},"end":{"line":649,"column":26}},"649":{"start":{"line":650,"column":0},"end":{"line":650,"column":1}},"650":{"start":{"line":651,"column":0},"end":{"line":651,"column":0}},"651":{"start":{"line":652,"column":0},"end":{"line":652,"column":29}},"652":{"start":{"line":653,"column":0},"end":{"line":653,"column":5}},"653":{"start":{"line":654,"column":0},"end":{"line":654,"column":47}},"654":{"start":{"line":655,"column":0},"end":{"line":655,"column":15}},"655":{"start":{"line":656,"column":0},"end":{"line":656,"column":24}},"656":{"start":{"line":657,"column":0},"end":{"line":657,"column":33}},"657":{"start":{"line":658,"column":0},"end":{"line":658,"column":24}},"658":{"start":{"line":659,"column":0},"end":{"line":659,"column":8}},"659":{"start":{"line":660,"column":0},"end":{"line":660,"column":5}},"660":{"start":{"line":661,"column":0},"end":{"line":661,"column":5}},"661":{"start":{"line":662,"column":0},"end":{"line":662,"column":53}},"662":{"start":{"line":663,"column":0},"end":{"line":663,"column":15}},"663":{"start":{"line":664,"column":0},"end":{"line":664,"column":24}},"664":{"start":{"line":665,"column":0},"end":{"line":665,"column":24}},"665":{"start":{"line":666,"column":0},"end":{"line":666,"column":36}},"666":{"start":{"line":667,"column":0},"end":{"line":667,"column":8}},"667":{"start":{"line":668,"column":0},"end":{"line":668,"column":5}},"668":{"start":{"line":669,"column":0},"end":{"line":669,"column":5}},"669":{"start":{"line":670,"column":0},"end":{"line":670,"column":40}},"670":{"start":{"line":671,"column":0},"end":{"line":671,"column":15}},"671":{"start":{"line":672,"column":0},"end":{"line":672,"column":24}},"672":{"start":{"line":673,"column":0},"end":{"line":673,"column":41}},"673":{"start":{"line":674,"column":0},"end":{"line":674,"column":8}},"674":{"start":{"line":675,"column":0},"end":{"line":675,"column":6}},"675":{"start":{"line":676,"column":0},"end":{"line":676,"column":0}},"676":{"start":{"line":677,"column":0},"end":{"line":677,"column":58}},"677":{"start":{"line":678,"column":0},"end":{"line":678,"column":58}},"678":{"start":{"line":679,"column":0},"end":{"line":679,"column":102}},"679":{"start":{"line":680,"column":0},"end":{"line":680,"column":3}},"680":{"start":{"line":681,"column":0},"end":{"line":681,"column":0}},"681":{"start":{"line":682,"column":0},"end":{"line":682,"column":64}},"682":{"start":{"line":683,"column":0},"end":{"line":683,"column":48}},"683":{"start":{"line":684,"column":0},"end":{"line":684,"column":27}},"684":{"start":{"line":685,"column":0},"end":{"line":685,"column":27}},"685":{"start":{"line":686,"column":0},"end":{"line":686,"column":26}},"686":{"start":{"line":687,"column":0},"end":{"line":687,"column":6}},"687":{"start":{"line":688,"column":0},"end":{"line":688,"column":3}},"688":{"start":{"line":689,"column":0},"end":{"line":689,"column":0}},"689":{"start":{"line":690,"column":0},"end":{"line":690,"column":51}},"690":{"start":{"line":691,"column":0},"end":{"line":691,"column":77}},"691":{"start":{"line":692,"column":0},"end":{"line":692,"column":3}},"692":{"start":{"line":693,"column":0},"end":{"line":693,"column":0}},"693":{"start":{"line":694,"column":0},"end":{"line":694,"column":74}},"694":{"start":{"line":695,"column":0},"end":{"line":695,"column":1}}},"s":{"0":1,"1":1,"2":1,"3":1,"4":1,"5":1,"6":1,"7":1,"8":1,"9":1,"10":1,"11":1,"12":1,"13":1,"14":1,"15":1,"16":1,"17":1,"18":1,"19":1,"20":1,"21":1,"22":1,"23":1,"24":1,"25":1,"26":1,"27":1,"28":1,"29":1,"30":1,"31":1,"32":1,"33":1,"34":1,"35":1,"36":1,"37":1,"38":1,"39":1,"40":1,"41":1,"42":1,"43":1,"44":1,"45":1,"46":1,"47":1,"48":1,"49":1,"50":1,"51":1,"52":1,"53":1,"54":1,"55":1,"56":1,"57":1,"58":1,"59":1,"60":1,"61":1,"62":1,"63":1,"64":1,"65":1,"66":1,"67":1,"68":1,"69":1,"70":1,"71":1,"72":1,"73":1,"74":1,"75":1,"76":34,"77":34,"78":34,"79":34,"80":34,"81":34,"82":34,"83":1,"84":921,"85":921,"86":771,"87":771,"88":771,"89":771,"90":150,"91":150,"92":150,"93":150,"94":150,"95":0,"96":0,"97":0,"98":1,"99":365,"100":365,"101":365,"102":1,"103":352,"104":352,"105":352,"106":352,"107":352,"108":352,"109":352,"110":352,"111":1,"112":12,"113":12,"114":12,"115":12,"116":1,"117":12,"118":12,"119":12,"120":6,"121":6,"122":6,"123":6,"124":6,"125":6,"126":6,"127":6,"128":6,"129":6,"130":1,"131":1,"132":8,"133":8,"134":1,"135":3,"136":3,"137":3,"138":3,"139":3,"140":3,"141":3,"142":3,"143":1,"144":6,"145":6,"146":6,"147":6,"148":6,"149":6,"150":6,"151":6,"152":6,"153":1,"154":1,"155":1,"156":1,"157":1,"158":1,"159":1,"160":1,"161":1,"162":1,"163":1,"164":1,"165":2,"166":2,"167":3,"168":3,"169":3,"170":3,"171":3,"172":3,"173":3,"174":3,"175":3,"176":3,"177":2,"178":2,"179":2,"180":3,"181":3,"182":3,"183":3,"184":3,"185":3,"186":3,"187":3,"188":3,"189":3,"190":2,"191":2,"192":1,"193":1,"194":1,"195":1,"196":1,"197":1,"198":1,"199":1,"200":1,"201":1,"202":1,"203":1,"204":1,"205":1,"206":1,"207":1,"208":1,"209":1,"210":1,"211":1,"212":1,"213":1,"214":1,"215":1,"216":1,"217":1,"218":1,"219":1,"220":1,"221":1,"222":1,"223":1,"224":1,"225":1,"226":1,"227":1,"228":1,"229":1,"230":1,"231":1,"232":1,"233":1,"234":1,"235":1,"236":1,"237":1,"238":1,"239":4,"240":4,"241":4,"242":1,"243":1,"244":11,"245":11,"246":11,"247":11,"248":1,"249":1,"250":10,"251":10,"252":10,"253":82,"254":82,"255":82,"256":82,"257":82,"258":82,"259":82,"260":82,"261":82,"262":82,"263":82,"264":10,"265":10,"266":10,"267":1,"268":1,"269":3,"270":3,"271":3,"272":3,"273":3,"274":3,"275":3,"276":3,"277":1258,"278":135,"279":135,"280":135,"281":135,"282":135,"283":1258,"284":1258,"285":1258,"286":3,"287":3,"288":552,"289":552,"290":552,"291":552,"292":552,"293":2,"294":552,"295":550,"296":550,"297":552,"298":552,"299":552,"300":3,"301":3,"302":138,"303":135,"304":135,"305":135,"306":135,"307":135,"308":135,"309":133,"310":2,"311":0,"312":2,"313":138,"314":138,"315":138,"316":138,"317":138,"318":138,"319":138,"320":138,"321":138,"322":3,"323":3,"324":1784,"325":1784,"326":1784,"327":1784,"328":841,"329":841,"330":841,"331":841,"332":135,"333":135,"334":135,"335":706,"336":706,"337":706,"338":706,"339":841,"340":135,"341":135,"342":135,"343":571,"344":841,"345":0,"346":0,"347":571,"348":841,"349":569,"350":569,"351":571,"352":571,"353":571,"354":943,"355":1784,"356":257,"357":257,"358":686,"359":1784,"360":134,"361":2,"362":132,"363":134,"364":134,"365":134,"366":552,"367":552,"368":552,"369":3,"370":3,"371":3,"372":135,"373":135,"374":135,"375":3,"376":3,"377":1,"378":1,"379":3,"380":3,"381":3,"382":3,"383":3,"384":3,"385":3,"386":3,"387":3,"388":3,"389":3,"390":3,"391":3,"392":3,"393":3,"394":3,"395":3,"396":3,"397":3,"398":3,"399":3,"400":3,"401":3,"402":3,"403":3,"404":3,"405":3,"406":3,"407":3,"408":0,"409":0,"410":0,"411":1,"412":1,"413":2,"414":2,"415":2,"416":2,"417":2,"418":2,"419":2,"420":2,"421":2,"422":1,"423":1,"424":6,"425":6,"426":1,"427":1,"428":1,"429":1,"430":1,"431":5,"432":5,"433":5,"434":5,"435":5,"436":2,"437":2,"438":2,"439":2,"440":2,"441":2,"442":2,"443":2,"444":2,"445":2,"446":2,"447":2,"448":2,"449":2,"450":2,"451":2,"452":2,"453":2,"454":2,"455":2,"456":1,"457":1,"458":1,"459":1,"460":1,"461":3,"462":3,"463":5,"464":2,"465":2,"466":5,"467":5,"468":5,"469":5,"470":5,"471":5,"472":1,"473":3,"474":3,"475":3,"476":3,"477":3,"478":3,"479":3,"480":3,"481":3,"482":3,"483":3,"484":3,"485":3,"486":3,"487":3,"488":3,"489":3,"490":3,"491":1,"492":1,"493":1,"494":1,"495":1,"496":1,"497":1,"498":1,"499":1,"500":1,"501":1,"502":1,"503":1,"504":1,"505":1,"506":1,"507":1,"508":1,"509":1,"510":1,"511":1,"512":1,"513":1,"514":1,"515":1,"516":1,"517":1,"518":1,"519":1,"520":1,"521":1,"522":1,"523":2,"524":2,"525":2,"526":2,"527":1,"528":1,"529":1,"530":1,"531":1,"532":1,"533":1,"534":1,"535":1,"536":1,"537":1,"538":1,"539":1,"540":4,"541":4,"542":4,"543":4,"544":4,"545":4,"546":4,"547":2,"548":2,"549":2,"550":2,"551":2,"552":1,"553":1,"554":1,"555":1,"556":1,"557":1,"558":1,"559":1,"560":1,"561":1,"562":1,"563":1,"564":1,"565":1,"566":1,"567":1,"568":1,"569":1,"570":1,"571":1,"572":1,"573":1,"574":1,"575":1,"576":1,"577":1,"578":1,"579":1,"580":1,"581":1,"582":1,"583":1,"584":1,"585":1,"586":1,"587":1,"588":1,"589":1,"590":1,"591":1,"592":1,"593":1,"594":1,"595":1,"596":1,"597":1,"598":1,"599":1,"600":1,"601":1,"602":0,"603":0,"604":0,"605":1,"606":2,"607":2,"608":2,"609":2,"610":2,"611":2,"612":2,"613":2,"614":2,"615":1,"616":1,"617":1,"618":1,"619":2,"620":2,"621":1,"622":1,"623":1,"624":1,"625":1,"626":1,"627":1,"628":1,"629":1,"630":1,"631":1,"632":1,"633":1,"634":1,"635":1,"636":1,"637":1,"638":1,"639":1,"640":1,"641":1,"642":1,"643":1,"644":1,"645":1,"646":0,"647":0,"648":0,"649":0,"650":1,"651":1,"652":1,"653":1,"654":1,"655":1,"656":1,"657":1,"658":1,"659":1,"660":1,"661":1,"662":1,"663":1,"664":1,"665":1,"666":1,"667":1,"668":1,"669":1,"670":1,"671":1,"672":1,"673":1,"674":1,"675":1,"676":0,"677":0,"678":0,"679":0,"680":0,"681":0,"682":0,"683":0,"684":0,"685":0,"686":0,"687":0,"688":0,"689":0,"690":0,"691":0,"692":0,"693":0,"694":0},"branchMap":{"0":{"type":"branch","line":77,"loc":{"start":{"line":77,"column":0},"end":{"line":83,"column":1}},"locations":[{"start":{"line":77,"column":0},"end":{"line":83,"column":1}}]},"1":{"type":"branch","line":78,"loc":{"start":{"line":78,"column":10},"end":{"line":78,"column":31}},"locations":[{"start":{"line":78,"column":10},"end":{"line":78,"column":31}}]},"2":{"type":"branch","line":82,"loc":{"start":{"line":82,"column":27},"end":{"line":82,"column":42}},"locations":[{"start":{"line":82,"column":27},"end":{"line":82,"column":42}}]},"3":{"type":"branch","line":85,"loc":{"start":{"line":85,"column":0},"end":{"line":98,"column":1}},"locations":[{"start":{"line":85,"column":0},"end":{"line":98,"column":1}}]},"4":{"type":"branch","line":86,"loc":{"start":{"line":86,"column":28},"end":{"line":90,"column":3}},"locations":[{"start":{"line":86,"column":28},"end":{"line":90,"column":3}}]},"5":{"type":"branch","line":90,"loc":{"start":{"line":90,"column":2},"end":{"line":95,"column":3}},"locations":[{"start":{"line":90,"column":2},"end":{"line":95,"column":3}}]},"6":{"type":"branch","line":94,"loc":{"start":{"line":94,"column":11},"end":{"line":94,"column":39}},"locations":[{"start":{"line":94,"column":11},"end":{"line":94,"column":39}}]},"7":{"type":"branch","line":94,"loc":{"start":{"line":94,"column":35},"end":{"line":94,"column":42}},"locations":[{"start":{"line":94,"column":35},"end":{"line":94,"column":42}}]},"8":{"type":"branch","line":95,"loc":{"start":{"line":95,"column":2},"end":{"line":98,"column":1}},"locations":[{"start":{"line":95,"column":2},"end":{"line":98,"column":1}}]},"9":{"type":"branch","line":88,"loc":{"start":{"line":88,"column":11},"end":{"line":88,"column":77}},"locations":[{"start":{"line":88,"column":11},"end":{"line":88,"column":77}}]},"10":{"type":"branch","line":100,"loc":{"start":{"line":100,"column":0},"end":{"line":102,"column":1}},"locations":[{"start":{"line":100,"column":0},"end":{"line":102,"column":1}}]},"11":{"type":"branch","line":104,"loc":{"start":{"line":104,"column":0},"end":{"line":111,"column":1}},"locations":[{"start":{"line":104,"column":0},"end":{"line":111,"column":1}}]},"12":{"type":"branch","line":106,"loc":{"start":{"line":106,"column":13},"end":{"line":106,"column":43}},"locations":[{"start":{"line":106,"column":13},"end":{"line":106,"column":43}}]},"13":{"type":"branch","line":113,"loc":{"start":{"line":113,"column":0},"end":{"line":116,"column":1}},"locations":[{"start":{"line":113,"column":0},"end":{"line":116,"column":1}}]},"14":{"type":"branch","line":115,"loc":{"start":{"line":115,"column":42},"end":{"line":115,"column":89}},"locations":[{"start":{"line":115,"column":42},"end":{"line":115,"column":89}}]},"15":{"type":"branch","line":115,"loc":{"start":{"line":115,"column":59},"end":{"line":115,"column":89}},"locations":[{"start":{"line":115,"column":59},"end":{"line":115,"column":89}}]},"16":{"type":"branch","line":118,"loc":{"start":{"line":118,"column":0},"end":{"line":130,"column":1}},"locations":[{"start":{"line":118,"column":0},"end":{"line":130,"column":1}}]},"17":{"type":"branch","line":120,"loc":{"start":{"line":120,"column":11},"end":{"line":130,"column":1}},"locations":[{"start":{"line":120,"column":11},"end":{"line":130,"column":1}}]},"18":{"type":"branch","line":132,"loc":{"start":{"line":132,"column":7},"end":{"line":134,"column":1}},"locations":[{"start":{"line":132,"column":7},"end":{"line":134,"column":1}}]},"19":{"type":"branch","line":136,"loc":{"start":{"line":136,"column":0},"end":{"line":143,"column":1}},"locations":[{"start":{"line":136,"column":0},"end":{"line":143,"column":1}}]},"20":{"type":"branch","line":145,"loc":{"start":{"line":145,"column":0},"end":{"line":153,"column":1}},"locations":[{"start":{"line":145,"column":0},"end":{"line":153,"column":1}}]},"21":{"type":"branch","line":155,"loc":{"start":{"line":155,"column":0},"end":{"line":196,"column":1}},"locations":[{"start":{"line":155,"column":0},"end":{"line":196,"column":1}}]},"22":{"type":"branch","line":165,"loc":{"start":{"line":165,"column":40},"end":{"line":193,"column":3}},"locations":[{"start":{"line":165,"column":40},"end":{"line":193,"column":3}}]},"23":{"type":"branch","line":166,"loc":{"start":{"line":166,"column":26},"end":{"line":192,"column":5}},"locations":[{"start":{"line":166,"column":26},"end":{"line":192,"column":5}}]},"24":{"type":"branch","line":167,"loc":{"start":{"line":167,"column":27},"end":{"line":178,"column":7}},"locations":[{"start":{"line":167,"column":27},"end":{"line":178,"column":7}}]},"25":{"type":"branch","line":173,"loc":{"start":{"line":173,"column":32},"end":{"line":173,"column":38}},"locations":[{"start":{"line":173,"column":32},"end":{"line":173,"column":38}}]},"26":{"type":"branch","line":176,"loc":{"start":{"line":176,"column":18},"end":{"line":176,"column":33}},"locations":[{"start":{"line":176,"column":18},"end":{"line":176,"column":33}}]},"27":{"type":"branch","line":180,"loc":{"start":{"line":180,"column":22},"end":{"line":191,"column":7}},"locations":[{"start":{"line":180,"column":22},"end":{"line":191,"column":7}}]},"28":{"type":"branch","line":186,"loc":{"start":{"line":186,"column":32},"end":{"line":186,"column":38}},"locations":[{"start":{"line":186,"column":32},"end":{"line":186,"column":38}}]},"29":{"type":"branch","line":189,"loc":{"start":{"line":189,"column":18},"end":{"line":189,"column":33}},"locations":[{"start":{"line":189,"column":18},"end":{"line":189,"column":33}}]},"30":{"type":"branch","line":198,"loc":{"start":{"line":198,"column":0},"end":{"line":237,"column":1}},"locations":[{"start":{"line":198,"column":0},"end":{"line":237,"column":1}}]},"31":{"type":"branch","line":234,"loc":{"start":{"line":234,"column":25},"end":{"line":234,"column":64}},"locations":[{"start":{"line":234,"column":25},"end":{"line":234,"column":64}}]},"32":{"type":"branch","line":235,"loc":{"start":{"line":235,"column":22},"end":{"line":235,"column":42}},"locations":[{"start":{"line":235,"column":22},"end":{"line":235,"column":42}}]},"33":{"type":"branch","line":205,"loc":{"start":{"line":205,"column":29},"end":{"line":205,"column":49}},"locations":[{"start":{"line":205,"column":29},"end":{"line":205,"column":49}}]},"34":{"type":"branch","line":205,"loc":{"start":{"line":205,"column":63},"end":{"line":205,"column":83}},"locations":[{"start":{"line":205,"column":63},"end":{"line":205,"column":83}}]},"35":{"type":"branch","line":209,"loc":{"start":{"line":209,"column":9},"end":{"line":228,"column":6}},"locations":[{"start":{"line":209,"column":9},"end":{"line":228,"column":6}}]},"36":{"type":"branch","line":213,"loc":{"start":{"line":213,"column":16},"end":{"line":213,"column":68}},"locations":[{"start":{"line":213,"column":16},"end":{"line":213,"column":68}}]},"37":{"type":"branch","line":214,"loc":{"start":{"line":214,"column":14},"end":{"line":214,"column":75}},"locations":[{"start":{"line":214,"column":14},"end":{"line":214,"column":75}}]},"38":{"type":"branch","line":214,"loc":{"start":{"line":214,"column":39},"end":{"line":214,"column":75}},"locations":[{"start":{"line":214,"column":39},"end":{"line":214,"column":75}}]},"39":{"type":"branch","line":215,"loc":{"start":{"line":215,"column":13},"end":{"line":215,"column":31}},"locations":[{"start":{"line":215,"column":13},"end":{"line":215,"column":31}}]},"40":{"type":"branch","line":217,"loc":{"start":{"line":217,"column":16},"end":{"line":217,"column":68}},"locations":[{"start":{"line":217,"column":16},"end":{"line":217,"column":68}}]},"41":{"type":"branch","line":218,"loc":{"start":{"line":218,"column":14},"end":{"line":218,"column":75}},"locations":[{"start":{"line":218,"column":14},"end":{"line":218,"column":75}}]},"42":{"type":"branch","line":218,"loc":{"start":{"line":218,"column":39},"end":{"line":218,"column":75}},"locations":[{"start":{"line":218,"column":39},"end":{"line":218,"column":75}}]},"43":{"type":"branch","line":219,"loc":{"start":{"line":219,"column":13},"end":{"line":219,"column":31}},"locations":[{"start":{"line":219,"column":13},"end":{"line":219,"column":31}}]},"44":{"type":"branch","line":223,"loc":{"start":{"line":223,"column":29},"end":{"line":223,"column":61}},"locations":[{"start":{"line":223,"column":29},"end":{"line":223,"column":61}}]},"45":{"type":"branch","line":223,"loc":{"start":{"line":223,"column":67},"end":{"line":223,"column":88}},"locations":[{"start":{"line":223,"column":67},"end":{"line":223,"column":88}}]},"46":{"type":"branch","line":224,"loc":{"start":{"line":224,"column":24},"end":{"line":224,"column":56}},"locations":[{"start":{"line":224,"column":24},"end":{"line":224,"column":56}}]},"47":{"type":"branch","line":224,"loc":{"start":{"line":224,"column":62},"end":{"line":224,"column":83}},"locations":[{"start":{"line":224,"column":62},"end":{"line":224,"column":83}}]},"48":{"type":"branch","line":239,"loc":{"start":{"line":239,"column":7},"end":{"line":242,"column":1}},"locations":[{"start":{"line":239,"column":7},"end":{"line":242,"column":1}}]},"49":{"type":"branch","line":241,"loc":{"start":{"line":241,"column":10},"end":{"line":241,"column":25}},"locations":[{"start":{"line":241,"column":10},"end":{"line":241,"column":25}}]},"50":{"type":"branch","line":244,"loc":{"start":{"line":244,"column":7},"end":{"line":248,"column":1}},"locations":[{"start":{"line":244,"column":7},"end":{"line":248,"column":1}}]},"51":{"type":"branch","line":245,"loc":{"start":{"line":245,"column":21},"end":{"line":245,"column":38}},"locations":[{"start":{"line":245,"column":21},"end":{"line":245,"column":38}}]},"52":{"type":"branch","line":250,"loc":{"start":{"line":250,"column":7},"end":{"line":267,"column":1}},"locations":[{"start":{"line":250,"column":7},"end":{"line":267,"column":1}}]},"53":{"type":"branch","line":253,"loc":{"start":{"line":253,"column":9},"end":{"line":265,"column":5}},"locations":[{"start":{"line":253,"column":9},"end":{"line":265,"column":5}}]},"54":{"type":"branch","line":255,"loc":{"start":{"line":255,"column":28},"end":{"line":255,"column":40}},"locations":[{"start":{"line":255,"column":28},"end":{"line":255,"column":40}}]},"55":{"type":"branch","line":258,"loc":{"start":{"line":258,"column":20},"end":{"line":258,"column":45}},"locations":[{"start":{"line":258,"column":20},"end":{"line":258,"column":45}}]},"56":{"type":"branch","line":263,"loc":{"start":{"line":263,"column":43},"end":{"line":263,"column":70}},"locations":[{"start":{"line":263,"column":43},"end":{"line":263,"column":70}}]},"57":{"type":"branch","line":263,"loc":{"start":{"line":263,"column":59},"end":{"line":263,"column":76}},"locations":[{"start":{"line":263,"column":59},"end":{"line":263,"column":76}}]},"58":{"type":"branch","line":266,"loc":{"start":{"line":266,"column":12},"end":{"line":266,"column":63}},"locations":[{"start":{"line":266,"column":12},"end":{"line":266,"column":63}}]},"59":{"type":"branch","line":269,"loc":{"start":{"line":269,"column":7},"end":{"line":377,"column":1}},"locations":[{"start":{"line":269,"column":7},"end":{"line":377,"column":1}}]},"60":{"type":"branch","line":324,"loc":{"start":{"line":324,"column":31},"end":{"line":369,"column":3}},"locations":[{"start":{"line":324,"column":31},"end":{"line":369,"column":3}}]},"61":{"type":"branch","line":328,"loc":{"start":{"line":328,"column":21},"end":{"line":354,"column":5}},"locations":[{"start":{"line":328,"column":21},"end":{"line":354,"column":5}}]},"62":{"type":"branch","line":330,"loc":{"start":{"line":330,"column":39},"end":{"line":330,"column":47}},"locations":[{"start":{"line":330,"column":39},"end":{"line":330,"column":47}}]},"63":{"type":"branch","line":332,"loc":{"start":{"line":332,"column":28},"end":{"line":335,"column":7}},"locations":[{"start":{"line":332,"column":28},"end":{"line":335,"column":7}}]},"64":{"type":"branch","line":335,"loc":{"start":{"line":335,"column":6},"end":{"line":340,"column":33}},"locations":[{"start":{"line":335,"column":6},"end":{"line":340,"column":33}}]},"65":{"type":"branch","line":340,"loc":{"start":{"line":340,"column":33},"end":{"line":343,"column":7}},"locations":[{"start":{"line":340,"column":33},"end":{"line":343,"column":7}}]},"66":{"type":"branch","line":341,"loc":{"start":{"line":341,"column":26},"end":{"line":341,"column":54}},"locations":[{"start":{"line":341,"column":26},"end":{"line":341,"column":54}}]},"67":{"type":"branch","line":341,"loc":{"start":{"line":341,"column":40},"end":{"line":341,"column":57}},"locations":[{"start":{"line":341,"column":40},"end":{"line":341,"column":57}}]},"68":{"type":"branch","line":343,"loc":{"start":{"line":343,"column":6},"end":{"line":345,"column":42}},"locations":[{"start":{"line":343,"column":6},"end":{"line":345,"column":42}}]},"69":{"type":"branch","line":345,"loc":{"start":{"line":345,"column":42},"end":{"line":347,"column":7}},"locations":[{"start":{"line":345,"column":42},"end":{"line":347,"column":7}}]},"70":{"type":"branch","line":347,"loc":{"start":{"line":347,"column":6},"end":{"line":349,"column":23}},"locations":[{"start":{"line":347,"column":6},"end":{"line":349,"column":23}}]},"71":{"type":"branch","line":349,"loc":{"start":{"line":349,"column":23},"end":{"line":351,"column":7}},"locations":[{"start":{"line":349,"column":23},"end":{"line":351,"column":7}}]},"72":{"type":"branch","line":351,"loc":{"start":{"line":351,"column":6},"end":{"line":354,"column":5}},"locations":[{"start":{"line":351,"column":6},"end":{"line":354,"column":5}}]},"73":{"type":"branch","line":354,"loc":{"start":{"line":354,"column":4},"end":{"line":356,"column":27}},"locations":[{"start":{"line":354,"column":4},"end":{"line":356,"column":27}}]},"74":{"type":"branch","line":356,"loc":{"start":{"line":356,"column":9},"end":{"line":356,"column":37}},"locations":[{"start":{"line":356,"column":9},"end":{"line":356,"column":37}}]},"75":{"type":"branch","line":356,"loc":{"start":{"line":356,"column":37},"end":{"line":358,"column":5}},"locations":[{"start":{"line":356,"column":37},"end":{"line":358,"column":5}}]},"76":{"type":"branch","line":358,"loc":{"start":{"line":358,"column":4},"end":{"line":360,"column":39}},"locations":[{"start":{"line":358,"column":4},"end":{"line":360,"column":39}}]},"77":{"type":"branch","line":360,"loc":{"start":{"line":360,"column":39},"end":{"line":366,"column":5}},"locations":[{"start":{"line":360,"column":39},"end":{"line":366,"column":5}}]},"78":{"type":"branch","line":361,"loc":{"start":{"line":361,"column":53},"end":{"line":362,"column":36}},"locations":[{"start":{"line":361,"column":53},"end":{"line":362,"column":36}}]},"79":{"type":"branch","line":362,"loc":{"start":{"line":362,"column":35},"end":{"line":363,"column":45}},"locations":[{"start":{"line":362,"column":35},"end":{"line":363,"column":45}}]},"80":{"type":"branch","line":363,"loc":{"start":{"line":363,"column":21},"end":{"line":363,"column":35}},"locations":[{"start":{"line":363,"column":21},"end":{"line":363,"column":35}}]},"81":{"type":"branch","line":366,"loc":{"start":{"line":366,"column":4},"end":{"line":369,"column":3}},"locations":[{"start":{"line":366,"column":4},"end":{"line":369,"column":3}}]},"82":{"type":"branch","line":277,"loc":{"start":{"line":277,"column":24},"end":{"line":286,"column":4}},"locations":[{"start":{"line":277,"column":24},"end":{"line":286,"column":4}}]},"83":{"type":"branch","line":278,"loc":{"start":{"line":278,"column":18},"end":{"line":283,"column":5}},"locations":[{"start":{"line":278,"column":18},"end":{"line":283,"column":5}}]},"84":{"type":"branch","line":288,"loc":{"start":{"line":288,"column":21},"end":{"line":300,"column":4}},"locations":[{"start":{"line":288,"column":21},"end":{"line":300,"column":4}}]},"85":{"type":"branch","line":290,"loc":{"start":{"line":290,"column":86},"end":{"line":290,"column":93}},"locations":[{"start":{"line":290,"column":86},"end":{"line":290,"column":93}}]},"86":{"type":"branch","line":293,"loc":{"start":{"line":293,"column":25},"end":{"line":295,"column":11}},"locations":[{"start":{"line":293,"column":25},"end":{"line":295,"column":11}}]},"87":{"type":"branch","line":295,"loc":{"start":{"line":295,"column":4},"end":{"line":297,"column":5}},"locations":[{"start":{"line":295,"column":4},"end":{"line":297,"column":5}}]},"88":{"type":"branch","line":302,"loc":{"start":{"line":302,"column":26},"end":{"line":322,"column":4}},"locations":[{"start":{"line":302,"column":26},"end":{"line":322,"column":4}}]},"89":{"type":"branch","line":303,"loc":{"start":{"line":303,"column":18},"end":{"line":303,"column":25}},"locations":[{"start":{"line":303,"column":18},"end":{"line":303,"column":25}}]},"90":{"type":"branch","line":303,"loc":{"start":{"line":303,"column":18},"end":{"line":309,"column":37}},"locations":[{"start":{"line":303,"column":18},"end":{"line":309,"column":37}}]},"91":{"type":"branch","line":309,"loc":{"start":{"line":309,"column":36},"end":{"line":310,"column":30}},"locations":[{"start":{"line":309,"column":36},"end":{"line":310,"column":30}}]},"92":{"type":"branch","line":310,"loc":{"start":{"line":310,"column":12},"end":{"line":313,"column":17}},"locations":[{"start":{"line":310,"column":12},"end":{"line":313,"column":17}}]},"93":{"type":"branch","line":311,"loc":{"start":{"line":311,"column":20},"end":{"line":312,"column":25}},"locations":[{"start":{"line":311,"column":20},"end":{"line":312,"column":25}}]},"94":{"type":"branch","line":372,"loc":{"start":{"line":372,"column":28},"end":{"line":376,"column":3}},"locations":[{"start":{"line":372,"column":28},"end":{"line":376,"column":3}}]},"95":{"type":"branch","line":373,"loc":{"start":{"line":373,"column":66},"end":{"line":373,"column":105}},"locations":[{"start":{"line":373,"column":66},"end":{"line":373,"column":105}}]},"96":{"type":"branch","line":374,"loc":{"start":{"line":374,"column":65},"end":{"line":374,"column":109}},"locations":[{"start":{"line":374,"column":65},"end":{"line":374,"column":109}}]},"97":{"type":"branch","line":379,"loc":{"start":{"line":379,"column":7},"end":{"line":411,"column":1}},"locations":[{"start":{"line":379,"column":7},"end":{"line":411,"column":1}}]},"98":{"type":"branch","line":389,"loc":{"start":{"line":389,"column":48},"end":{"line":389,"column":70}},"locations":[{"start":{"line":389,"column":48},"end":{"line":389,"column":70}}]},"99":{"type":"branch","line":395,"loc":{"start":{"line":395,"column":30},"end":{"line":395,"column":39}},"locations":[{"start":{"line":395,"column":30},"end":{"line":395,"column":39}}]},"100":{"type":"branch","line":398,"loc":{"start":{"line":398,"column":22},"end":{"line":398,"column":31}},"locations":[{"start":{"line":398,"column":22},"end":{"line":398,"column":31}}]},"101":{"type":"branch","line":405,"loc":{"start":{"line":405,"column":58},"end":{"line":405,"column":66}},"locations":[{"start":{"line":405,"column":58},"end":{"line":405,"column":66}}]},"102":{"type":"branch","line":406,"loc":{"start":{"line":406,"column":48},"end":{"line":406,"column":56}},"locations":[{"start":{"line":406,"column":48},"end":{"line":406,"column":56}}]},"103":{"type":"branch","line":408,"loc":{"start":{"line":408,"column":2},"end":{"line":411,"column":1}},"locations":[{"start":{"line":408,"column":2},"end":{"line":411,"column":1}}]},"104":{"type":"branch","line":386,"loc":{"start":{"line":386,"column":12},"end":{"line":386,"column":33}},"locations":[{"start":{"line":386,"column":12},"end":{"line":386,"column":33}}]},"105":{"type":"branch","line":387,"loc":{"start":{"line":387,"column":10},"end":{"line":387,"column":43}},"locations":[{"start":{"line":387,"column":10},"end":{"line":387,"column":43}}]},"106":{"type":"branch","line":394,"loc":{"start":{"line":394,"column":48},"end":{"line":394,"column":89}},"locations":[{"start":{"line":394,"column":48},"end":{"line":394,"column":89}}]},"107":{"type":"branch","line":413,"loc":{"start":{"line":413,"column":7},"end":{"line":422,"column":1}},"locations":[{"start":{"line":413,"column":7},"end":{"line":422,"column":1}}]},"108":{"type":"branch","line":424,"loc":{"start":{"line":424,"column":7},"end":{"line":426,"column":1}},"locations":[{"start":{"line":424,"column":7},"end":{"line":426,"column":1}}]},"109":{"type":"branch","line":428,"loc":{"start":{"line":428,"column":7},"end":{"line":430,"column":1}},"locations":[{"start":{"line":428,"column":7},"end":{"line":430,"column":1}}]},"110":{"type":"branch","line":432,"loc":{"start":{"line":432,"column":0},"end":{"line":472,"column":1}},"locations":[{"start":{"line":432,"column":0},"end":{"line":472,"column":1}}]},"111":{"type":"branch","line":436,"loc":{"start":{"line":436,"column":10},"end":{"line":461,"column":3}},"locations":[{"start":{"line":436,"column":10},"end":{"line":461,"column":3}}]},"112":{"type":"branch","line":456,"loc":{"start":{"line":456,"column":9},"end":{"line":456,"column":46}},"locations":[{"start":{"line":456,"column":9},"end":{"line":456,"column":46}}]},"113":{"type":"branch","line":456,"loc":{"start":{"line":456,"column":41},"end":{"line":456,"column":64}},"locations":[{"start":{"line":456,"column":41},"end":{"line":456,"column":64}}]},"114":{"type":"branch","line":456,"loc":{"start":{"line":456,"column":64},"end":{"line":461,"column":3}},"locations":[{"start":{"line":456,"column":64},"end":{"line":461,"column":3}}]},"115":{"type":"branch","line":461,"loc":{"start":{"line":461,"column":2},"end":{"line":464,"column":22}},"locations":[{"start":{"line":461,"column":2},"end":{"line":464,"column":22}}]},"116":{"type":"branch","line":464,"loc":{"start":{"line":464,"column":15},"end":{"line":464,"column":27}},"locations":[{"start":{"line":464,"column":15},"end":{"line":464,"column":27}}]},"117":{"type":"branch","line":464,"loc":{"start":{"line":464,"column":22},"end":{"line":467,"column":47}},"locations":[{"start":{"line":464,"column":22},"end":{"line":467,"column":47}}]},"118":{"type":"branch","line":467,"loc":{"start":{"line":467,"column":36},"end":{"line":467,"column":54}},"locations":[{"start":{"line":467,"column":36},"end":{"line":467,"column":54}}]},"119":{"type":"branch","line":468,"loc":{"start":{"line":468,"column":41},"end":{"line":468,"column":52}},"locations":[{"start":{"line":468,"column":41},"end":{"line":468,"column":52}}]},"120":{"type":"branch","line":469,"loc":{"start":{"line":469,"column":22},"end":{"line":469,"column":61}},"locations":[{"start":{"line":469,"column":22},"end":{"line":469,"column":61}}]},"121":{"type":"branch","line":443,"loc":{"start":{"line":443,"column":14},"end":{"line":443,"column":31}},"locations":[{"start":{"line":443,"column":14},"end":{"line":443,"column":31}}]},"122":{"type":"branch","line":474,"loc":{"start":{"line":474,"column":0},"end":{"line":527,"column":1}},"locations":[{"start":{"line":474,"column":0},"end":{"line":527,"column":1}}]},"123":{"type":"branch","line":491,"loc":{"start":{"line":491,"column":10},"end":{"line":523,"column":3}},"locations":[{"start":{"line":491,"column":10},"end":{"line":523,"column":3}}]},"124":{"type":"branch","line":523,"loc":{"start":{"line":523,"column":2},"end":{"line":527,"column":1}},"locations":[{"start":{"line":523,"column":2},"end":{"line":527,"column":1}}]},"125":{"type":"branch","line":529,"loc":{"start":{"line":529,"column":0},"end":{"line":539,"column":1}},"locations":[{"start":{"line":529,"column":0},"end":{"line":539,"column":1}}]},"126":{"type":"branch","line":541,"loc":{"start":{"line":541,"column":0},"end":{"line":552,"column":1}},"locations":[{"start":{"line":541,"column":0},"end":{"line":552,"column":1}}]},"127":{"type":"branch","line":547,"loc":{"start":{"line":547,"column":6},"end":{"line":547,"column":31}},"locations":[{"start":{"line":547,"column":6},"end":{"line":547,"column":31}}]},"128":{"type":"branch","line":547,"loc":{"start":{"line":547,"column":31},"end":{"line":552,"column":1}},"locations":[{"start":{"line":547,"column":31},"end":{"line":552,"column":1}}]},"129":{"type":"branch","line":554,"loc":{"start":{"line":554,"column":0},"end":{"line":605,"column":1}},"locations":[{"start":{"line":554,"column":0},"end":{"line":605,"column":1}}]},"130":{"type":"branch","line":561,"loc":{"start":{"line":561,"column":11},"end":{"line":561,"column":28}},"locations":[{"start":{"line":561,"column":11},"end":{"line":561,"column":28}}]},"131":{"type":"branch","line":592,"loc":{"start":{"line":592,"column":18},"end":{"line":592,"column":41}},"locations":[{"start":{"line":592,"column":18},"end":{"line":592,"column":41}}]},"132":{"type":"branch","line":592,"loc":{"start":{"line":592,"column":41},"end":{"line":592,"column":50}},"locations":[{"start":{"line":592,"column":41},"end":{"line":592,"column":50}}]},"133":{"type":"branch","line":599,"loc":{"start":{"line":599,"column":71},"end":{"line":599,"column":79}},"locations":[{"start":{"line":599,"column":71},"end":{"line":599,"column":79}}]},"134":{"type":"branch","line":600,"loc":{"start":{"line":600,"column":61},"end":{"line":600,"column":69}},"locations":[{"start":{"line":600,"column":61},"end":{"line":600,"column":69}}]},"135":{"type":"branch","line":602,"loc":{"start":{"line":602,"column":2},"end":{"line":605,"column":1}},"locations":[{"start":{"line":602,"column":2},"end":{"line":605,"column":1}}]},"136":{"type":"branch","line":599,"loc":{"start":{"line":599,"column":44},"end":{"line":599,"column":62}},"locations":[{"start":{"line":599,"column":44},"end":{"line":599,"column":62}}]},"137":{"type":"branch","line":600,"loc":{"start":{"
[...]
02},"end":{"line":625,"column":122}},"locations":[{"start":{"line":625,"column":102},"end":{"line":625,"column":122}}]},"145":{"type":"branch","line":638,"loc":{"start":{"line":638,"column":30},"end":{"line":638,"column":53}},"locations":[{"start":{"line":638,"column":30},"end":{"line":638,"column":53}}]},"146":{"type":"branch","line":639,"loc":{"start":{"line":639,"column":22},"end":{"line":639,"column":37}},"locations":[{"start":{"line":639,"column":22},"end":{"line":639,"column":37}}]},"147":{"type":"branch","line":646,"loc":{"start":{"line":646,"column":2},"end":{"line":650,"column":1}},"locations":[{"start":{"line":646,"column":2},"end":{"line":650,"column":1}}]}},"b":{"0":[34],"1":[0],"2":[0],"3":[921],"4":[771],"5":[150],"6":[148],"7":[2],"8":[0],"9":[1529],"10":[365],"11":[352],"12":[348],"13":[12],"14":[6],"15":[0],"16":[12],"17":[6],"18":[8],"19":[3],"20":[6],"21":[1],"22":[2],"23":[2],"24":[3],"25":[0],"26":[0],"27":[3],"28":[0],"29":[0],"30":[1],"31":[0],"32":[0],"33":[3],"34":[3],"35":[1],"36":[3],"37":[2],"38":[1],"39":[3],"40":[3],"41":[2],"42":[1],"43":[3],"44":[3],"45":[3],"46":[3],"47":[3],"48":[4],"49":[1],"50":[11],"51":[0],"52":[10],"53":[82],"54":[0],"55":[11],"56":[71],"57":[11],"58":[82],"59":[3],"60":[1784],"61":[841],"62":[139],"63":[135],"64":[706],"65":[135],"66":[133],"67":[2],"68":[571],"69":[0],"70":[571],"71":[569],"72":[571],"73":[943],"74":[686],"75":[257],"76":[686],"77":[134],"78":[2],"79":[132],"80":[0],"81":[552],"82":[1258],"83":[135],"84":[552],"85":[0],"86":[2],"87":[550],"88":[138],"89":[3],"90":[135],"91":[133],"92":[2],"93":[0],"94":[135],"95":[2],"96":[0],"97":[3],"98":[0],"99":[0],"100":[0],"101":[0],"102":[0],"103":[0],"104":[7],"105":[4],"106":[7],"107":[2],"108":[6],"109":[1],"110":[5],"111":[2],"112":[1],"113":[1],"114":[1],"115":[3],"116":[1],"117":[2],"118":[0],"119":[0],"120":[0],"121":[2],"122":[3],"123":[1],"124":[2],"125":[1],"126":[4],"127":[2],"128":[2],"129":[1],"130":[0],"131":[0],"132":[0],"133":[0],"134":[0],"135":[0],"136":[3],"137":[3],"138":[2],"139":[1],"140":[0],"141":[1],"142":[0],"143":[0],"144":[0],"145":[0],"146":[0],"147":[0]},"fnMap":{"0":{"name":"sanitizeProfile","decl":{"start":{"line":77,"column":0},"end":{"line":83,"column":1}},"loc":{"start":{"line":77,"column":0},"end":{"line":83,"column":1}},"line":77},"1":{"name":"normalizeTextArray","decl":{"start":{"line":85,"column":0},"end":{"line":98,"column":1}},"loc":{"start":{"line":85,"column":0},"end":{"line":98,"column":1}},"line":85},"2":{"name":"normalizeHashtagValue","decl":{"start":{"line":100,"column":0},"end":{"line":102,"column":1}},"loc":{"start":{"line":100,"column":0},"end":{"line":102,"column":1}},"line":100},"3":{"name":"normalizeHashtags","decl":{"start":{"line":104,"column":0},"end":{"line":111,"column":1}},"loc":{"start":{"line":104,"column":0},"end":{"line":111,"column":1}},"line":104},"4":{"name":"getD1Database","decl":{"start":{"line":113,"column":0},"end":{"line":116,"column":1}},"loc":{"start":{"line":113,"column":0},"end":{"line":116,"column":1}},"line":113},"5":{"name":"getDrizzleDb","decl":{"start":{"line":118,"column":0},"end":{"line":130,"column":1}},"loc":{"start":{"line":118,"column":0},"end":{"line":130,"column":1}},"line":118},"6":{"name":"resetDatabaseRuntimeState","decl":{"start":{"line":132,"column":7},"end":{"line":134,"column":1}},"loc":{"start":{"line":132,"column":7},"end":{"line":134,"column":1}},"line":132},"7":{"name":"buildProfilePayload","decl":{"start":{"line":136,"column":0},"end":{"line":143,"column":1}},"loc":{"start":{"line":136,"column":0},"end":{"line":143,"column":1}},"line":136},"8":{"name":"buildTextRowId","decl":{"start":{"line":145,"column":0},"end":{"line":153,"column":1}},"loc":{"start":{"line":145,"column":0},"end":{"line":153,"column":1}},"line":145},"9":{"name":"flattenRulesToTextRows","decl":{"start":{"line":155,"column":0},"end":{"line":196,"column":1}},"loc":{"start":{"line":155,"column":0},"end":{"line":196,"column":1}},"line":155},"10":{"name":"rebuildProfileFromD1Rows","decl":{"start":{"line":198,"column":0},"end":{"line":237,"column":1}},"loc":{"start":{"line":198,"column":0},"end":{"line":237,"column":1}},"line":198},"11":{"name":"extractHashtags","decl":{"start":{"line":239,"column":7},"end":{"line":242,"column":1}},"loc":{"start":{"line":239,"column":7},"end":{"line":242,"column":1}},"line":239},"12":{"name":"selectRandomOne","decl":{"start":{"line":244,"column":7},"end":{"line":248,"column":1}},"loc":{"start":{"line":244,"column":7},"end":{"line":248,"column":1}},"line":244},"13":{"name":"normalizeResponseRules","decl":{"start":{"line":250,"column":7},"end":{"line":267,"column":1}},"loc":{"start":{"line":250,"column":7},"end":{"line":267,"column":1}},"line":250},"14":{"name":"parseMechDocument","decl":{"start":{"line":269,"column":7},"end":{"line":377,"column":1}},"loc":{"start":{"line":269,"column":7},"end":{"line":377,"column":1}},"line":269},"15":{"name":"ensureCurrent","decl":{"start":{"line":277,"column":24},"end":{"line":286,"column":4}},"loc":{"start":{"line":277,"column":24},"end":{"line":286,"column":4}},"line":277},"16":{"name":"appendLine","decl":{"start":{"line":288,"column":21},"end":{"line":300,"column":4}},"loc":{"start":{"line":288,"column":21},"end":{"line":300,"column":4}},"line":288},"17":{"name":"finalizeCurrent","decl":{"start":{"line":302,"column":26},"end":{"line":322,"column":4}},"loc":{"start":{"line":302,"column":26},"end":{"line":322,"column":4}},"line":302},"18":{"name":"matchResponseByHashtags","decl":{"start":{"line":379,"column":7},"end":{"line":411,"column":1}},"loc":{"start":{"line":379,"column":7},"end":{"line":411,"column":1}},"line":379},"19":{"name":"matchResponseForPostText","decl":{"start":{"line":413,"column":7},"end":{"line":422,"column":1}},"loc":{"start":{"line":413,"column":7},"end":{"line":422,"column":1}},"line":413},"20":{"name":"profileStorageKey","decl":{"start":{"line":424,"column":7},"end":{"line":426,"column":1}},"loc":{"start":{"line":424,"column":7},"end":{"line":426,"column":1}},"line":424},"21":{"name":"responseLogStorageKey","decl":{"start":{"line":428,"column":7},"end":{"line":430,"column":1}},"loc":{"start":{"line":428,"column":7},"end":{"line":430,"column":1}},"line":428},"22":{"name":"getInstagramResponseProfile","decl":{"start":{"line":432,"column":0},"end":{"line":472,"column":1}},"loc":{"start":{"line":432,"column":0},"end":{"line":472,"column":1}},"line":432},"23":{"name":"putInstagramResponseProfile","decl":{"start":{"line":474,"column":0},"end":{"line":527,"column":1}},"loc":{"start":{"line":474,"column":0},"end":{"line":527,"column":1}},"line":474},"24":{"name":"seedInstagramResponseProfileFromMech","decl":{"start":{"line":529,"column":0},"end":{"line":539,"column":1}},"loc":{"start":{"line":529,"column":0},"end":{"line":539,"column":1}},"line":529},"25":{"name":"ensureInstagramResponseProfile","decl":{"start":{"line":541,"column":0},"end":{"line":552,"column":1}},"loc":{"start":{"line":541,"column":0},"end":{"line":552,"column":1}},"line":541},"26":{"name":"resolveInstagramResponseFromD1","decl":{"start":{"line":554,"column":0},"end":{"line":605,"column":1}},"loc":{"start":{"line":554,"column":0},"end":{"line":605,"column":1}},"line":554},"27":{"name":"resolveInstagramResponse","decl":{"start":{"line":607,"column":0},"end":{"line":621,"column":1}},"loc":{"start":{"line":607,"column":0},"end":{"line":621,"column":1}},"line":607},"28":{"name":"recordInstagramResponse","decl":{"start":{"line":623,"column":0},"end":{"line":650,"column":1}},"loc":{"start":{"line":623,"column":0},"end":{"line":650,"column":1}},"line":623},"29":{"name":"run","decl":{"start":{"line":677,"column":0},"end":{"line":695,"column":1}},"loc":{"start":{"line":677,"column":0},"end":{"line":695,"column":1}},"line":677}},"f":{"0":34,"1":921,"2":365,"3":352,"4":12,"5":12,"6":8,"7":3,"8":6,"9":1,"10":1,"11":4,"12":11,"13":10,"14":3,"15":1258,"16":552,"17":138,"18":3,"19":2,"20":6,"21":1,"22":5,"23":3,"24":1,"25":4,"26":1,"27":2,"28":1,"29":0}}
,"/home/gnu/brain/components/database/src/schema.ts": {"path":"/home/gnu/brain/components/database/src/schema.ts","all":false,"statementMap":{"0":{"start":{"line":1,"column":0},"end":{"line":1,"column":76}},"1":{"start":{"line":2,"column":0},"end":{"line":2,"column":0}},"2":{"start":{"line":3,"column":0},"end":{"line":3,"column":85}},"3":{"start":{"line":4,"column":0},"end":{"line":4,"column":40}},"4":{"start":{"line":5,"column":0},"end":{"line":5,"column":37}},"5":{"start":{"line":6,"column":0},"end":{"line":6,"column":25}},"6":{"start":{"line":7,"column":0},"end":{"line":7,"column":42}},"7":{"start":{"line":8,"column":0},"end":{"line":8,"column":3}},"8":{"start":{"line":9,"column":0},"end":{"line":9,"column":0}},"9":{"start":{"line":10,"column":0},"end":{"line":10,"column":60}},"10":{"start":{"line":11,"column":0},"end":{"line":11,"column":40}},"11":{"start":{"line":12,"column":0},"end":{"line":12,"column":3}},"12":{"start":{"line":13,"column":0},"end":{"line":13,"column":32}},"13":{"start":{"line":14,"column":0},"end":{"line":14,"column":39}},"14":{"start":{"line":15,"column":0},"end":{"line":15,"column":39}},"15":{"start":{"line":16,"column":0},"end":{"line":16,"column":35}},"16":{"start":{"line":17,"column":0},"end":{"line":17,"column":51}},"17":{"start":{"line":18,"column":0},"end":{"line":18,"column":55}},"18":{"start":{"line":19,"column":0},"end":{"line":19,"column":44}},"19":{"start":{"line":20,"column":0},"end":{"line":20,"column":27}},"20":{"start":{"line":21,"column":0},"end":{"line":21,"column":4}},"21":{"start":{"line":22,"column":0},"end":{"line":22,"column":15}},"22":{"start":{"line":23,"column":0},"end":{"line":23,"column":108}},"23":{"start":{"line":24,"column":0},"end":{"line":24,"column":20}},"24":{"start":{"line":25,"column":0},"end":{"line":25,"column":20}},"25":{"start":{"line":26,"column":0},"end":{"line":26,"column":19}},"26":{"start":{"line":27,"column":0},"end":{"line":27,"column":20}},"27":{"start":{"line":28,"column":0},"end":{"line":28,"column":6}},"28":{"start":{"line":29,"column":0},"end":{"line":29,"column":4}},"29":{"start":{"line":30,"column":0},"end":{"line":30,"column":2}},"30":{"start":{"line":31,"column":0},"end":{"line":31,"column":0}},"31":{"start":{"line":32,"column":0},"end":{"line":32,"column":55}},"32":{"start":{"line":33,"column":0},"end":{"line":33,"column":35}},"33":{"start":{"line":34,"column":0},"end":{"line":34,"column":3}},"34":{"start":{"line":35,"column":0},"end":{"line":35,"column":32}},"35":{"start":{"line":36,"column":0},"end":{"line":36,"column":39}},"36":{"start":{"line":37,"column":0},"end":{"line":37,"column":39}},"37":{"start":{"line":38,"column":0},"end":{"line":38,"column":35}},"38":{"start":{"line":39,"column":0},"end":{"line":39,"column":51}},"39":{"start":{"line":40,"column":0},"end":{"line":40,"column":55}},"40":{"start":{"line":41,"column":0},"end":{"line":41,"column":44}},"41":{"start":{"line":42,"column":0},"end":{"line":42,"column":27}},"42":{"start":{"line":43,"column":0},"end":{"line":43,"column":4}},"43":{"start":{"line":44,"column":0},"end":{"line":44,"column":15}},"44":{"start":{"line":45,"column":0},"end":{"line":45,"column":103}},"45":{"start":{"line":46,"column":0},"end":{"line":46,"column":20}},"46":{"start":{"line":47,"column":0},"end":{"line":47,"column":20}},"47":{"start":{"line":48,"column":0},"end":{"line":48,"column":19}},"48":{"start":{"line":49,"column":0},"end":{"line":49,"column":20}},"49":{"start":{"line":50,"column":0},"end":{"line":50,"column":6}},"50":{"start":{"line":51,"column":0},"end":{"line":51,"column":4}},"51":{"start":{"line":52,"column":0},"end":{"line":52,"column":2}},"52":{"start":{"line":53,"column":0},"end":{"line":53,"column":0}},"53":{"start":{"line":54,"column":0},"end":{"line":54,"column":49}},"54":{"start":{"line":55,"column":0},"end":{"line":55,"column":28}},"55":{"start":{"line":56,"column":0},"end":{"line":56,"column":3}},"56":{"start":{"line":57,"column":0},"end":{"line":57,"column":32}},"57":{"start":{"line":58,"column":0},"end":{"line":58,"column":39}},"58":{"start":{"line":59,"column":0},"end":{"line":59,"column":44}},"59":{"start":{"line":60,"column":0},"end":{"line":60,"column":28}},"60":{"start":{"line":61,"column":0},"end":{"line":61,"column":32}},"61":{"start":{"line":62,"column":0},"end":{"line":62,"column":39}},"62":{"start":{"line":63,"column":0},"end":{"line":63,"column":46}},"63":{"start":{"line":64,"column":0},"end":{"line":64,"column":4}},"64":{"start":{"line":65,"column":0},"end":{"line":65,"column":15}},"65":{"start":{"line":66,"column":0},"end":{"line":66,"column":86}},"66":{"start":{"line":67,"column":0},"end":{"line":67,"column":20}},"67":{"start":{"line":68,"column":0},"end":{"line":68,"column":22}},"68":{"start":{"line":69,"column":0},"end":{"line":69,"column":6}},"69":{"start":{"line":70,"column":0},"end":{"line":70,"column":4}},"70":{"start":{"line":71,"column":0},"end":{"line":71,"column":2}}},"s":{"0":1,"1":1,"2":1,"3":1,"4":1,"5":1,"6":1,"7":1,"8":1,"9":1,"10":1,"11":1,"12":1,"13":1,"14":1,"15":1,"16":1,"17":1,"18":1,"19":1,"20":1,"21":1,"22":6,"23":6,"24":6,"25":6,"26":6,"27":6,"28":6,"29":1,"30":1,"31":1,"32":1,"33":1,"34":1,"35":1,"36":1,"37":1,"38":1,"39":1,"40":1,"41":1,"42":1,"43":1,"44":6,"45":6,"46":6,"47":6,"48":6,"49":6,"50":6,"51":1,"52":1,"53":1,"54":1,"55":1,"56":1,"57":1,"58":1,"59":1,"60":1,"61":1,"62":1,"63":1,"64":1,"65":6,"66":6,"67":6,"68":6,"69":6,"70":1},"branchMap":{"0":{"type":"branch","line":22,"loc":{"start":{"line":22,"column":2},"end":{"line":29,"column":4}},"locations":[{"start":{"line":22,"column":2},"end":{"line":29,"column":4}}]},"1":{"type":"branch","line":44,"loc":{"start":{"line":44,"column":2},"end":{"line":51,"column":4}},"locations":[{"start":{"line":44,"column":2},"end":{"line":51,"column":4}}]},"2":{"type":"branch","line":65,"loc":{"start":{"line":65,"column":2},"end":{"line":70,"column":4}},"locations":[{"start":{"line":65,"column":2},"end":{"line":70,"column":4}}]}},"b":{"0":[6],"1":[6],"2":[6]},"fnMap":{},"f":{}}
,"/home/gnu/brain/components/database/src/worker.ts": {"path":"/home/gnu/brain/components/database/src/worker.ts","all":true,"statementMap":{"0":{"start":{"line":1,"column":0},"end":{"line":1,"column":8}},"1":{"start":{"line":2,"column":0},"end":{"line":2,"column":23}},"2":{"start":{"line":3,"column":0},"end":{"line":3,"column":27}},"3":{"start":{"line":4,"column":0},"end":{"line":4,"column":22}},"4":{"start":{"line":5,"column":0},"end":{"line":5,"column":19}},"5":{"start":{"line":6,"column":0},"end":{"line":6,"column":10}},"6":{"start":{"line":7,"column":0},"end":{"line":7,"column":19}},"7":{"start":{"line":8,"column":0},"end":{"line":8,"column":33}},"8":{"start":{"line":9,"column":0},"end":{"line":9,"column":0}},"9":{"start":{"line":10,"column":0},"end":{"line":10,"column":28}},"10":{"start":{"line":11,"column":0},"end":{"line":11,"column":23}},"11":{"start":{"line":12,"column":0},"end":{"line":12,"column":0}},"12":{"start":{"line":13,"column":0},"end":{"line":13,"column":47}},"13":{"start":{"line":14,"column":0},"end":{"line":14,"column":37}},"14":{"start":{"line":15,"column":0},"end":{"line":15,"column":37}},"15":{"start":{"line":16,"column":0},"end":{"line":16,"column":36}},"16":{"start":{"line":17,"column":0},"end":{"line":17,"column":39}},"17":{"start":{"line":18,"column":0},"end":{"line":18,"column":35}},"18":{"start":{"line":19,"column":0},"end":{"line":19,"column":36}},"19":{"start":{"line":20,"column":0},"end":{"line":20,"column":38}},"20":{"start":{"line":21,"column":0},"end":{"line":21,"column":37}},"21":{"start":{"line":22,"column":0},"end":{"line":22,"column":1}},"22":{"start":{"line":23,"column":0},"end":{"line":23,"column":0}},"23":{"start":{"line":24,"column":0},"end":{"line":24,"column":47}},"24":{"start":{"line":25,"column":0},"end":{"line":25,"column":39}},"25":{"start":{"line":26,"column":0},"end":{"line":26,"column":47}},"26":{"start":{"line":27,"column":0},"end":{"line":27,"column":0}},"27":{"start":{"line":28,"column":0},"end":{"line":28,"column":53}},"28":{"start":{"line":29,"column":0},"end":{"line":29,"column":38}},"29":{"start":{"line":30,"column":0},"end":{"line":30,"column":33}},"30":{"start":{"line":31,"column":0},"end":{"line":31,"column":7}},"31":{"start":{"line":32,"column":0},"end":{"line":32,"column":5}},"32":{"start":{"line":33,"column":0},"end":{"line":33,"column":0}},"33":{"start":{"line":34,"column":0},"end":{"line":34,"column":54}},"34":{"start":{"line":35,"column":0},"end":{"line":35,"column":3}},"35":{"start":{"line":36,"column":0},"end":{"line":36,"column":0}},"36":{"start":{"line":37,"column":0},"end":{"line":37,"column":20}},"37":{"start":{"line":38,"column":0},"end":{"line":38,"column":26}},"38":{"start":{"line":39,"column":0},"end":{"line":39,"column":17}},"39":{"start":{"line":40,"column":0},"end":{"line":40,"column":31}},"40":{"start":{"line":41,"column":0},"end":{"line":41,"column":11}},"41":{"start":{"line":42,"column":0},"end":{"line":42,"column":28}},"42":{"start":{"line":43,"column":0},"end":{"line":43,"column":8}},"43":{"start":{"line":44,"column":0},"end":{"line":44,"column":15}},"44":{"start":{"line":45,"column":0},"end":{"line":45,"column":63}},"45":{"start":{"line":46,"column":0},"end":{"line":46,"column":72}},"46":{"start":{"line":47,"column":0},"end":{"line":47,"column":60}},"47":{"start":{"line":48,"column":0},"end":{"line":48,"column":63}},"48":{"start":{"line":49,"column":0},"end":{"line":49,"column":69}},"49":{"start":{"line":50,"column":0},"end":{"line":50,"column":66}},"50":{"start":{"line":51,"column":0},"end":{"line":51,"column":8}},"51":{"start":{"line":52,"column":0},"end":{"line":52,"column":6}},"52":{"start":{"line":53,"column":0},"end":{"line":53,"column":5}},"53":{"start":{"line":54,"column":0},"end":{"line":54,"column":1}},"54":{"start":{"line":55,"column":0},"end":{"line":55,"column":0}},"55":{"start":{"line":56,"column":0},"end":{"line":56,"column":16}},"56":{"start":{"line":57,"column":0},"end":{"line":57,"column":43}},"57":{"start":{"line":58,"column":0},"end":{"line":58,"column":36}},"58":{"start":{"line":59,"column":0},"end":{"line":59,"column":37}},"59":{"start":{"line":60,"column":0},"end":{"line":60,"column":0}},"60":{"start":{"line":61,"column":0},"end":{"line":61,"column":37}},"61":{"start":{"line":62,"column":0},"end":{"line":62,"column":32}},"62":{"start":{"line":63,"column":0},"end":{"line":63,"column":5}},"63":{"start":{"line":64,"column":0},"end":{"line":64,"column":0}},"64":{"start":{"line":65,"column":0},"end":{"line":65,"column":49}},"65":{"start":{"line":66,"column":0},"end":{"line":66,"column":4}},"66":{"start":{"line":67,"column":0},"end":{"line":67,"column":0}},"67":{"start":{"line":68,"column":0},"end":{"line":68,"column":41}},"68":{"start":{"line":69,"column":0},"end":{"line":69,"column":36}},"69":{"start":{"line":70,"column":0},"end":{"line":70,"column":33}},"70":{"start":{"line":71,"column":0},"end":{"line":71,"column":25}},"71":{"start":{"line":72,"column":0},"end":{"line":72,"column":4}},"72":{"start":{"line":73,"column":0},"end":{"line":73,"column":2}}},"s":{"0":0,"1":0,"2":0,"3":0,"4":0,"5":0,"6":0,"7":0,"8":0,"9":0,"10":0,"11":0,"12":0,"13":0,"14":0,"15":0,"16":0,"17":0,"18":0,"19":0,"20":0,"21":0,"22":0,"23":0,"24":0,"25":0,"26":0,"27":0,"28":0,"29":0,"30":0,"31":0,"32":0,"33":0,"34":0,"35":0,"36":0,"37":0,"38":0,"39":0,"40":0,"41":0,"42":0,"43":0,"44":0,"45":0,"46":0,"47":0,"48":0,"49":0,"50":0,"51":0,"52":0,"53":0,"54":0,"55":0,"56":0,"57":0,"58":0,"59":0,"60":0,"61":0,"62":0,"63":0,"64":0,"65":0,"66":0,"67":0,"68":0,"69":0,"70":0,"71":0,"72":0},"branchMap":{"0":{"type":"branch","line":1,"loc":{"start":{"line":1,"column":1922},"end":{"line":73,"column":2}},"locations":[{"start":{"line":1,"column":1922},"end":{"line":73,"column":2}}]}},"b":{"0":[0]},"fnMap":{"0":{"name":"(empty-report)","decl":{"start":{"line":1,"column":1922},"end":{"line":73,"column":2}},"loc":{"start":{"line":1,"column":1922},"end":{"line":73,"column":2}},"line":1}},"f":{"0":0}}
}
